['PacI', 0, 0, 1]
['NarI', 0, 0, 1]
['SacII', 0, 0, 2]
['XmaIII', 0, 0, 1]
['KasI', 0, 0, 1]
['MluI', 0, 0, 1]
['BalI', 0, 0, 2]
['Bsp120I', 0, 0, 2]
['PasI', 0, 0, 1]
['SmlI', 0, 0, 13]
['EspI', 0, 0, 2]
['XhoII', 0, 0, 6]
['XhoI', 0, 0, 1]
['Bsp1407I', 0, 0, 2]
['AhaIII', 0, 0, 8]
['DrdI', 0, 0, 1]
['PpuMI', 0, 0, 2]
['McrI', 0, 0, 2]
['DraIII', 0, 1, 0]
['SnaBI', 0, 1, 27]
['MfeI', 0, 1, 3]
['AlwNI', 0, 1, 0]
['PcsI', 1, 0, 1]
['PmaCI', 0, 1, 0]
['NdeI', 0, 1, 2]
['ZraI', 0, 1, 1]
['EcoT22I', 0, 1, 2]
['AatII', 0, 1, 1]
['Acc65I', 0, 1, 0]
['AloI', 1, 0, 2]
['Eco57I', 0, 1, 4]
['BtrI', 0, 1, 1]
['BtgZI', 0, 1, 1]
['BstXI', 1, 0, 1]
['BsiI', 1, 0, 5]
['AclI', 1, 0, 0]
['PstI', 0, 1, 0]
['MroNI', 0, 1, 0]
['Cfr10I', 0, 1, 1]
['AvaI', 0, 1, 1]
['ClaI', 1, 0, 3]
['AarI', 0, 1, 0]
['PspXI', 0, 1, 0]
['NspBII', 0, 1, 3]
['NmeAIII', 1, 0, 1]
['PpiI', 1, 0, 2]
['BstAPI', 1, 0, 3]
['KflI', 0, 1, 0]
['PvuII', 0, 1, 1]
['SphI', 0, 1, 1]
['CspCI', 1, 0, 1]
['EcoRI', 0, 1, 1]
['AflII', 0, 1, 1]
['BsrBI', 0, 1, 1]
['GsuI', 1, 0, 2]
['BbvCI', 1, 0, 1]
['BsmI', 1, 1, 8]
['FnuDII', 1, 1, 6]
['BcgI', 1, 1, 0]
['AlfI', 0, 2, 0]
['SacI', 2, 0, 1]
['Tth111I', 1, 1, 2]
['BciVI', 1, 1, 7]
['BfoI', 1, 1, 1]
['Eco57MI', 1, 1, 6]
['EcoRV', 1, 1, 0]
['EcoP15I', 1, 1, 6]
['DinI', 1, 1, 0]
['BsgI', 1, 1, 1]
['XcmI', 1, 1, 0]
['BaeI', 1, 1, 3]
['BplI', 2, 0, 4]
['HindIII', 1, 1, 3]
['ArsI', 1, 1, 1]
['AjuI', 1, 1, 2]
['Esp3I', 1, 1, 2]
['Ecl136II', 2, 0, 1]
['BseYI', 2, 0, 2]
['BmtI', 1, 1, 1]
['BstEII', 1, 1, 1]
['GsaI', 2, 0, 2]
['AsuII', 1, 1, 2]
['TauI', 0, 2, 9]
['NheI', 1, 1, 1]
['EcoNI', 2, 0, 2]
['HgaI', 0, 2, 3]
['EciI', 1, 1, 2]
['PflMI', 2, 0, 0]
['ApaI', 0, 2, 2]
['Bpu10I', 1, 1, 4]
['MlyI', 1, 2, 12]
['BfiI', 2, 1, 5]
['BspHI', 0, 3, 2]
['XmnI', 2, 1, 3]
['BsrDI', 2, 1, 0]
['Hpy99I', 1, 2, 3]
['BspMII', 1, 2, 0]
['StuI', 1, 2, 7]
['CauII', 2, 1, 4]
['NcoI', 1, 2, 0]
['BarI', 3, 0, 2]
['BglI', 0, 3, 2]
['HpaI', 3, 0, 2]
['BbvII', 1, 2, 2]
['CfrI', 2, 1, 6]
['OliI', 0, 3, 1]
['ApaLI', 1, 2, 0]
['Hin6I', 1, 2, 5]
['AvrII', 2, 1, 8]
['XbaI', 0, 3, 4]
['BamHI', 3, 0, 0]
['BtsI', 2, 1, 3]
['BspLU11I', 2, 1, 2]
['HhaI', 2, 2, 4]
['Fnu4HI', 1, 3, 23]
['BlsI', 1, 3, 23]
['MmeI', 1, 3, 9]
['TstI', 2, 2, 2]
['StyI', 1, 3, 13]
['GlaI', 2, 2, 4]
['TseI', 1, 3, 14]
['BspMI', 2, 2, 0]
['Eco31I', 3, 1, 4]
['BbvI', 2, 2, 13]
['SauI', 2, 2, 0]
['BsaBI', 1, 3, 1]
['DsaI', 1, 3, 5]
['BetI', 2, 2, 2]
['PleI', 2, 3, 11]
['Ksp632I', 4, 1, 8]
['FauI', 2, 3, 11]
['BaeGI', 1, 4, 4]
['DraII', 1, 4, 2]
['HgiCI', 2, 3, 4]
['HpaII', 3, 2, 10]
['Bce83I', 4, 2, 7]
['MwoI', 2, 4, 27]
['HgiJII', 3, 3, 9]
['TaqII', 0, 6, 10]
['BclI', 2, 4, 3]
['FalI', 5, 1, 3]
['AvaII', 0, 6, 5]
['AcyI', 2, 4, 1]
['ScaI', 4, 2, 2]
['BsmAI', 3, 4, 13]
['BssNAI', 5, 2, 1]
['NspI', 4, 3, 5]
['HgiAI', 5, 2, 3]
['BseRI', 5, 3, 6]
['TspGWI', 4, 4, 6]
['MslI', 4, 4, 9]
['ApoI', 3, 5, 17]
['BmsI', 5, 3, 12]
['SpeI', 4, 5, 5]
['BsaXI', 3, 6, 7]
['TaiI', 3, 6, 39]
['SfeI', 4, 5, 7]
['AanI', 6, 3, 7]
['SduI', 6, 3, 13]
['HindII', 6, 4, 6]
['Hpy188I', 6, 4, 38]
['TaqI', 8, 2, 26]
['BdaI', 3, 7, 5]
['AgsI', 6, 4, 43]
['BslFI', 2, 8, 5]
['NlaIV', 2, 9, 20]
['CviRI', 5, 6, 28]
['Tsp45I', 6, 5, 16]
['TfiI', 3, 8, 26]
['MaeII', 4, 7, 38]
['VspI', 6, 6, 11]
['Hin4II', 6, 6, 18]
['TatI', 9, 3, 11]
['AccI', 8, 4, 3]
['BsiYI', 8, 4, 22]
['BciT130I', 5, 8, 9]
['BssKI', 6, 7, 14]
['BinI', 9, 4, 10]
['BsrI', 8, 5, 13]
['TscAI', 8, 5, 12]
['SspI', 7, 7, 5]
['EcoRII', 6, 8, 8]
['BmgT120I', 2, 12, 15]
['Cac8I', 5, 9, 14]
['ScrFI', 7, 9, 13]
['BtsIMutI', 10, 6, 10]
['BceAI', 11, 5, 12]
['SecI', 9, 8, 19]
['DpnI', 7, 10, 23]
['HinfI', 4, 13, 38]
['MboII', 10, 9, 35]
['BstKTI', 9, 10, 21]
['BseMII', 13, 6, 17]
['BspCNI', 13, 6, 17]
['Tsp4CI', 9, 11, 20]
['Hin4I', 13, 8, 26]
['MboI', 10, 11, 20]
['Hpy178III', 8, 14, 26]
['AsuI', 4, 18, 13]
['SplI', 0, 22, 0]
['MjaIV', 13, 10, 50]
['MaeIII', 15, 9, 29]
['AciI', 12, 12, 33]
['HaeIII', 12, 12, 26]
['FatI', 13, 12, 42]
['TsoI', 12, 14, 11]
['DdeI', 16, 10, 39]
['BccI', 13, 14, 16]
['TspDTI', 10, 18, 44]
['MseI', 15, 13, 104]
['NlaIII', 13, 16, 42]
['BsaAI', 1, 28, 28]
['CviAII', 13, 16, 42]
['AluBI', 16, 14, 58]
['Csp6I', 13, 17, 48]
['AflIII', 4, 26, 5]
['FokI', 18, 12, 17]
['MaeI', 17, 15, 71]
['BseGI', 21, 12, 14]
['HphI', 17, 18, 24]
['RsaI', 34, 17, 27]
['MnlI', 31, 31, 96]
['MluCI', 32, 36, 91]
['CviJI', 35, 36, 218]
['SetI', 52, 40, 197]
['LpnPI', 48, 46, 138]
['FaiI', 96, 81, 294]
['SgeI', 181, 196, 913]
['MspJI', 465, 446, 2577]
