15	18	+	MseI	TTAA	15	17	.	.
71	83	-	ArsI	GACNNNNNNTTYG	96	91	63	58
84	87	+	MaeI	CTAG	84	86	.	.
75	87	-	SgeI	CNNGNNNNNNNNN	98	74	.	.
84	87	-	MspJI	CNNR	70	74	.	.
131	140	+	OliI	CACNNNNGTG	135	135	.	.
136	142	+	TscAI	CASTGNN	142	133	.	.
136	140	+	BtsIMutI	CAGTG	142	140	.	.
126	138	-	SgeI	CNNGNNNNNNNNN	149	125	.	.
135	138	-	MspJI	CNNR	121	125	.	.
135	139	-	BsrI	ACTGG	135	133	.	.
134	139	-	BfiI	ACTGGG	129	128	.	.
158	161	+	FaiI	YATR	159	159	.	.
164	167	-	MspJI	CNNR	150	154	.	.
207	210	+	FaiI	YATR	208	208	.	.
283	286	+	CviJI	RGCY	284	284	.	.
281	284	-	MspJI	CNNR	267	271	.	.
312	315	-	MspJI	CNNR	298	302	.	.
305	317	-	SgeI	CNNGNNNNNNNNN	328	304	.	.
346	350	+	TfiI	GAWTC	346	349	.	.
343	346	-	MspJI	CNNR	329	333	.	.
346	350	+	HinfI	GANTC	346	349	.	.
390	393	+	FaiI	YATR	391	391	.	.
403	408	+	ApoI	RAATTY	403	407	.	.
404	407	+	MluCI	AATT	403	407	.	.
428	432	+	Tsp4CI	ACNGT	430	429	.	.
542	545	+	MluCI	AATT	541	545	.	.
577	580	+	MspJI	CNNR	589	593	.	.
577	580	+	MaeI	CTAG	577	579	.	.
568	580	-	SgeI	CNNGNNNNNNNNN	591	567	.	.
577	580	-	MspJI	CNNR	563	567	.	.
742	747	+	SspI	AATATT	744	744	.	.
779	783	+	TspDTI	ATGAA	794	792	.	.
769	781	-	SgeI	CNNGNNNNNNNNN	792	768	.	.
778	781	-	MspJI	CNNR	764	768	.	.
809	814	+	TsoI	TARCCA	825	823	.	.
964	969	+	SspI	AATATT	966	966	.	.
986	991	+	MjaIV	GTNNAC	988	988	.	.
991	994	+	MspJI	CNNR	1003	1007	.	.
1068	1071	+	MseI	TTAA	1068	1070	.	.
1059	1069	-	FalI	AAGNNNNNCTT	1082	1077	1022	1017
1070	1073	+	MluCI	AATT	1069	1073	.	.
1102	1106	-	TspDTI	ATGAA	1092	1090	.	.
1106	1109	+	FaiI	YATR	1107	1107	.	.
1109	1114	+	VspI	ATTAAT	1110	1112	.	.
1121	1124	-	MspJI	CNNR	1107	1111	.	.
1165	1169	+	Tsp4CI	ACNGT	1167	1166	.	.
1168	1172	+	Tsp45I	GTSAC	1167	1172	.	.
1168	1172	+	MaeIII	GTNAC	1167	1172	.	.
1170	1173	+	MspJI	CNNR	1182	1186	.	.
1187	1190	+	MseI	TTAA	1187	1189	.	.
1270	1275	+	ApoI	RAATTY	1270	1274	.	.
1271	1274	+	MluCI	AATT	1270	1274	.	.
1300	1303	+	SetI	ASST	1303	1299	.	.
1302	1305	+	MspJI	CNNR	1314	1318	.	.
1304	1307	+	FaiI	YATR	1305	1305	.	.
1389	1392	+	MspJI	CNNR	1401	1405	.	.
1387	1390	-	MspJI	CNNR	1373	1377	.	.
1439	1443	+	TfiI	GAWTC	1439	1442	.	.
1439	1443	+	HinfI	GANTC	1439	1442	.	.
1441	1444	-	MspJI	CNNR	1427	1431	.	.
1537	1540	+	MspJI	CNNR	1549	1553	.	.
1689	1694	+	TaqII	CACCCA	1705	1703	.	.
1711	1714	+	FaiI	YATR	1712	1712	.	.
1754	1759	+	AanI	TTATAA	1756	1756	.	.
1755	1758	+	FaiI	YATR	1756	1756	.	.
1778	1790	-	SgeI	CNNGNNNNNNNNN	1801	1777	.	.
1787	1790	-	MspJI	CNNR	1773	1777	.	.
1823	1828	+	HindII	GTYRAC	1825	1825	.	.
1824	1827	+	MseI	TTAA	1824	1826	.	.
1837	1843	+	TscAI	CASTGNN	1843	1834	.	.
1837	1841	-	BtsIMutI	CAGTG	1836	1834	.	.
1864	1867	+	FaiI	YATR	1865	1865	.	.
1879	1884	+	SspI	AATATT	1881	1881	.	.
1885	1888	+	MspJI	CNNR	1897	1901	.	.
1895	1898	+	MspJI	CNNR	1907	1911	.	.
1904	1916	-	SgeI	CNNGNNNNNNNNN	1927	1903	.	.
1913	1916	-	MspJI	CNNR	1899	1903	.	.
1913	1916	-	LpnPI	CCDG	1898	1902	.	.
1916	1921	+	NspI	RCATGY	1920	1916	.	.
1916	1921	+	Cac8I	GCNNGC	1918	1918	.	.
1916	1921	+	SphI	GCATGC	1920	1916	.	.
1917	1920	+	MspJI	CNNR	1929	1933	.	.
1917	1920	+	FatI	CATG	1916	1920	.	.
1917	1920	+	FaiI	YATR	1918	1918	.	.
1917	1920	+	NlaIII	CATG	1920	1916	.	.
1917	1920	+	CviAII	CATG	1917	1919	.	.
1908	1920	-	SgeI	CNNGNNNNNNNNN	1931	1907	.	.
2003	2006	+	MspJI	CNNR	2015	2019	.	.
2003	2006	+	FaiI	YATR	2004	2004	.	.
2190	2193	+	FaiI	YATR	2191	2191	.	.
2242	2247	+	TsoI	TARCCA	2258	2256	.	.
2249	2252	+	MspJI	CNNR	2261	2265	.	.
2257	2260	-	MspJI	CNNR	2243	2247	.	.
2264	2274	+	BglI	GCCNNNNNGGC	2270	2267	.	.
2269	2273	+	BssKI	CCNGG	2268	2273	.	.
2269	2273	+	ScrFI	CCNGG	2270	2271	.	.
2269	2273	+	BciT130I	CCWGG	2270	2271	.	.
2269	2273	+	EcoRII	CCWGG	2268	2273	.	.
2270	2282	+	SgeI	CNNGNNNNNNNNN	2282	2258	.	.
2270	2273	+	MspJI	CNNR	2282	2286	.	.
2272	2275	+	CviJI	RGCY	2273	2273	.	.
2272	2275	+	HaeIII	GGCC	2273	2273	.	.
2261	2273	-	SgeI	CNNGNNNNNNNNN	2284	2260	.	.
2270	2273	-	MspJI	CNNR	2256	2260	.	.
2270	2273	-	LpnPI	CCDG	2255	2259	.	.
2274	2277	+	MspJI	CNNR	2286	2290	.	.
2285	2288	+	MspJI	CNNR	2297	2301	.	.
2295	2298	-	MspJI	CNNR	2281	2285	.	.
2357	2361	+	Hpy188I	TCNGA	2359	2358	.	.
2357	2360	-	MspJI	CNNR	2343	2347	.	.
2359	2362	-	MspJI	CNNR	2345	2349	.	.
2358	2362	-	BspCNI	CTCAG	2350	2348	.	.
2358	2362	-	BseMII	CTCAG	2349	2347	.	.
2360	2364	-	BsmAI	GTCTC	2354	2358	.	.
2382	2385	+	MspJI	CNNR	2394	2398	.	.
2378	2382	-	HgaI	GACGC	2367	2372	.	.
2390	2395	+	VspI	ATTAAT	2391	2393	.	.
2393	2396	+	MluCI	AATT	2392	2396	.	.
2405	2408	+	MluCI	AATT	2404	2408	.	.
2528	2533	+	VspI	ATTAAT	2529	2531	.	.
2648	2654	+	DraII	RGGNCCY	2649	2652	.	.
2649	2653	+	AsuI	GGNCC	2649	2652	.	.
2647	2650	-	MspJI	CNNR	2633	2637	.	.
2658	2663	+	SfeI	CTRYAG	2658	2662	.	.
2652	2664	-	SgeI	CNNGNNNNNNNNN	2675	2651	.	.
2670	2673	+	MspJI	CNNR	2682	2686	.	.
2670	2674	+	DdeI	CTNAG	2670	2673	.	.
2671	2674	-	MspJI	CNNR	2657	2661	.	.
2686	2696	+	Hin4I	GAYNNNNNVTC	2677	2672	2634	2629
2702	2707	+	TsoI	TARCCA	2718	2716	.	.
2696	2708	-	SgeI	CNNGNNNNNNNNN	2719	2695	.	.
2705	2708	-	MspJI	CNNR	2691	2695	.	.
2705	2709	-	BsrI	ACTGG	2705	2703	.	.
2718	2721	+	MspJI	CNNR	2730	2734	.	.
2721	2724	+	FaiI	YATR	2722	2722	.	.
2783	2786	+	SetI	ASST	2786	2782	.	.
2826	2831	+	AanI	TTATAA	2828	2828	.	.
2842	2845	+	MspJI	CNNR	2854	2858	.	.
2942	2946	+	BmgT120I	GGNCC	2943	2944	.	.
2942	2947	+	HgiJII	GRGCYC	2946	2942	.	.
2942	2947	+	BaeGI	GKGCMC	2946	2942	.	.
2942	2946	+	AsuI	GGNCC	2942	2945	.	.
2942	2947	+	ApaI	GGGCCC	2946	2942	.	.
2940	2943	-	MspJI	CNNR	2926	2930	.	.
2943	2946	+	CviJI	RGCY	2944	2944	.	.
2943	2946	+	HaeIII	GGCC	2944	2944	.	.
2943	2947	+	BmgT120I	GGNCC	2944	2945	.	.
2943	2947	+	AsuI	GGNCC	2943	2946	.	.
2970	2978	+	AlwNI	CAGNNNCTG	2975	2972	.	.
2984	2989	+	Ksp632I	CTCTTC	2990	2993	.	.
2989	2992	+	MspJI	CNNR	3001	3005	.	.
2985	2989	-	MboII	GAAGA	2977	2976	.	.
3003	3006	-	MspJI	CNNR	2989	2993	.	.
3032	3035	-	MspJI	CNNR	3018	3022	.	.
3037	3040	+	FaiI	YATR	3038	3038	.	.
3053	3065	-	SgeI	CNNGNNNNNNNNN	3076	3052	.	.
3062	3065	-	MspJI	CNNR	3048	3052	.	.
3067	3070	+	MspJI	CNNR	3079	3083	.	.
3076	3080	+	TspDTI	ATGAA	3091	3089	.	.
3137	3140	+	MspJI	CNNR	3149	3153	.	.
3137	3140	+	MaeI	CTAG	3137	3139	.	.
3128	3140	-	SgeI	CNNGNNNNNNNNN	3151	3127	.	.
3137	3140	-	MspJI	CNNR	3123	3127	.	.
3138	3150	-	SgeI	CNNGNNNNNNNNN	3161	3137	.	.
3147	3150	-	MspJI	CNNR	3133	3137	.	.
3154	3157	+	CviJI	RGCY	3155	3155	.	.
3154	3157	+	AluBI	AGCT	3155	3155	.	.
3143	3155	-	SgeI	CNNGNNNNNNNNN	3166	3142	.	.
3152	3155	-	MspJI	CNNR	3138	3142	.	.
3169	3172	+	MspJI	CNNR	3181	3185	.	.
3171	3174	-	MspJI	CNNR	3157	3161	.	.
3176	3181	+	Hpy178III	TCNNGA	3177	3179	.	.
3176	3181	+	BetI	WCCGGW	3176	3180	.	.
3176	3181	+	BspMII	TCCGGA	3176	3180	.	.
3177	3180	+	HpaII	CCGG	3177	3179	.	.
3178	3181	+	MspJI	CNNR	3190	3194	.	.
3174	3178	-	BinI	GGATC	3168	3169	.	.
3176	3179	-	MspJI	CNNR	3162	3166	.	.
3179	3183	+	FokI	GGATG	3192	3196	.	.
3179	3183	+	BseGI	GGATG	3185	3183	.	.
3168	3180	-	SgeI	CNNGNNNNNNNNN	3191	3167	.	.
3177	3180	-	MspJI	CNNR	3163	3167	.	.
3177	3180	-	LpnPI	CCDG	3162	3166	.	.
3183	3187	+	BmgT120I	GGNCC	3184	3185	.	.
3183	3187	+	AsuI	GGNCC	3183	3186	.	.
3184	3187	+	HaeIII	GGCC	3185	3185	.	.
3180	3184	-	BccI	CCATC	3174	3175	.	.
3182	3185	-	MspJI	CNNR	3168	3172	.	.
3210	3214	+	Hpy188I	TCNGA	3212	3211	.	.
3211	3214	+	MspJI	CNNR	3223	3227	.	.
3220	3223	-	MspJI	CNNR	3206	3210	.	.
3258	3263	+	TsoI	TARCCA	3274	3272	.	.
3261	3265	+	BccI	CCATC	3269	3270	.	.
3265	3269	-	FokI	GGATG	3251	3255	.	.
3265	3269	-	BseGI	GGATG	3264	3262	.	.
3280	3283	+	MspJI	CNNR	3292	3296	.	.
3343	3346	+	MluCI	AATT	3342	3346	.	.
3358	3361	+	SetI	ASST	3361	3357	.	.
3364	3367	+	SetI	ASST	3367	3363	.	.
3364	3367	+	CviJI	RGCY	3365	3365	.	.
3364	3367	+	AluBI	AGCT	3365	3365	.	.
3362	3365	-	MspJI	CNNR	3348	3352	.	.
3374	3385	+	BdaI	TGANNNNNNTCA	3363	3361	3318	3316
3372	3375	-	MspJI	CNNR	3358	3362	.	.
3374	3385	-	BdaI	TGANNNNNNTCA	3397	3395	3284	3282
3386	3389	+	SetI	ASST	3389	3385	.	.
3387	3393	+	Bpu10I	CCTNAGC	3388	3391	.	.
3388	3392	+	DdeI	CTNAG	3388	3391	.	.
3431	3435	+	HinfI	GANTC	3431	3434	.	.
3436	3439	+	MspJI	CNNR	3448	3452	.	.
3434	3437	-	MspJI	CNNR	3420	3424	.	.
3447	3450	-	LpnPI	CCDG	3432	3436	.	.
3529	3532	+	MnlI	CCTC	3539	3538	.	.
3532	3535	+	MspJI	CNNR	3544	3548	.	.
3574	3579	+	Hpy178III	TCNNGA	3575	3577	.	.
3610	3613	+	MnlI	CCTC	3620	3619	.	.
3613	3616	+	MspJI	CNNR	3625	3629	.	.
3634	3638	+	TspDTI	ATGAA	3649	3647	.	.
3633	3636	-	MspJI	CNNR	3619	3623	.	.
3636	3641	+	EcoRI	GAATTC	3636	3640	.	.
3636	3641	+	ApoI	RAATTY	3636	3640	.	.
3637	3640	+	MluCI	AATT	3636	3640	.	.
3632	3644	-	SgeI	CNNGNNNNNNNNN	3655	3631	.	.
3665	3668	-	MspJI	CNNR	3651	3655	.	.
3682	3685	+	MspJI	CNNR	3694	3698	.	.
3673	3685	-	SgeI	CNNGNNNNNNNNN	3696	3672	.	.
3682	3685	-	MspJI	CNNR	3668	3672	.	.
3706	3709	+	MspJI	CNNR	3718	3722	.	.
3697	3709	-	SgeI	CNNGNNNNNNNNN	3720	3696	.	.
3706	3709	-	MspJI	CNNR	3692	3696	.	.
3731	3734	+	FaiI	YATR	3732	3732	.	.
3755	3760	+	Cac8I	GCNNGC	3757	3757	.	.
3754	3757	-	MspJI	CNNR	3740	3744	.	.
3747	3759	-	SgeI	CNNGNNNNNNNNN	3770	3746	.	.
3760	3764	-	FokI	GGATG	3746	3750	.	.
3760	3764	-	BseGI	GGATG	3759	3757	.	.
3768	3771	+	MspJI	CNNR	3780	3784	.	.
3774	3777	+	FaiI	YATR	3775	3775	.	.
3886	3890	-	MboII	GAAGA	3878	3877	.	.
3881	3893	-	SgeI	CNNGNNNNNNNNN	3904	3880	.	.
3940	3943	+	MluCI	AATT	3939	3943	.	.
3942	3945	+	MseI	TTAA	3942	3944	.	.
3996	3999	+	MluCI	AATT	3995	3999	.	.
3998	4001	+	MseI	TTAA	3998	4000	.	.
4042	4046	+	BslFI	GGGAC	4056	4060	.	.
4031	4043	-	SgeI	CNNGNNNNNNNNN	4054	4030	.	.
4040	4043	-	MspJI	CNNR	4026	4030	.	.
4040	4043	-	LpnPI	CCDG	4025	4029	.	.
4069	4073	-	BtsIMutI	CAGTG	4068	4066	.	.
4121	4125	+	BccI	CCATC	4129	4130	.	.
4122	4126	-	FokI	GGATG	4108	4112	.	.
4122	4126	-	BseGI	GGATG	4121	4119	.	.
4141	4144	+	CviJI	RGCY	4142	4142	.	.
4139	4142	-	MspJI	CNNR	4125	4129	.	.
4145	4148	-	MspJI	CNNR	4131	4135	.	.
4138	4150	-	SgeI	CNNGNNNNNNNNN	4161	4137	.	.
4151	4156	+	MfeI	CAATTG	4151	4155	.	.
4152	4155	+	MluCI	AATT	4151	4155	.	.
4154	4158	+	AgsI	TTSAA	4156	4155	.	.
4161	4164	+	CviJI	RGCY	4162	4162	.	.
4164	4167	+	MspJI	CNNR	4176	4180	.	.
4188	4194	+	TscAI	CASTGNN	4194	4185	.	.
4188	4192	-	BtsIMutI	CAGTG	4187	4185	.	.
4188	4193	-	BtsI	GCAGTG	4187	4185	.	.
4203	4206	+	MspJI	CNNR	4215	4219	.	.
4221	4224	+	MspJI	CNNR	4233	4237	.	.
4221	4224	+	FaiI	YATR	4222	4222	.	.
4226	4229	+	SetI	ASST	4229	4225	.	.
4251	4254	+	CviJI	RGCY	4252	4252	.	.
4260	4264	-	FokI	GGATG	4246	4250	.	.
4260	4264	-	BseGI	GGATG	4259	4257	.	.
4269	4272	+	MspJI	CNNR	4281	4285	.	.
4358	4362	+	HinfI	GANTC	4358	4361	.	.
4360	4364	-	BslFI	GGGAC	4345	4349	.	.
4383	4386	+	MspJI	CNNR	4395	4399	.	.
4392	4395	-	MspJI	CNNR	4378	4382	.	.
4395	4406	+	AlfI	GCANNNNNNTGC	4384	4382	4330	4328
4401	4404	+	MluCI	AATT	4400	4404	.	.
4395	4406	-	AlfI	GCANNNNNNTGC	4418	4416	4296	4294
4408	4411	+	MnlI	CCTC	4418	4417	.	.
4414	4417	-	MspJI	CNNR	4400	4404	.	.
4422	4425	+	Csp6I	GTAC	4422	4424	.	.
4422	4425	+	RsaI	GTAC	4423	4423	.	.
4425	4428	+	MspJI	CNNR	4437	4441	.	.
4431	4434	+	CviJI	RGCY	4432	4432	.	.
4436	4439	+	MnlI	CCTC	4446	4445	.	.
4461	4464	+	MluCI	AATT	4460	4464	.	.
4477	4480	-	MspJI	CNNR	4463	4467	.	.
4485	4488	+	MluCI	AATT	4484	4488	.	.
4493	4497	-	BccI	CCATC	4487	4488	.	.
4495	4498	-	MspJI	CNNR	4481	4485	.	.
4499	4505	+	DraII	RGGNCCY	4500	4503	.	.
4499	4504	+	NlaIV	GGNNCC	4501	4501	.	.
4500	4504	+	AsuI	GGNCC	4500	4503	.	.
4566	4569	+	DpnI	GATC	4567	4567	.	.
4566	4569	+	BstKTI	GATC	4568	4566	.	.
4566	4569	+	MboI	GATC	4565	4569	.	.
4559	4569	-	Hin4I	GAYNNNNNVTC	4582	4577	4462	4457
4572	4575	+	MspJI	CNNR	4584	4588	.	.
4570	4574	-	BceAI	ACGGC	4555	4557	.	.
4579	4584	+	BspLU11I	ACATGT	4579	4583	.	.
4579	4584	+	NspI	RCATGY	4583	4579	.	.
4579	4584	+	AflIII	ACRYGT	4579	4583	.	.
4580	4583	+	FatI	CATG	4579	4583	.	.
4580	4583	+	FaiI	YATR	4581	4581	.	.
4580	4583	+	NlaIII	CATG	4583	4579	.	.
4580	4583	+	CviAII	CATG	4580	4582	.	.
4571	4583	-	SgeI	CNNGNNNNNNNNN	4594	4570	.	.
4583	4587	+	MaeIII	GTNAC	4582	4587	.	.
4587	4590	+	MspJI	CNNR	4599	4603	.	.
4596	4601	+	SspI	AATATT	4598	4598	.	.
4690	4693	+	MspJI	CNNR	4702	4706	.	.
4694	4697	+	MspJI	CNNR	4706	4710	.	.
4694	4697	+	FatI	CATG	4693	4697	.	.
4694	4697	+	FaiI	YATR	4695	4695	.	.
4694	4697	+	NlaIII	CATG	4697	4693	.	.
4694	4697	+	CviAII	CATG	4694	4696	.	.
4685	4697	-	SgeI	CNNGNNNNNNNNN	4708	4684	.	.
4715	4719	-	HphI	GGTGA	4707	4706	.	.
4737	4740	+	FaiI	YATR	4738	4738	.	.
4738	4750	-	SgeI	CNNGNNNNNNNNN	4761	4737	.	.
4747	4750	-	MspJI	CNNR	4733	4737	.	.
4776	4779	+	FaiI	YATR	4777	4777	.	.
4774	4778	-	TspDTI	ATGAA	4764	4762	.	.
4782	4785	+	MspJI	CNNR	4794	4798	.	.
4794	4798	-	BseGI	GGATG	4793	4791	.	.
4800	4803	+	MspJI	CNNR	4812	4816	.	.
4789	4801	-	SgeI	CNNGNNNNNNNNN	4812	4788	.	.
4798	4801	-	MspJI	CNNR	4784	4788	.	.
4826	4831	+	PstI	CTGCAG	4830	4826	.	.
4826	4831	+	SfeI	CTRYAG	4826	4830	.	.
4827	4830	+	CviRI	TGCA	4828	4828	.	.
4833	4838	+	SspI	AATATT	4835	4835	.	.
4837	4841	-	TspDTI	ATGAA	4827	4825	.	.
4843	4853	+	MwoI	GCNNNNNNNGC	4849	4846	.	.
4863	4866	+	MspJI	CNNR	4875	4879	.	.
4903	4906	+	SetI	ASST	4906	4902	.	.
4968	4971	+	MspJI	CNNR	4980	4984	.	.
4986	4989	-	MspJI	CNNR	4972	4976	.	.
4989	4994	+	EcoRV	GATATC	4991	4991	.	.
5004	5007	+	MnlI	CCTC	5014	5013	.	.
5002	5007	-	BseRI	GAGGAG	4993	4991	.	.
5037	5049	+	SgeI	CNNGNNNNNNNNN	5049	5025	.	.
5037	5040	+	MspJI	CNNR	5049	5053	.	.
5037	5040	+	MaeI	CTAG	5037	5039	.	.
5028	5040	-	SgeI	CNNGNNNNNNNNN	5051	5027	.	.
5038	5041	-	MspJI	CNNR	5024	5028	.	.
5047	5057	-	BsaXI	ACNNNNNCTCC	5069	5066	4944	4941
5070	5076	+	DraII	RGGNCCY	5071	5074	.	.
5059	5071	-	SgeI	CNNGNNNNNNNNN	5082	5058	.	.
5068	5071	-	MspJI	CNNR	5054	5058	.	.
5071	5075	+	AsuI	GGNCC	5071	5074	.	.
5099	5102	+	MspJI	CNNR	5111	5115	.	.
5109	5114	+	Hpy178III	TCNNGA	5110	5112	.	.
5111	5114	+	MspJI	CNNR	5123	5127	.	.
5112	5123	+	BdaI	TGANNNNNNTCA	5101	5099	5039	5037
5101	5113	-	SgeI	CNNGNNNNNNNNN	5124	5100	.	.
5113	5117	+	TfiI	GAWTC	5113	5116	.	.
5113	5117	+	HinfI	GANTC	5113	5116	.	.
5113	5122	+	BsaBI	GATNNNNATC	5117	5117	.	.
5123	5126	+	MspJI	CNNR	5135	5139	.	.
5118	5129	-	BdaI	TGANNNNNNTCA	5141	5139	5005	5003
5195	5199	+	Hin4II	CCTTC	5205	5204	.	.
5311	5314	-	MspJI	CNNR	5297	5301	.	.
5303	5315	-	SgeI	CNNGNNNNNNNNN	5326	5302	.	.
5375	5378	-	MspJI	CNNR	5361	5365	.	.
5410	5420	-	Hin4I	GAYNNNNNVTC	5433	5428	5295	5290
5521	5524	+	MnlI	CCTC	5531	5530	.	.
5538	5550	-	SgeI	CNNGNNNNNNNNN	5561	5537	.	.
5547	5550	-	MspJI	CNNR	5533	5537	.	.
5547	5550	-	LpnPI	CCDG	5532	5536	.	.
5558	5562	+	BslFI	GGGAC	5572	5576	.	.
5558	5563	+	NlaIV	GGNNCC	5560	5560	.	.
5559	5563	+	BmgT120I	GGNCC	5560	5561	.	.
5559	5563	+	AvaII	GGWCC	5559	5562	.	.
5559	5563	+	AsuI	GGNCC	5559	5562	.	.
5562	5565	+	AciI	CCGC	5562	5564	.	.
5562	5567	+	BsrBI	CCGCTC	5564	5564	.	.
5641	5644	+	MspJI	CNNR	5653	5657	.	.
5695	5698	-	MspJI	CNNR	5681	5685	.	.
5710	5713	+	MspJI	CNNR	5722	5726	.	.
5720	5723	+	MnlI	CCTC	5730	5729	.	.
5753	5758	+	DsaI	CCRYGG	5753	5757	.	.
5753	5758	+	SecI	CCNNGG	5753	5757	.	.
5755	5759	+	TspGWI	ACGGA	5770	5768	.	.
5767	5770	+	FaiI	YATR	5768	5768	.	.
5790	5793	+	MnlI	CCTC	5800	5799	.	.
5807	5810	+	MaeI	CTAG	5807	5809	.	.
5809	5812	+	AluBI	AGCT	5810	5810	.	.
5798	5810	-	SgeI	CNNGNNNNNNNNN	5821	5797	.	.
5807	5810	-	MspJI	CNNR	5793	5797	.	.
5830	5833	+	SetI	ASST	5833	5829	.	.
5820	5832	-	SgeI	CNNGNNNNNNNNN	5843	5819	.	.
5829	5832	-	LpnPI	CCDG	5814	5818	.	.
5828	5833	-	BspMI	ACCTGC	5819	5823	.	.
5828	5834	-	AarI	CACCTGC	5819	5823	.	.
5826	5838	-	SgeI	CNNGNNNNNNNNN	5849	5825	.	.
5835	5838	-	LpnPI	CCDG	5820	5824	.	.
5840	5844	+	BsrI	ACTGG	5845	5843	.	.
5841	5844	-	LpnPI	CCDG	5826	5830	.	.
5861	5871	+	BsiYI	CCNNNNNNNGG	5867	5864	.	.
5881	5886	+	NspI	RCATGY	5885	5881	.	.
5882	5885	+	FaiI	YATR	5883	5883	.	.
5882	5885	+	NlaIII	CATG	5885	5881	.	.
5882	5885	+	CviAII	CATG	5882	5884	.	.
5873	5885	-	SgeI	CNNGNNNNNNNNN	5896	5872	.	.
5882	5885	-	MspJI	CNNR	5868	5872	.	.
5877	5889	-	SgeI	CNNGNNNNNNNNN	5900	5876	.	.
5886	5889	-	MspJI	CNNR	5872	5876	.	.
5886	5889	-	LpnPI	CCDG	5871	5875	.	.
5888	5898	-	BsaXI	ACNNNNNCTCC	5910	5907	5750	5747
5888	5899	-	TstI	CACNNNNNNTCC	5912	5907	5750	5745
5896	5899	-	MspJI	CNNR	5882	5886	.	.
5899	5903	+	BmgT120I	GGNCC	5900	5901	.	.
5899	5903	+	AvaII	GGWCC	5899	5902	.	.
5899	5903	+	AsuI	GGNCC	5899	5902	.	.
5995	5998	+	FaiI	YATR	5996	5996	.	.
6020	6023	-	MspJI	CNNR	6006	6010	.	.
6026	6031	+	BclI	TGATCA	6026	6030	.	.
6024	6027	-	MspJI	CNNR	6010	6014	.	.
6027	6030	+	DpnI	GATC	6028	6028	.	.
6027	6030	+	BstKTI	GATC	6029	6027	.	.
6027	6030	+	MboI	GATC	6026	6030	.	.
6044	6048	-	BceAI	ACGGC	6029	6031	.	.
6058	6061	-	MspJI	CNNR	6044	6048	.	.
6064	6067	+	MspJI	CNNR	6076	6080	.	.
6064	6067	+	LpnPI	CCDG	6077	6081	.	.
6061	6065	-	BslFI	GGGAC	6046	6050	.	.
6055	6067	-	SgeI	CNNGNNNNNNNNN	6078	6054	.	.
6064	6067	-	MspJI	CNNR	6050	6054	.	.
6080	6085	+	MroNI	GCCGGC	6080	6084	.	.
6080	6085	+	Cac8I	GCNNGC	6082	6082	.	.
6080	6085	+	Cfr10I	RCCGGY	6080	6084	.	.
6105	6109	+	Tsp4CI	ACNGT	6107	6106	.	.
6138	6148	+	BsiYI	CCNNNNNNNGG	6144	6141	.	.
6138	6141	-	LpnPI	CCDG	6123	6127	.	.
6147	6153	+	KflI	GGGWCCC	6148	6151	.	.
6147	6153	+	DraII	RGGNCCY	6148	6151	.	.
6147	6151	+	BslFI	GGGAC	6161	6165	.	.
6147	6152	+	NlaIV	GGNNCC	6149	6149	.	.
6148	6153	+	NlaIV	GGNNCC	6150	6150	.	.
6148	6152	+	BmgT120I	GGNCC	6149	6150	.	.
6148	6152	+	AvaII	GGWCC	6148	6151	.	.
6148	6152	+	AsuI	GGNCC	6148	6151	.	.
6160	6163	+	Csp6I	GTAC	6160	6162	.	.
6160	6163	+	RsaI	GTAC	6161	6161	.	.
6163	6166	+	MspJI	CNNR	6175	6179	.	.
6177	6181	+	TfiI	GAWTC	6177	6180	.	.
6174	6177	-	MspJI	CNNR	6160	6164	.	.
6177	6181	+	HinfI	GANTC	6177	6180	.	.
6182	6185	-	MspJI	CNNR	6168	6172	.	.
6204	6209	+	Hpy178III	TCNNGA	6205	6207	.	.
6205	6208	+	MspJI	CNNR	6217	6221	.	.
6205	6208	+	LpnPI	CCDG	6218	6222	.	.
6196	6208	-	SgeI	CNNGNNNNNNNNN	6219	6195	.	.
6205	6208	-	MspJI	CNNR	6191	6195	.	.
6208	6212	+	HinfI	GANTC	6208	6211	.	.
6236	6241	+	BtrI	CACGTC	6238	6238	.	.
6238	6242	+	Hpy99I	CGWCG	6242	6237	.	.
6227	6239	-	SgeI	CNNGNNNNNNNNN	6250	6226	.	.
6236	6239	-	MspJI	CNNR	6222	6226	.	.
6241	6244	+	MspJI	CNNR	6253	6257	.	.
6278	6281	+	FaiI	YATR	6279	6279	.	.
6274	6279	-	TsoI	TARCCA	6264	6262	.	.
6291	6294	-	MspJI	CNNR	6277	6281	.	.
6341	6344	+	FaiI	YATR	6342	6342	.	.
6346	6351	+	MjaIV	GTNNAC	6348	6348	.	.
6355	6359	+	AsuI	GGNCC	6355	6358	.	.
6356	6359	+	CviJI	RGCY	6357	6357	.	.
6356	6359	+	HaeIII	GGCC	6357	6357	.	.
6358	6370	+	SgeI	CNNGNNNNNNNNN	6370	6346	.	.
6358	6361	+	MspJI	CNNR	6370	6374	.	.
6358	6361	+	LpnPI	CCDG	6371	6375	.	.
6358	6362	+	BssKI	CCNGG	6357	6362	.	.
6358	6362	+	ScrFI	CCNGG	6359	6360	.	.
6358	6362	+	BciT130I	CCWGG	6359	6360	.	.
6358	6362	+	EcoRII	CCWGG	6357	6362	.	.
6359	6362	+	MspJI	CNNR	6371	6375	.	.
6349	6361	-	SgeI	CNNGNNNNNNNNN	6372	6348	.	.
6358	6361	-	MspJI	CNNR	6344	6348	.	.
6362	6367	+	ZraI	GACGTC	6364	6364	.	.
6350	6362	-	SgeI	CNNGNNNNNNNNN	6373	6349	.	.
6359	6362	-	MspJI	CNNR	6345	6349	.	.
6359	6362	-	LpnPI	CCDG	6344	6348	.	.
6362	6367	+	AcyI	GRCGYC	6363	6365	.	.
6362	6367	+	AatII	GACGTC	6366	6362	.	.
6364	6368	+	Hpy99I	CGWCG	6368	6363	.	.
6365	6370	+	HindII	GTYRAC	6367	6367	.	.
6365	6370	+	AccI	GTMKAC	6366	6368	.	.
6366	6369	+	TaqI	TCGA	6366	6368	.	.
6387	6392	-	Eco57MI	CTGRAG	6372	6370	.	.
6387	6392	-	Eco57I	CTGAAG	6372	6370	.	.
6403	6408	-	BtgZI	GCGATG	6388	6392	.	.
6408	6420	-	SgeI	CNNGNNNNNNNNN	6431	6407	.	.
6441	6446	+	TsoI	TARCCA	6457	6455	.	.
6442	6445	+	CviJI	RGCY	6443	6443	.	.
6431	6443	-	SgeI	CNNGNNNNNNNNN	6454	6430	.	.
6440	6443	-	MspJI	CNNR	6426	6430	.	.
6450	6453	+	CviRI	TGCA	6451	6451	.	.
6448	6451	-	MspJI	CNNR	6434	6438	.	.
6467	6479	-	SgeI	CNNGNNNNNNNNN	6490	6466	.	.
6516	6522	+	TscAI	CASTGNN	6522	6513	.	.
6516	6520	+	BtsIMutI	CAGTG	6522	6520	.	.
6523	6528	+	StuI	AGGCCT	6525	6525	.	.
6524	6527	+	CviJI	RGCY	6525	6525	.	.
6524	6527	+	HaeIII	GGCC	6525	6525	.	.
6522	6525	-	MnlI	CCTC	6515	6514	.	.
6525	6535	+	MwoI	GCNNNNNNNGC	6531	6528	.	.
6525	6535	+	BglI	GCCNNNNNGGC	6531	6528	.	.
6526	6529	+	MspJI	CNNR	6538	6542	.	.
6571	6576	+	Hpy178III	TCNNGA	6572	6574	.	.
6577	6582	+	BsaAI	YACGTR	6579	6579	.	.
6578	6581	+	TaiI	ACGT	6581	6577	.	.
6578	6581	+	SetI	ASST	6581	6577	.	.
6578	6581	+	MaeII	ACGT	6578	6580	.	.
6577	6580	-	MspJI	CNNR	6563	6567	.	.
6606	6609	+	TaiI	ACGT	6609	6605	.	.
6606	6609	+	SetI	ASST	6609	6605	.	.
6606	6609	+	MaeII	ACGT	6606	6608	.	.
6640	6643	+	SetI	ASST	6643	6639	.	.
6639	6642	-	MspJI	CNNR	6625	6629	.	.
6672	6675	-	LpnPI	CCDG	6657	6661	.	.
6677	6680	+	FaiI	YATR	6678	6678	.	.
6715	6718	+	DpnI	GATC	6716	6716	.	.
6715	6718	+	BstKTI	GATC	6717	6715	.	.
6715	6718	+	MboI	GATC	6714	6718	.	.
6718	6721	+	FaiI	YATR	6719	6719	.	.
6736	6739	+	FaiI	YATR	6737	6737	.	.
6760	6765	+	SecI	CCNNGG	6760	6764	.	.
6760	6764	+	ScrFI	CCNGG	6761	6762	.	.
6760	6764	+	BciT130I	CCWGG	6761	6762	.	.
6760	6764	+	EcoRII	CCWGG	6759	6764	.	.
6751	6763	-	SgeI	CNNGNNNNNNNNN	6774	6750	.	.
6760	6763	-	MspJI	CNNR	6746	6750	.	.
6763	6767	+	AsuI	GGNCC	6763	6766	.	.
6752	6764	-	SgeI	CNNGNNNNNNNNN	6775	6751	.	.
6761	6764	-	MspJI	CNNR	6747	6751	.	.
6761	6764	-	LpnPI	CCDG	6746	6750	.	.
6764	6767	+	CviJI	RGCY	6765	6765	.	.
6764	6767	+	HaeIII	GGCC	6765	6765	.	.
6765	6775	+	MwoI	GCNNNNNNNGC	6771	6768	.	.
6765	6775	+	BglI	GCCNNNNNGGC	6771	6768	.	.
6766	6769	+	MspJI	CNNR	6778	6782	.	.
6770	6773	-	MspJI	CNNR	6756	6760	.	.
6762	6774	-	SgeI	CNNGNNNNNNNNN	6785	6761	.	.
6771	6774	-	MspJI	CNNR	6757	6761	.	.
6771	6774	-	LpnPI	CCDG	6756	6760	.	.
6778	6781	+	SetI	ASST	6781	6777	.	.
6809	6812	+	FaiI	YATR	6810	6810	.	.
6825	6831	+	TscAI	CASTGNN	6831	6822	.	.
6825	6829	+	BtsIMutI	CAGTG	6831	6829	.	.
6834	6839	+	DsaI	CCRYGG	6834	6838	.	.
6834	6839	+	StyI	CCWWGG	6834	6838	.	.
6834	6839	+	NcoI	CCATGG	6834	6838	.	.
6834	6839	+	SecI	CCNNGG	6834	6838	.	.
6835	6838	+	FatI	CATG	6834	6838	.	.
6835	6838	+	FaiI	YATR	6836	6836	.	.
6835	6838	+	NlaIII	CATG	6838	6834	.	.
6835	6838	+	CviAII	CATG	6835	6837	.	.
6826	6838	-	SgeI	CNNGNNNNNNNNN	6849	6825	.	.
6835	6838	-	MspJI	CNNR	6821	6825	.	.
6838	6843	+	SduI	GDGCHC	6842	6838	.	.
6838	6843	+	HgiJII	GRGCYC	6842	6838	.	.
6841	6844	+	MspJI	CNNR	6853	6857	.	.
6857	6861	+	BceAI	ACGGC	6873	6875	.	.
6865	6868	+	MspJI	CNNR	6877	6881	.	.
6865	6874	+	MslI	CAYNNNNRTG	6869	6869	.	.
6865	6868	+	FaiI	YATR	6866	6866	.	.
6879	6884	+	Hpy178III	TCNNGA	6880	6882	.	.
6879	6884	+	BspHI	TCATGA	6879	6883	.	.
6880	6883	+	FatI	CATG	6879	6883	.	.
6880	6883	+	FaiI	YATR	6881	6881	.	.
6880	6883	+	NlaIII	CATG	6883	6879	.	.
6880	6883	+	CviAII	CATG	6880	6882	.	.
6878	6882	-	TspDTI	ATGAA	6868	6866	.	.
6871	6883	-	SgeI	CNNGNNNNNNNNN	6894	6870	.	.
6880	6883	-	MspJI	CNNR	6866	6870	.	.
6891	6896	+	HindIII	AAGCTT	6891	6895	.	.
6892	6895	+	CviJI	RGCY	6893	6893	.	.
6892	6895	+	AluBI	AGCT	6893	6893	.	.
6924	6928	+	AgsI	TTSAA	6926	6925	.	.
6927	6930	+	MluCI	AATT	6926	6930	.	.
6954	6957	+	CviRI	TGCA	6955	6955	.	.
6958	6961	-	MspJI	CNNR	6944	6948	.	.
6958	6963	-	TaqII	CACCCA	6948	6946	.	.
6963	6967	-	BslFI	GGGAC	6948	6952	.	.
7001	7004	+	Csp6I	GTAC	7001	7003	.	.
7001	7004	+	RsaI	GTAC	7002	7002	.	.
7067	7070	+	SetI	ASST	7070	7066	.	.
7068	7071	+	MnlI	CCTC	7078	7077	.	.
7092	7095	+	SetI	ASST	7095	7091	.	.
7091	7094	-	MnlI	CCTC	7084	7083	.	.
7238	7241	+	MspJI	CNNR	7250	7254	.	.
7247	7250	+	MluCI	AATT	7246	7250	.	.
7304	7316	+	SgeI	CNNGNNNNNNNNN	7316	7292	.	.
7304	7307	+	MspJI	CNNR	7316	7320	.	.
7295	7307	-	SgeI	CNNGNNNNNNNNN	7318	7294	.	.
7310	7313	-	MspJI	CNNR	7296	7300	.	.
7314	7317	+	FaiI	YATR	7315	7315	.	.
7309	7321	-	SgeI	CNNGNNNNNNNNN	7332	7308	.	.
7329	7333	+	HgaI	GACGC	7338	7343	.	.
7329	7334	+	AcyI	GRCGYC	7330	7332	.	.
7334	7337	+	MspJI	CNNR	7346	7350	.	.
7357	7361	+	BccI	CCATC	7365	7366	.	.
7358	7362	-	FokI	GGATG	7344	7348	.	.
7358	7362	-	BseGI	GGATG	7357	7355	.	.
7378	7383	+	BclI	TGATCA	7378	7382	.	.
7376	7379	-	MspJI	CNNR	7362	7366	.	.
7379	7382	+	DpnI	GATC	7380	7380	.	.
7379	7382	+	BstKTI	GATC	7381	7379	.	.
7379	7388	+	BsaBI	GATNNNNATC	7383	7383	.	.
7379	7382	+	MboI	GATC	7378	7382	.	.
7402	7405	-	MspJI	CNNR	7388	7392	.	.
7406	7409	+	MluCI	AATT	7405	7409	.	.
7413	7416	+	FaiI	YATR	7414	7414	.	.
7427	7430	+	DpnI	GATC	7428	7428	.	.
7427	7430	+	BstKTI	GATC	7429	7427	.	.
7427	7430	+	MboI	GATC	7426	7430	.	.
7457	7460	-	MspJI	CNNR	7443	7447	.	.
7462	7466	+	Tsp45I	GTSAC	7461	7466	.	.
7459	7462	-	MspJI	CNNR	7445	7449	.	.
7462	7466	+	MaeIII	GTNAC	7461	7466	.	.
7463	7467	-	HphI	GGTGA	7455	7454	.	.
7510	7520	+	BsaXI	ACNNNNNCTCC	7500	7497	7393	7390
7548	7552	+	ScrFI	CCNGG	7549	7550	.	.
7548	7552	+	BciT130I	CCWGG	7549	7550	.	.
7548	7552	+	EcoRII	CCWGG	7547	7552	.	.
7539	7551	-	SgeI	CNNGNNNNNNNNN	7562	7538	.	.
7548	7551	-	MspJI	CNNR	7534	7538	.	.
7540	7552	-	SgeI	CNNGNNNNNNNNN	7563	7539	.	.
7565	7570	+	XbaI	TCTAGA	7565	7569	.	.
7565	7570	+	Hpy178III	TCNNGA	7566	7568	.	.
7612	7617	+	MjaIV	GTNNAC	7614	7614	.	.
7612	7617	+	BssNAI	GTATAC	7614	7614	.	.
7612	7617	+	AccI	GTMKAC	7613	7615	.	.
7613	7616	+	FaiI	YATR	7614	7614	.	.
7627	7631	+	DdeI	CTNAG	7627	7630	.	.
7626	7629	-	MspJI	CNNR	7612	7616	.	.
7627	7631	-	BspCNI	CTCAG	7619	7617	.	.
7627	7631	-	BseMII	CTCAG	7618	7616	.	.
7633	7636	+	TaiI	ACGT	7636	7632	.	.
7633	7636	+	SetI	ASST	7636	7632	.	.
7633	7636	+	MaeII	ACGT	7633	7635	.	.
7634	7637	+	MspJI	CNNR	7646	7650	.	.
7650	7654	-	BceAI	ACGGC	7635	7637	.	.
7655	7658	+	MspJI	CNNR	7667	7671	.	.
7653	7657	-	BslFI	GGGAC	7638	7642	.	.
7661	7666	+	SecI	CCNNGG	7661	7665	.	.
7661	7666	+	AvrII	CCTAGG	7661	7665	.	.
7662	7665	+	MspJI	CNNR	7674	7678	.	.
7662	7665	+	MaeI	CTAG	7662	7664	.	.
7653	7665	-	SgeI	CNNGNNNNNNNNN	7676	7652	.	.
7662	7665	-	MspJI	CNNR	7648	7652	.	.
7685	7688	+	MspJI	CNNR	7697	7701	.	.
7685	7690	+	SecI	CCNNGG	7685	7689	.	.
7687	7690	-	LpnPI	CCDG	7672	7676	.	.
7696	7699	+	MseI	TTAA	7696	7698	.	.
7697	7702	+	TsoI	TARCCA	7713	7711	.	.
7714	7719	+	TsoI	TARCCA	7730	7728	.	.
7718	7721	+	FaiI	YATR	7719	7719	.	.
7720	7723	-	MspJI	CNNR	7706	7710	.	.
7790	7797	+	PspXI	VCTCGAGB	7791	7795	.	.
7790	7793	+	MnlI	CCTC	7800	7799	.	.
7791	7796	+	AvaI	CYCGRG	7791	7795	.	.
7792	7795	+	TaqI	TCGA	7792	7794	.	.
7793	7805	+	SgeI	CNNGNNNNNNNNN	7805	7781	.	.
7793	7796	+	MspJI	CNNR	7805	7809	.	.
7784	7796	-	SgeI	CNNGNNNNNNNNN	7807	7783	.	.
7810	7813	+	FaiI	YATR	7811	7811	.	.
7824	7835	-	BdaI	TGANNNNNNTCA	7847	7845	7676	7674
7864	7867	+	MspJI	CNNR	7876	7880	.	.
7865	7868	+	MspJI	CNNR	7877	7881	.	.
7861	7865	-	HphI	GGTGA	7853	7852	.	.
7856	7868	-	SgeI	CNNGNNNNNNNNN	7879	7855	.	.
7865	7868	-	MspJI	CNNR	7851	7855	.	.
7910	7913	+	FaiI	YATR	7911	7911	.	.
7907	7917	-	Hin4I	GAYNNNNNVTC	7930	7925	7746	7741
7941	7944	+	MluCI	AATT	7940	7944	.	.
7985	7989	+	MaeIII	GTNAC	7984	7989	.	.
8052	8055	+	MluCI	AATT	8051	8055	.	.
8063	8067	+	BlsI	GCNGC	8065	8064	.	.
8063	8067	+	Fnu4HI	GCNGC	8064	8065	.	.
8063	8067	+	TseI	GCWGC	8063	8066	.	.
8066	8070	+	BmsI	GCATC	8075	8079	.	.
8063	8067	-	BbvI	GCAGC	8050	8054	.	.
8144	8154	-	Hin4I	GAYNNNNNVTC	8167	8162	7977	7972
8175	8180	+	SecI	CCNNGG	8175	8179	.	.
8176	8179	+	MspJI	CNNR	8188	8192	.	.
8176	8179	+	LpnPI	CCDG	8189	8193	.	.
8176	8180	+	BssKI	CCNGG	8175	8180	.	.
8176	8180	+	ScrFI	CCNGG	8177	8178	.	.
8176	8180	+	BciT130I	CCWGG	8177	8178	.	.
8176	8180	+	EcoRII	CCWGG	8175	8180	.	.
8178	8181	+	SetI	ASST	8181	8177	.	.
8167	8179	-	SgeI	CNNGNNNNNNNNN	8190	8166	.	.
8176	8179	-	MspJI	CNNR	8162	8166	.	.
8168	8180	-	SgeI	CNNGNNNNNNNNN	8191	8167	.	.
8177	8180	-	MspJI	CNNR	8163	8167	.	.
8177	8180	-	LpnPI	CCDG	8162	8166	.	.
8192	8195	+	MnlI	CCTC	8202	8201	.	.
8193	8196	+	MspJI	CNNR	8205	8209	.	.
8195	8200	+	TaqII	CACCCA	8211	8209	.	.
8219	8223	-	PleI	GAGTC	8213	8214	.	.
8219	8223	-	MlyI	GAGTC	8213	8213	.	.
8242	8245	-	MspJI	CNNR	8228	8232	.	.
8246	8250	+	AgsI	TTSAA	8248	8247	.	.
8249	8252	+	MluCI	AATT	8248	8252	.	.
8288	8300	-	SgeI	CNNGNNNNNNNNN	8311	8287	.	.
8297	8300	-	MspJI	CNNR	8283	8287	.	.
8319	8322	+	MspJI	CNNR	8331	8335	.	.
8345	8350	+	BspMI	ACCTGC	8354	8358	.	.
8346	8358	+	SgeI	CNNGNNNNNNNNN	8358	8334	.	.
8346	8349	+	MspJI	CNNR	8358	8362	.	.
8346	8349	+	LpnPI	CCDG	8359	8363	.	.
8337	8349	-	SgeI	CNNGNNNNNNNNN	8360	8336	.	.
8350	8362	+	SgeI	CNNGNNNNNNNNN	8362	8338	.	.
8350	8353	+	MspJI	CNNR	8362	8366	.	.
8350	8353	+	MaeI	CTAG	8350	8352	.	.
8341	8353	-	SgeI	CNNGNNNNNNNNN	8364	8340	.	.
8354	8358	+	BsmAI	GTCTC	8359	8363	.	.
8361	8364	+	SetI	ASST	8364	8360	.	.
8362	8365	+	MnlI	CCTC	8372	8371	.	.
8394	8397	+	MspJI	CNNR	8406	8410	.	.
8394	8397	+	LpnPI	CCDG	8407	8411	.	.
8385	8397	-	SgeI	CNNGNNNNNNNNN	8408	8384	.	.
8394	8397	-	MspJI	CNNR	8380	8384	.	.
8425	8430	+	Cac8I	GCNNGC	8427	8427	.	.
8417	8429	-	SgeI	CNNGNNNNNNNNN	8440	8416	.	.
8426	8429	-	LpnPI	CCDG	8411	8415	.	.
8430	8433	+	MspJI	CNNR	8442	8446	.	.
8436	8439	+	MluCI	AATT	8435	8439	.	.
8432	8444	-	SgeI	CNNGNNNNNNNNN	8455	8431	.	.
8441	8444	-	MspJI	CNNR	8427	8431	.	.
8441	8444	-	LpnPI	CCDG	8426	8430	.	.
8454	8457	+	MspJI	CNNR	8466	8470	.	.
8505	8508	+	MspJI	CNNR	8517	8521	.	.
8514	8517	+	MspJI	CNNR	8526	8530	.	.
8514	8517	+	FatI	CATG	8513	8517	.	.
8514	8517	+	FaiI	YATR	8515	8515	.	.
8514	8517	+	NlaIII	CATG	8517	8513	.	.
8514	8517	+	CviAII	CATG	8514	8516	.	.
8505	8517	-	SgeI	CNNGNNNNNNNNN	8528	8504	.	.
8537	8540	-	MspJI	CNNR	8523	8527	.	.
8555	8560	+	DsaI	CCRYGG	8555	8559	.	.
8555	8560	+	StyI	CCWWGG	8555	8559	.	.
8555	8560	+	NcoI	CCATGG	8555	8559	.	.
8555	8560	+	SecI	CCNNGG	8555	8559	.	.
8556	8559	+	MspJI	CNNR	8568	8572	.	.
8556	8559	+	FatI	CATG	8555	8559	.	.
8556	8559	+	FaiI	YATR	8557	8557	.	.
8556	8559	+	NlaIII	CATG	8559	8555	.	.
8556	8559	+	CviAII	CATG	8556	8558	.	.
8547	8559	-	SgeI	CNNGNNNNNNNNN	8570	8546	.	.
8556	8559	-	MspJI	CNNR	8542	8546	.	.
8559	8562	+	HaeIII	GGCC	8560	8560	.	.
8559	8563	+	BmgT120I	GGNCC	8560	8561	.	.
8559	8563	+	AsuI	GGNCC	8559	8562	.	.
8593	8598	+	Cac8I	GCNNGC	8595	8595	.	.
8595	8599	+	AsuI	GGNCC	8595	8598	.	.
8596	8599	+	CviJI	RGCY	8597	8597	.	.
8596	8599	+	HaeIII	GGCC	8597	8597	.	.
8593	8596	-	AciI	CCGC	8593	8595	.	.
8585	8597	-	SgeI	CNNGNNNNNNNNN	8608	8584	.	.
8593	8597	-	FauI	CCCGC	8586	8588	.	.
8600	8603	+	SetI	ASST	8603	8599	.	.
8648	8651	-	MspJI	CNNR	8634	8638	.	.
8653	8657	+	Tsp4CI	ACNGT	8655	8654	.	.
8656	8660	+	MaeIII	GTNAC	8655	8660	.	.
8671	8674	+	SetI	ASST	8674	8670	.	.
8745	8750	+	SpeI	ACTAGT	8745	8749	.	.
8750	8753	-	MspJI	CNNR	8736	8740	.	.
8764	8767	+	FaiI	YATR	8765	8765	.	.
8764	8767	+	NlaIII	CATG	8767	8763	.	.
8764	8767	+	CviAII	CATG	8764	8766	.	.
8755	8767	-	SgeI	CNNGNNNNNNNNN	8778	8754	.	.
8764	8767	-	MspJI	CNNR	8750	8754	.	.
8828	8831	+	MspJI	CNNR	8840	8844	.	.
8828	8831	+	LpnPI	CCDG	8841	8845	.	.
8819	8831	-	SgeI	CNNGNNNNNNNNN	8842	8818	.	.
8891	8895	-	TspDTI	ATGAA	8881	8879	.	.
8897	8901	+	BsmAI	GTCTC	8902	8906	.	.
8901	8913	-	SgeI	CNNGNNNNNNNNN	8924	8900	.	.
8910	8913	-	MspJI	CNNR	8896	8900	.	.
8911	8914	-	MspJI	CNNR	8897	8901	.	.
8928	8931	+	Csp6I	GTAC	8928	8930	.	.
8928	8931	+	RsaI	GTAC	8929	8929	.	.
8960	8964	+	BmgT120I	GGNCC	8961	8962	.	.
8960	8964	+	AvaII	GGWCC	8960	8963	.	.
8960	8964	+	AsuI	GGNCC	8960	8963	.	.
8988	8991	+	FaiI	YATR	8989	8989	.	.
9038	9041	+	MspJI	CNNR	9050	9054	.	.
9044	9047	+	MspJI	CNNR	9056	9060	.	.
9040	9044	-	FokI	GGATG	9026	9030	.	.
9040	9044	-	BseGI	GGATG	9039	9037	.	.
9042	9045	-	MspJI	CNNR	9028	9032	.	.
9067	9071	-	MboII	GAAGA	9059	9058	.	.
9062	9074	-	SgeI	CNNGNNNNNNNNN	9085	9061	.	.
9071	9074	-	MspJI	CNNR	9057	9061	.	.
9071	9074	-	LpnPI	CCDG	9056	9060	.	.
9072	9075	-	MspJI	CNNR	9058	9062	.	.
9107	9110	+	MspJI	CNNR	9119	9123	.	.
9096	9108	-	SgeI	CNNGNNNNNNNNN	9119	9095	.	.
9105	9108	-	MspJI	CNNR	9091	9095	.	.
9111	9114	+	MspJI	CNNR	9123	9127	.	.
9102	9114	-	SgeI	CNNGNNNNNNNNN	9125	9101	.	.
9111	9114	-	MspJI	CNNR	9097	9101	.	.
9112	9115	-	MspJI	CNNR	9098	9102	.	.
9115	9118	-	MnlI	CCTC	9108	9107	.	.
9121	9126	+	MjaIV	GTNNAC	9123	9123	.	.
9121	9126	+	HindII	GTYRAC	9123	9123	.	.
9148	9151	+	MseI	TTAA	9148	9150	.	.
9155	9159	+	DdeI	CTNAG	9155	9158	.	.
9185	9188	+	MnlI	CCTC	9195	9194	.	.
9195	9198	-	MspJI	CNNR	9181	9185	.	.
9187	9199	-	SgeI	CNNGNNNNNNNNN	9210	9186	.	.
9202	9214	-	SgeI	CNNGNNNNNNNNN	9225	9201	.	.
9214	9219	+	NlaIV	GGNNCC	9216	9216	.	.
9214	9218	+	BmgT120I	GGNCC	9215	9216	.	.
9214	9219	+	HgiJII	GRGCYC	9218	9214	.	.
9214	9219	+	BaeGI	GKGCMC	9218	9214	.	.
9214	9218	+	AsuI	GGNCC	9214	9217	.	.
9214	9219	+	ApaI	GGGCCC	9218	9214	.	.
9212	9215	-	MspJI	CNNR	9198	9202	.	.
9215	9218	+	HaeIII	GGCC	9216	9216	.	.
9215	9219	+	BmgT120I	GGNCC	9216	9217	.	.
9215	9219	+	AsuI	GGNCC	9215	9218	.	.
9213	9216	-	MspJI	CNNR	9199	9203	.	.
9230	9233	+	MspJI	CNNR	9242	9246	.	.
9230	9233	+	FaiI	YATR	9231	9231	.	.
9238	9243	+	NlaIV	GGNNCC	9240	9240	.	.
9239	9243	+	BmgT120I	GGNCC	9240	9241	.	.
9239	9243	+	AvaII	GGWCC	9239	9242	.	.
9239	9243	+	AsuI	GGNCC	9239	9242	.	.
9251	9254	+	FaiI	YATR	9252	9252	.	.
9278	9290	-	SgeI	CNNGNNNNNNNNN	9301	9277	.	.
9287	9290	-	MspJI	CNNR	9273	9277	.	.
9297	9301	+	Tsp4CI	ACNGT	9299	9298	.	.
9302	9305	+	MspJI	CNNR	9314	9318	.	.
9297	9309	-	SgeI	CNNGNNNNNNNNN	9320	9296	.	.
9306	9309	-	MspJI	CNNR	9292	9296	.	.
9310	9313	+	MnlI	CCTC	9320	9319	.	.
9312	9315	-	MspJI	CNNR	9298	9302	.	.
9335	9338	+	MspJI	CNNR	9347	9351	.	.
9345	9353	+	Tth111I	GACNNNGTC	9348	9349	.	.
9349	9353	+	HinfI	GANTC	9349	9352	.	.
9351	9356	+	MjaIV	GTNNAC	9353	9353	.	.
9351	9356	+	AccI	GTMKAC	9352	9354	.	.
9394	9398	-	TspDTI	ATGAA	9384	9382	.	.
9387	9399	-	SgeI	CNNGNNNNNNNNN	9410	9386	.	.
9406	9409	-	MspJI	CNNR	9392	9396	.	.
9427	9430	-	MspJI	CNNR	9413	9417	.	.
9444	9448	+	DdeI	CTNAG	9444	9447	.	.
9447	9450	+	SetI	ASST	9450	9446	.	.
9447	9450	+	CviJI	RGCY	9448	9448	.	.
9447	9450	+	AluBI	AGCT	9448	9448	.	.
9445	9448	-	MspJI	CNNR	9431	9435	.	.
9478	9482	+	TfiI	GAWTC	9478	9481	.	.
9475	9478	-	MspJI	CNNR	9461	9465	.	.
9478	9482	+	HinfI	GANTC	9478	9481	.	.
9480	9485	+	AsuII	TTCGAA	9481	9483	.	.
9482	9485	+	MspJI	CNNR	9494	9498	.	.
9482	9493	+	BcgI	CGANNNNNNTGC	9471	9469	9347	9345
9480	9483	-	MspJI	CNNR	9466	9470	.	.
9486	9490	+	TseI	GCWGC	9486	9489	.	.
9487	9492	+	PvuII	CAGCTG	9489	9489	.	.
9487	9492	+	NspBII	CMGCKG	9489	9489	.	.
9488	9491	+	CviJI	RGCY	9489	9489	.	.
9488	9491	+	AluBI	AGCT	9489	9489	.	.
9578	9590	+	SgeI	CNNGNNNNNNNNN	9590	9566	.	.
9578	9581	+	MspJI	CNNR	9590	9594	.	.
9569	9581	-	SgeI	CNNGNNNNNNNNN	9592	9568	.	.
9613	9616	+	MspJI	CNNR	9625	9629	.	.
9645	9650	+	TsoI	TARCCA	9661	9659	.	.
9649	9652	+	FaiI	YATR	9650	9650	.	.
9659	9671	-	SgeI	CNNGNNNNNNNNN	9682	9658	.	.
9686	9689	+	MspJI	CNNR	9698	9702	.	.
9688	9691	+	MluCI	AATT	9687	9691	.	.
9759	9765	+	SauI	CCTNAGG	9760	9763	.	.
9755	9759	-	BinI	GGATC	9749	9750	.	.
9760	9763	+	MspJI	CNNR	9772	9776	.	.
9760	9764	+	DdeI	CTNAG	9760	9763	.	.
9764	9768	+	BinI	GGATC	9772	9773	.	.
9765	9768	+	DpnI	GATC	9766	9766	.	.
9765	9768	+	BstKTI	GATC	9767	9765	.	.
9765	9768	+	MboI	GATC	9764	9768	.	.
9799	9802	+	MspJI	CNNR	9811	9815	.	.
9799	9802	+	LpnPI	CCDG	9812	9816	.	.
9799	9803	+	BssKI	CCNGG	9798	9803	.	.
9799	9803	+	ScrFI	CCNGG	9800	9801	.	.
9799	9803	+	BciT130I	CCWGG	9800	9801	.	.
9799	9803	+	EcoRII	CCWGG	9798	9803	.	.
9790	9802	-	SgeI	CNNGNNNNNNNNN	9813	9789	.	.
9799	9802	-	MspJI	CNNR	9785	9789	.	.
9791	9803	-	SgeI	CNNGNNNNNNNNN	9814	9790	.	.
9805	9808	+	CviJI	RGCY	9806	9806	.	.
9805	9808	+	AluBI	AGCT	9806	9806	.	.
9851	9854	+	MnlI	CCTC	9861	9860	.	.
9868	9871	+	MspJI	CNNR	9880	9884	.	.
9879	9882	+	SetI	ASST	9882	9878	.	.
9880	9883	+	MspJI	CNNR	9892	9896	.	.
9919	9922	+	MspJI	CNNR	9931	9935	.	.
9935	9938	+	MaeI	CTAG	9935	9937	.	.
9926	9938	-	SgeI	CNNGNNNNNNNNN	9949	9925	.	.
9935	9938	-	MspJI	CNNR	9921	9925	.	.
9958	9963	+	StuI	AGGCCT	9960	9960	.	.
9959	9962	+	HaeIII	GGCC	9960	9960	.	.
9956	9960	-	Hin4II	CCTTC	9950	9949	.	.
9962	9965	+	MspJI	CNNR	9974	9978	.	.
9962	9965	+	MaeI	CTAG	9962	9964	.	.
9953	9965	-	SgeI	CNNGNNNNNNNNN	9976	9952	.	.
9962	9965	-	MspJI	CNNR	9948	9952	.	.
10114	10117	+	MspJI	CNNR	10126	10130	.	.
10116	10119	+	DpnI	GATC	10117	10117	.	.
10116	10119	+	BstKTI	GATC	10118	10116	.	.
10116	10119	+	MboI	GATC	10115	10119	.	.
10116	10120	-	BinI	GGATC	10110	10111	.	.
10150	10153	+	SetI	ASST	10153	10149	.	.
10148	10152	-	Hin4II	CCTTC	10142	10141	.	.
10153	10156	+	FaiI	YATR	10154	10154	.	.
10153	10156	-	MspJI	CNNR	10139	10143	.	.
10181	10185	+	Tsp4CI	ACNGT	10183	10182	.	.
10183	10189	+	BstEII	GGTNACC	10183	10188	.	.
10184	10188	+	Tsp45I	GTSAC	10183	10188	.	.
10184	10188	+	MaeIII	GTNAC	10183	10188	.	.
10188	10192	+	BccI	CCATC	10196	10197	.	.
10185	10189	-	HphI	GGTGA	10177	10176	.	.
10192	10195	+	MspJI	CNNR	10204	10208	.	.
10192	10195	+	LpnPI	CCDG	10205	10209	.	.
10192	10196	+	BssKI	CCNGG	10191	10196	.	.
10192	10196	+	ScrFI	CCNGG	10193	10194	.	.
10192	10196	+	BciT130I	CCWGG	10193	10194	.	.
10192	10196	+	EcoRII	CCWGG	10191	10196	.	.
10193	10196	+	MspJI	CNNR	10205	10209	.	.
10189	10193	-	FokI	GGATG	10175	10179	.	.
10189	10193	-	BseGI	GGATG	10188	10186	.	.
10183	10195	-	SgeI	CNNGNNNNNNNNN	10206	10182	.	.
10192	10195	-	MspJI	CNNR	10178	10182	.	.
10184	10196	-	SgeI	CNNGNNNNNNNNN	10207	10183	.	.
10193	10196	-	MspJI	CNNR	10179	10183	.	.
10193	10196	-	LpnPI	CCDG	10178	10182	.	.
10215	10219	-	BsrI	ACTGG	10215	10213	.	.
10229	10241	-	SgeI	CNNGNNNNNNNNN	10252	10228	.	.
10238	10241	-	MspJI	CNNR	10224	10228	.	.
10250	10255	+	Cac8I	GCNNGC	10252	10252	.	.
10255	10258	+	MspJI	CNNR	10267	10271	.	.
10253	10256	-	MspJI	CNNR	10239	10243	.	.
10266	10269	-	MspJI	CNNR	10252	10256	.	.
10279	10284	+	SpeI	ACTAGT	10279	10283	.	.
10280	10283	+	MspJI	CNNR	10292	10296	.	.
10280	10283	+	MaeI	CTAG	10280	10282	.	.
10271	10283	-	SgeI	CNNGNNNNNNNNN	10294	10270	.	.
10280	10283	-	MspJI	CNNR	10266	10270	.	.
10293	10296	+	MnlI	CCTC	10303	10302	.	.
10327	10332	+	ApoI	RAATTY	10327	10331	.	.
10328	10331	+	MluCI	AATT	10327	10331	.	.
10347	10350	+	MluCI	AATT	10346	10350	.	.
10376	10386	+	BsiYI	CCNNNNNNNGG	10382	10379	.	.
10385	10388	+	CviJI	RGCY	10386	10386	.	.
10384	10389	-	TsoI	TARCCA	10374	10372	.	.
10406	10409	-	MspJI	CNNR	10392	10396	.	.
10410	10413	+	MluCI	AATT	10409	10413	.	.
10411	10416	+	VspI	ATTAAT	10412	10414	.	.
10412	10415	+	MseI	TTAA	10412	10414	.	.
10426	10429	+	MspJI	CNNR	10438	10442	.	.
10434	10439	+	VspI	ATTAAT	10435	10437	.	.
10437	10440	+	MluCI	AATT	10436	10440	.	.
10443	10447	+	Hpy188I	TCNGA	10445	10444	.	.
10445	10450	+	BclI	TGATCA	10445	10449	.	.
10443	10446	-	MspJI	CNNR	10429	10433	.	.
10446	10449	+	DpnI	GATC	10447	10447	.	.
10446	10449	+	BstKTI	GATC	10448	10446	.	.
10446	10449	+	MboI	GATC	10445	10449	.	.
10448	10451	-	MspJI	CNNR	10434	10438	.	.
10456	10459	+	TaiI	ACGT	10459	10455	.	.
10456	10459	+	SetI	ASST	10459	10455	.	.
10456	10459	+	MaeII	ACGT	10456	10458	.	.
10458	10461	+	Csp6I	GTAC	10458	10460	.	.
10458	10461	+	RsaI	GTAC	10459	10459	.	.
10471	10474	+	MspJI	CNNR	10483	10487	.	.
10483	10486	+	CviJI	RGCY	10484	10484	.	.
10505	10509	-	MboII	GAAGA	10497	10496	.	.
10533	10538	+	SpeI	ACTAGT	10533	10537	.	.
10534	10546	+	SgeI	CNNGNNNNNNNNN	10546	10522	.	.
10534	10537	+	MspJI	CNNR	10546	10550	.	.
10534	10537	+	MaeI	CTAG	10534	10536	.	.
10525	10537	-	SgeI	CNNGNNNNNNNNN	10548	10524	.	.
10534	10537	-	MspJI	CNNR	10520	10524	.	.
10550	10553	+	CviJI	RGCY	10551	10551	.	.
10563	10567	-	BmsI	GCATC	10553	10557	.	.
10607	10611	+	FauI	CCCGC	10615	10617	.	.
10608	10611	+	AciI	CCGC	10608	10610	.	.
10623	10632	+	MslI	CAYNNNNRTG	10627	10627	.	.
10638	10643	+	SspI	AATATT	10640	10640	.	.
10647	10651	+	Tsp4CI	ACNGT	10649	10648	.	.
10653	10656	+	MspJI	CNNR	10665	10669	.	.
10656	10659	+	MluCI	AATT	10655	10659	.	.
10671	10674	+	CviJI	RGCY	10672	10672	.	.
10707	10710	+	CviJI	RGCY	10708	10708	.	.
10707	10710	+	AluBI	AGCT	10708	10708	.	.
10716	10719	+	FatI	CATG	10715	10719	.	.
10716	10719	+	FaiI	YATR	10717	10717	.	.
10716	10719	+	NlaIII	CATG	10719	10715	.	.
10716	10719	+	CviAII	CATG	10716	10718	.	.
10707	10719	-	SgeI	CNNGNNNNNNNNN	10730	10706	.	.
10716	10719	-	MspJI	CNNR	10702	10706	.	.
10740	10743	+	MspJI	CNNR	10752	10756	.	.
10736	10740	-	HphI	GGTGA	10728	10727	.	.
10730	10742	-	SgeI	CNNGNNNNNNNNN	10753	10729	.	.
10739	10742	-	MspJI	CNNR	10725	10729	.	.
10744	10747	-	MspJI	CNNR	10730	10734	.	.
10745	10748	-	MnlI	CCTC	10738	10737	.	.
10752	10755	+	MspJI	CNNR	10764	10768	.	.
10752	10755	+	LpnPI	CCDG	10765	10769	.	.
10743	10755	-	SgeI	CNNGNNNNNNNNN	10766	10742	.	.
10794	10803	+	MslI	CAYNNNNRTG	10798	10798	.	.
10794	10803	+	OliI	CACNNNNGTG	10798	10798	.	.
10809	10812	+	MspJI	CNNR	10821	10825	.	.
10800	10812	-	SgeI	CNNGNNNNNNNNN	10823	10799	.	.
10809	10812	-	MspJI	CNNR	10795	10799	.	.
10830	10840	+	BsaXI	ACNNNNNCTCC	10820	10817	10689	10686
10835	10839	+	HinfI	GANTC	10835	10838	.	.
10835	10839	-	PleI	GAGTC	10829	10830	.	.
10839	10842	+	MspJI	CNNR	10851	10855	.	.
10835	10839	-	MlyI	GAGTC	10829	10829	.	.
10847	10857	+	BaeI	ACNNNNGTAYC	10836	10831	10708	10703
10851	10854	+	SetI	ASST	10854	10850	.	.
10849	10852	-	MspJI	CNNR	10835	10839	.	.
10852	10857	+	HgiCI	GGYRCC	10852	10856	.	.
10852	10857	+	Acc65I	GGTACC	10852	10856	.	.
10850	10853	-	MspJI	CNNR	10836	10840	.	.
10853	10856	+	Csp6I	GTAC	10853	10855	.	.
10853	10856	+	RsaI	GTAC	10854	10854	.	.
10866	10869	+	MspJI	CNNR	10878	10882	.	.
10872	10875	+	MspJI	CNNR	10884	10888	.	.
10872	10875	+	FaiI	YATR	10873	10873	.	.
10893	10896	+	MspJI	CNNR	10905	10909	.	.
10909	10914	+	MmeI	TCCRAC	10934	10932	.	.
10917	10920	+	MspJI	CNNR	10929	10933	.	.
10952	10955	+	MseI	TTAA	10952	10954	.	.
10962	10965	+	MspJI	CNNR	10974	10978	.	.
10966	10969	+	FaiI	YATR	10967	10967	.	.
10966	10969	-	MspJI	CNNR	10952	10956	.	.
10977	10980	+	MspJI	CNNR	10989	10993	.	.
10977	10980	+	LpnPI	CCDG	10990	10994	.	.
10968	10980	-	SgeI	CNNGNNNNNNNNN	10991	10967	.	.
10980	10984	+	Tsp45I	GTSAC	10979	10984	.	.
10977	10980	-	MspJI	CNNR	10963	10967	.	.
10980	10984	+	MaeIII	GTNAC	10979	10984	.	.
10979	10982	-	MspJI	CNNR	10965	10969	.	.
11006	11018	-	SgeI	CNNGNNNNNNNNN	11029	11005	.	.
11015	11018	-	MspJI	CNNR	11001	11005	.	.
11015	11018	-	LpnPI	CCDG	11000	11004	.	.
11021	11026	+	SfeI	CTRYAG	11021	11025	.	.
11028	11031	+	MnlI	CCTC	11038	11037	.	.
11018	11028	-	Hin4I	GAYNNNNNVTC	11041	11036	10848	10843
11044	11047	+	MspJI	CNNR	11056	11060	.	.
11044	11049	+	AflII	CTTAAG	11044	11048	.	.
11048	11051	+	CviJI	RGCY	11049	11049	.	.
11048	11051	+	AluBI	AGCT	11049	11049	.	.
11046	11049	-	MspJI	CNNR	11032	11036	.	.
11050	11053	+	MspJI	CNNR	11062	11066	.	.
11050	11053	+	MaeI	CTAG	11050	11052	.	.
11041	11053	-	SgeI	CNNGNNNNNNNNN	11064	11040	.	.
11050	11053	-	MspJI	CNNR	11036	11040	.	.
11054	11057	-	MnlI	CCTC	11047	11046	.	.
11066	11077	+	BdaI	TGANNNNNNTCA	11055	11053	10928	10926
11067	11076	+	BsaBI	GATNNNNATC	11071	11071	.	.
11067	11071	-	BmsI	GCATC	11057	11061	.	.
11066	11077	-	BdaI	TGANNNNNNTCA	11089	11087	10894	10892
11117	11121	+	Hin4II	CCTTC	11127	11126	.	.
11156	11166	+	MwoI	GCNNNNNNNGC	11162	11159	.	.
11159	11163	+	BccI	CCATC	11167	11168	.	.
11166	11169	+	MspJI	CNNR	11178	11182	.	.
11180	11183	+	SetI	ASST	11183	11179	.	.
11232	11235	+	FaiI	YATR	11233	11233	.	.
11260	11263	+	SetI	ASST	11263	11259	.	.
11260	11263	+	CviJI	RGCY	11261	11261	.	.
11260	11263	+	AluBI	AGCT	11261	11261	.	.
11294	11298	+	Tsp4CI	ACNGT	11296	11295	.	.
11284	11296	-	SgeI	CNNGNNNNNNNNN	11307	11283	.	.
11293	11296	-	MspJI	CNNR	11279	11283	.	.
11310	11313	+	MspJI	CNNR	11322	11326	.	.
11310	11313	+	FatI	CATG	11309	11313	.	.
11310	11313	+	FaiI	YATR	11311	11311	.	.
11310	11313	+	NlaIII	CATG	11313	11309	.	.
11310	11313	+	CviAII	CATG	11310	11312	.	.
11301	11313	-	SgeI	CNNGNNNNNNNNN	11324	11300	.	.
11310	11313	-	MspJI	CNNR	11296	11300	.	.
11322	11325	+	MspJI	CNNR	11334	11338	.	.
11323	11335	+	SgeI	CNNGNNNNNNNNN	11335	11311	.	.
11323	11326	+	MspJI	CNNR	11335	11339	.	.
11323	11326	+	MaeI	CTAG	11323	11325	.	.
11314	11326	-	SgeI	CNNGNNNNNNNNN	11337	11313	.	.
11329	11332	+	MluCI	AATT	11328	11332	.	.
11354	11358	+	TauI	GCSGC	11357	11354	.	.
11354	11358	+	BlsI	GCNGC	11356	11355	.	.
11354	11358	+	Fnu4HI	GCNGC	11355	11356	.	.
11355	11358	+	AciI	CCGC	11355	11357	.	.
11370	11373	+	MspJI	CNNR	11382	11386	.	.
11370	11373	+	FnuDII	CGCG	11371	11371	.	.
11368	11371	-	MspJI	CNNR	11354	11358	.	.
11371	11374	+	Hin6I	GCGC	11371	11373	.	.
11371	11374	+	GlaI	GCGC	11372	11372	.	.
11371	11374	+	HhaI	GCGC	11373	11371	.	.
11382	11392	+	BsaXI	ACNNNNNCTCC	11372	11369	11241	11238
11406	11409	+	CviRI	TGCA	11407	11407	.	.
11408	11411	+	FaiI	YATR	11409	11409	.	.
11408	11411	+	NlaIII	CATG	11411	11407	.	.
11408	11411	+	CviAII	CATG	11408	11410	.	.
11404	11408	-	BbvI	GCAGC	11391	11395	.	.
11399	11411	-	SgeI	CNNGNNNNNNNNN	11422	11398	.	.
11408	11411	-	MspJI	CNNR	11394	11398	.	.
11439	11442	+	CviJI	RGCY	11440	11440	.	.
11439	11442	+	AluBI	AGCT	11440	11440	.	.
11428	11440	-	SgeI	CNNGNNNNNNNNN	11451	11427	.	.
11437	11440	-	MspJI	CNNR	11423	11427	.	.
11459	11462	+	SetI	ASST	11462	11458	.	.
11460	11463	+	MspJI	CNNR	11472	11476	.	.
11452	11464	-	SgeI	CNNGNNNNNNNNN	11475	11451	.	.
11461	11464	-	MspJI	CNNR	11447	11451	.	.
11471	11474	+	MluCI	AATT	11470	11474	.	.
11503	11508	+	MmeI	TCCRAC	11528	11526	.	.
11514	11519	-	BsrDI	GCAATG	11513	11511	.	.
11540	11544	+	BccI	CCATC	11548	11549	.	.
11546	11549	+	AciI	CCGC	11546	11548	.	.
11543	11547	-	HphI	GGTGA	11535	11534	.	.
11550	11553	+	MspJI	CNNR	11562	11566	.	.
11561	11564	+	FaiI	YATR	11562	11562	.	.
11586	11589	+	MspJI	CNNR	11598	11602	.	.
11575	11587	-	SgeI	CNNGNNNNNNNNN	11598	11574	.	.
11584	11587	-	MspJI	CNNR	11570	11574	.	.
11585	11588	-	AciI	CCGC	11585	11587	.	.
11594	11597	+	Csp6I	GTAC	11594	11596	.	.
11594	11597	+	RsaI	GTAC	11595	11595	.	.
11616	11619	+	MspJI	CNNR	11628	11632	.	.
11676	11688	+	SgeI	CNNGNNNNNNNNN	11688	11664	.	.
11676	11679	+	MspJI	CNNR	11688	11692	.	.
11676	11679	+	LpnPI	CCDG	11689	11693	.	.
11671	11676	-	BseRI	GAGGAG	11662	11660	.	.
11667	11679	-	SgeI	CNNGNNNNNNNNN	11690	11666	.	.
11679	11683	+	Tsp45I	GTSAC	11678	11683	.	.
11676	11679	-	MspJI	CNNR	11662	11666	.	.
11679	11683	+	MaeIII	GTNAC	11678	11683	.	.
11700	11703	+	MspJI	CNNR	11712	11716	.	.
11700	11704	+	DdeI	CTNAG	11700	11703	.	.
11706	11709	+	Csp6I	GTAC	11706	11708	.	.
11706	11709	+	RsaI	GTAC	11707	11707	.	.
11771	11774	+	SetI	ASST	11774	11770	.	.
11800	11803	+	FaiI	YATR	11801	11801	.	.
11800	11803	+	NlaIII	CATG	11803	11799	.	.
11800	11803	+	CviAII	CATG	11800	11802	.	.
11801	11805	+	TspDTI	ATGAA	11816	11814	.	.
11791	11803	-	SgeI	CNNGNNNNNNNNN	11814	11790	.	.
11800	11803	-	MspJI	CNNR	11786	11790	.	.
11929	11932	+	MspJI	CNNR	11941	11945	.	.
11936	11939	+	MnlI	CCTC	11946	11945	.	.
11938	11941	-	MspJI	CNNR	11924	11928	.	.
11941	11944	+	Csp6I	GTAC	11941	11943	.	.
11941	11944	+	RsaI	GTAC	11942	11942	.	.
11935	11947	-	SgeI	CNNGNNNNNNNNN	11958	11934	.	.
11972	11976	+	BccI	CCATC	11980	11981	.	.
11976	11979	+	FaiI	YATR	11977	11977	.	.
11988	12000	+	SgeI	CNNGNNNNNNNNN	12000	11976	.	.
11988	11991	+	MspJI	CNNR	12000	12004	.	.
11979	11991	-	SgeI	CNNGNNNNNNNNN	12002	11978	.	.
11998	12001	-	MspJI	CNNR	11984	11988	.	.
12011	12014	+	FaiI	YATR	12012	12012	.	.
12016	12019	+	MnlI	CCTC	12026	12025	.	.
12032	12035	+	AciI	CCGC	12032	12034	.	.
12039	12043	-	TspDTI	ATGAA	12029	12027	.	.
12050	12055	+	Hpy178III	TCNNGA	12051	12053	.	.
12050	12055	+	BspHI	TCATGA	12050	12054	.	.
12051	12054	+	FatI	CATG	12050	12054	.	.
12051	12054	+	FaiI	YATR	12052	12052	.	.
12051	12054	+	NlaIII	CATG	12054	12050	.	.
12051	12054	+	CviAII	CATG	12051	12053	.	.
12049	12053	-	TspDTI	ATGAA	12039	12037	.	.
12053	12058	+	BclI	TGATCA	12053	12057	.	.
12042	12054	-	SgeI	CNNGNNNNNNNNN	12065	12041	.	.
12051	12054	-	MspJI	CNNR	12037	12041	.	.
12054	12057	+	DpnI	GATC	12055	12055	.	.
12054	12057	+	BstKTI	GATC	12056	12054	.	.
12054	12057	+	MboI	GATC	12053	12057	.	.
12063	12066	+	MluCI	AATT	12062	12066	.	.
12069	12072	+	MspJI	CNNR	12081	12085	.	.
12075	12080	+	SspI	AATATT	12077	12077	.	.
12086	12089	+	SetI	ASST	12089	12085	.	.
12087	12092	+	StyI	CCWWGG	12087	12091	.	.
12087	12092	+	SecI	CCNNGG	12087	12091	.	.
12088	12091	+	MspJI	CNNR	12100	12104	.	.
12079	12091	-	SgeI	CNNGNNNNNNNNN	12102	12078	.	.
12088	12091	-	MspJI	CNNR	12074	12078	.	.
12105	12108	+	MluCI	AATT	12104	12108	.	.
12182	12186	-	MboII	GAAGA	12174	12173	.	.
12186	12189	+	FaiI	YATR	12187	12187	.	.
12184	12188	-	TspDTI	ATGAA	12174	12172	.	.
12219	12222	+	FaiI	YATR	12220	12220	.	.
12231	12236	+	NdeI	CATATG	12232	12234	.	.
12231	12234	+	FaiI	YATR	12232	12232	.	.
12240	12243	+	FaiI	YATR	12241	12241	.	.
12273	12276	+	MspJI	CNNR	12285	12289	.	.
12275	12280	+	TatI	WGTACW	12275	12279	.	.
12275	12280	+	ScaI	AGTACT	12277	12277	.	.
12264	12276	-	SgeI	CNNGNNNNNNNNN	12287	12263	.	.
12273	12276	-	MspJI	CNNR	12259	12263	.	.
12276	12279	+	Csp6I	GTAC	12276	12278	.	.
12276	12279	+	RsaI	GTAC	12277	12277	.	.
12327	12330	+	FaiI	YATR	12328	12328	.	.
12333	12347	+	XcmI	CCANNNNNNNNNTGG	12340	12339	.	.
12333	12336	+	MspJI	CNNR	12345	12349	.	.
12320	12333	-	AjuI	GAANNNNNNNTTGG	12345	12340	12150	12145
12348	12352	-	BspCNI	CTCAG	12340	12338	.	.
12348	12352	-	BseMII	CTCAG	12339	12337	.	.
12363	12366	+	MluCI	AATT	12362	12366	.	.
12389	12393	+	HphI	GGTGA	12401	12400	.	.
12386	12390	-	BccI	CCATC	12380	12381	.	.
12395	12399	+	TspGWI	ACGGA	12410	12408	.	.
12396	12399	+	MspJI	CNNR	12408	12412	.	.
12394	12397	-	MspJI	CNNR	12380	12384	.	.
12406	12411	+	AcyI	GRCGYC	12407	12409	.	.
12416	12421	+	EcoP15I	CAGCAG	12446	12448	.	.
12418	12422	+	TseI	GCWGC	12418	12421	.	.
12424	12429	+	SfeI	CTRYAG	12424	12428	.	.
12429	12432	+	HaeIII	GGCC	12430	12430	.	.
12418	12430	-	SgeI	CNNGNNNNNNNNN	12441	12417	.	.
12427	12430	-	MspJI	CNNR	12413	12417	.	.
12427	12430	-	LpnPI	CCDG	12412	12416	.	.
12444	12447	+	AciI	CCGC	12444	12446	.	.
12458	12461	-	MspJI	CNNR	12444	12448	.	.
12470	12475	+	TsoI	TARCCA	12486	12484	.	.
12460	12472	-	SgeI	CNNGNNNNNNNNN	12483	12459	.	.
12469	12472	-	MspJI	CNNR	12455	12459	.	.
12474	12477	+	FaiI	YATR	12475	12475	.	.
12482	12486	+	TfiI	GAWTC	12482	12485	.	.
12479	12482	-	MspJI	CNNR	12465	12469	.	.
12482	12486	+	HinfI	GANTC	12482	12485	.	.
12485	12490	+	Hpy178III	TCNNGA	12486	12488	.	.
12486	12498	+	SgeI	CNNGNNNNNNNNN	12498	12474	.	.
12486	12489	+	MspJI	CNNR	12498	12502	.	.
12477	12489	-	SgeI	CNNGNNNNNNNNN	12500	12476	.	.
12486	12489	-	MspJI	CNNR	12472	12476	.	.
12542	12545	+	SetI	ASST	12545	12541	.	.
12543	12546	+	MspJI	CNNR	12555	12559	.	.
12555	12558	+	MnlI	CCTC	12565	12564	.	.
12570	12575	+	Cac8I	GCNNGC	12572	12572	.	.
12570	12575	+	BmtI	GCTAGC	12574	12570	.	.
12570	12575	+	NheI	GCTAGC	12570	12574	.	.
12599	12602	-	MspJI	CNNR	12585	12589	.	.
12599	12604	-	TaqII	GACCGA	12589	12587	.	.
12603	12607	-	MboII	GAAGA	12595	12594	.	.
12602	12607	-	BbvII	GAAGAC	12595	12599	.	.
12631	12635	-	Hin4II	CCTTC	12625	12624	.	.
12667	12672	+	TatI	WGTACW	12667	12671	.	.
12656	12668	-	SgeI	CNNGNNNNNNNNN	12679	12655	.	.
12665	12668	-	MspJI	CNNR	12651	12655	.	.
12668	12671	+	Csp6I	GTAC	12668	12670	.	.
12663	12668	-	Bce83I	CTTGAG	12648	12646	.	.
12668	12671	+	RsaI	GTAC	12669	12669	.	.
12717	12720	+	MspJI	CNNR	12729	12733	.	.
12717	12720	+	FaiI	YATR	12718	12718	.	.
12738	12741	+	MspJI	CNNR	12750	12754	.	.
12743	12747	+	BccI	CCATC	12751	12752	.	.
12747	12750	+	MspJI	CNNR	12759	12763	.	.
12852	12857	+	VspI	ATTAAT	12853	12855	.	.
12863	12868	+	TsoI	TARCCA	12879	12877	.	.
12887	12890	+	SetI	ASST	12890	12886	.	.
12888	12891	+	MspJI	CNNR	12900	12904	.	.
12897	12900	+	MnlI	CCTC	12907	12906	.	.
12892	12897	-	BsmI	GAATGC	12892	12890	.	.
12901	12904	+	FaiI	YATR	12902	12902	.	.
12909	12914	+	TaqII	CACCCA	12925	12923	.	.
12906	12911	-	BsgI	GTGCAG	12891	12889	.	.
12924	12927	+	MspJI	CNNR	12936	12940	.	.
12920	12924	-	MboII	GAAGA	12912	12911	.	.
12915	12927	-	SgeI	CNNGNNNNNNNNN	12938	12914	.	.
12924	12927	-	MspJI	CNNR	12910	12914	.	.
12950	12953	+	MboI	GATC	12949	12953	.	.
12950	12960	-	Hin4I	GAYNNNNNVTC	12973	12968	12778	12773
12957	12961	-	FokI	GGATG	12943	12947	.	.
12957	12961	-	BseGI	GGATG	12956	12954	.	.
13026	13029	+	MspJI	CNNR	13038	13042	.	.
13022	13026	-	HphI	GGTGA	13014	13013	.	.
13032	13035	+	MspJI	CNNR	13044	13048	.	.
13052	13064	-	SgeI	CNNGNNNNNNNNN	13075	13051	.	.
13061	13064	-	MspJI	CNNR	13047	13051	.	.
13061	13064	-	LpnPI	CCDG	13046	13050	.	.
13070	13074	+	Hin4II	CCTTC	13080	13079	.	.
13119	13127	+	DraIII	CACNNNGTG	13124	13121	.	.
13124	13127	+	MspJI	CNNR	13136	13140	.	.
13115	13127	-	SgeI	CNNGNNNNNNNNN	13138	13114	.	.
13127	13130	+	Csp6I	GTAC	13127	13129	.	.
13127	13130	+	RsaI	GTAC	13128	13128	.	.
13184	13188	+	Tsp4CI	ACNGT	13186	13185	.	.
13186	13191	+	TatI	WGTACW	13186	13190	.	.
13186	13191	+	ScaI	AGTACT	13188	13188	.	.
13187	13190	+	Csp6I	GTAC	13187	13189	.	.
13187	13190	+	RsaI	GTAC	13188	13188	.	.
13280	13283	+	MseI	TTAA	13280	13282	.	.
13385	13390	-	TsoI	TARCCA	13375	13373	.	.
13406	13409	-	MspJI	CNNR	13392	13396	.	.
13416	13419	-	MspJI	CNNR	13402	13406	.	.
13408	13420	-	SgeI	CNNGNNNNNNNNN	13431	13407	.	.
13423	13426	-	MspJI	CNNR	13409	13413	.	.
13464	13469	+	MmeI	TCCRAC	13489	13487	.	.
13479	13482	+	MspJI	CNNR	13491	13495	.	.
13485	13488	+	MspJI	CNNR	13497	13501	.	.
13487	13490	+	MspJI	CNNR	13499	13503	.	.
13478	13490	-	SgeI	CNNGNNNNNNNNN	13501	13477	.	.
13487	13490	-	MspJI	CNNR	13473	13477	.	.
13485	13490	-	Bce83I	CTTGAG	13470	13468	.	.
13496	13499	-	MspJI	CNNR	13482	13486	.	.
13518	13522	-	HphI	GGTGA	13510	13509	.	.
13533	13536	+	MspJI	CNNR	13545	13549	.	.
13575	13580	+	XbaI	TCTAGA	13575	13579	.	.
13575	13580	+	Hpy178III	TCNNGA	13576	13578	.	.
13576	13579	+	MspJI	CNNR	13588	13592	.	.
13576	13579	+	MaeI	CTAG	13576	13578	.	.
13567	13579	-	SgeI	CNNGNNNNNNNNN	13590	13566	.	.
13576	13579	-	MspJI	CNNR	13562	13566	.	.
13594	13603	+	XmnI	GAANNNNTTC	13598	13598	.	.
13613	13617	+	BccI	CCATC	13621	13622	.	.
13626	13629	+	MspJI	CNNR	13638	13642	.	.
13656	13659	+	MspJI	CNNR	13668	13672	.	.
13656	13659	+	LpnPI	CCDG	13669	13673	.	.
13647	13659	-	SgeI	CNNGNNNNNNNNN	13670	13646	.	.
13656	13659	-	MspJI	CNNR	13642	13646	.	.
13671	13674	+	MspJI	CNNR	13683	13687	.	.
13690	13694	-	TspDTI	ATGAA	13680	13678	.	.
13712	13717	+	Cac8I	GCNNGC	13714	13714	.	.
13713	13716	+	MspJI	CNNR	13725	13729	.	.
13713	13716	+	LpnPI	CCDG	13726	13730	.	.
13704	13716	-	SgeI	CNNGNNNNNNNNN	13727	13703	.	.
13713	13716	-	MspJI	CNNR	13699	13703	.	.
13756	13767	+	TstI	CACNNNNNNTCC	13747	13742	13611	13606
13755	13759	-	HphI	GGTGA	13747	13746	.	.
13750	13762	-	SgeI	CNNGNNNNNNNNN	13773	13749	.	.
13778	13781	+	DpnI	GATC	13779	13779	.	.
13778	13781	+	BstKTI	GATC	13780	13778	.	.
13778	13781	+	MboI	GATC	13777	13781	.	.
13781	13785	-	FokI	GGATG	13767	13771	.	.
13781	13785	-	BseGI	GGATG	13780	13778	.	.
13786	13789	+	MspJI	CNNR	13798	13802	.	.
13775	13787	-	SgeI	CNNGNNNNNNNNN	13798	13774	.	.
13822	13825	+	CviJI	RGCY	13823	13823	.	.
13833	13838	+	SfeI	CTRYAG	13833	13837	.	.
13837	13840	+	CviJI	RGCY	13838	13838	.	.
13837	13840	+	AluBI	AGCT	13838	13838	.	.
13842	13845	+	MnlI	CCTC	13852	13851	.	.
13843	13846	+	MspJI	CNNR	13855	13859	.	.
13854	13857	+	CviJI	RGCY	13855	13855	.	.
13864	13867	+	SetI	ASST	13867	13863	.	.
13862	13866	-	HphI	GGTGA	13854	13853	.	.
13856	13868	-	SgeI	CNNGNNNNNNNNN	13879	13855	.	.
13933	13936	+	SetI	ASST	13936	13932	.	.
13931	13935	-	HphI	GGTGA	13923	13922	.	.
13972	13984	+	SgeI	CNNGNNNNNNNNN	13984	13960	.	.
13972	13975	+	MspJI	CNNR	13984	13988	.	.
13974	13977	+	CviJI	RGCY	13975	13975	.	.
13963	13975	-	SgeI	CNNGNNNNNNNNN	13986	13962	.	.
13972	13975	-	MspJI	CNNR	13958	13962	.	.
13987	13992	+	NlaIV	GGNNCC	13989	13989	.	.
13987	13992	+	HgiCI	GGYRCC	13987	13991	.	.
14009	14013	-	BsmAI	GTCTC	14003	14007	.	.
14009	14014	-	Eco31I	GGTCTC	14003	14007	.	.
14019	14025	+	SauI	CCTNAGG	14020	14023	.	.
14020	14023	+	MspJI	CNNR	14032	14036	.	.
14020	14024	+	DdeI	CTNAG	14020	14023	.	.
14020	14024	+	BspCNI	CTCAG	14033	14031	.	.
14020	14024	+	BseMII	CTCAG	14034	14032	.	.
14021	14026	+	Hpy178III	TCNNGA	14022	14024	.	.
14024	14029	-	BciVI	GTATCC	14018	14017	.	.
14033	14036	-	MspJI	CNNR	14019	14023	.	.
14033	14037	-	TspGWI	ACGGA	14023	14021	.	.
14038	14041	+	CviJI	RGCY	14039	14039	.	.
14038	14041	+	AluBI	AGCT	14039	14039	.	.
14080	14083	+	MspJI	CNNR	14092	14096	.	.
14104	14107	+	SetI	ASST	14107	14103	.	.
14131	14134	+	MspJI	CNNR	14143	14147	.	.
14173	14176	+	MspJI	CNNR	14185	14189	.	.
14173	14177	+	FauI	CCCGC	14181	14183	.	.
14174	14177	+	AciI	CCGC	14174	14176	.	.
14164	14176	-	SgeI	CNNGNNNNNNNNN	14187	14163	.	.
14173	14176	-	MspJI	CNNR	14159	14163	.	.
14176	14180	-	BceAI	ACGGC	14161	14163	.	.
14192	14195	+	CviJI	RGCY	14193	14193	.	.
14305	14309	-	HphI	GGTGA	14297	14296	.	.
14350	14353	+	MspJI	CNNR	14362	14366	.	.
14387	14391	-	TspDTI	ATGAA	14377	14375	.	.
14498	14501	+	FaiI	YATR	14499	14499	.	.
14509	14512	+	MspJI	CNNR	14521	14525	.	.
14537	14540	+	FaiI	YATR	14538	14538	.	.
14545	14550	+	Hpy178III	TCNNGA	14546	14548	.	.
14552	14557	+	MjaIV	GTNNAC	14554	14554	.	.
14552	14557	+	HindII	GTYRAC	14554	14554	.	.
14547	14552	-	Esp3I	CGTCTC	14541	14545	.	.
14566	14569	+	MluCI	AATT	14565	14569	.	.
14571	14574	-	MspJI	CNNR	14557	14561	.	.
14578	14581	+	FaiI	YATR	14579	14579	.	.
14589	14593	+	TspGWI	ACGGA	14604	14602	.	.
14590	14593	+	MspJI	CNNR	14602	14606	.	.
14620	14623	+	MspJI	CNNR	14632	14636	.	.
14620	14630	+	BsiYI	CCNNNNNNNGG	14626	14623	.	.
14623	14628	+	AflIII	ACRYGT	14623	14627	.	.
14624	14629	+	PmaCI	CACGTG	14626	14626	.	.
14626	14629	+	MspJI	CNNR	14638	14642	.	.
14624	14627	-	MspJI	CNNR	14610	14614	.	.
14617	14629	-	SgeI	CNNGNNNNNNNNN	14640	14616	.	.
14626	14629	-	MspJI	CNNR	14612	14616	.	.
14661	14665	-	HphI	GGTGA	14653	14652	.	.
14704	14707	+	FaiI	YATR	14705	14705	.	.
14755	14758	-	MspJI	CNNR	14741	14745	.	.
14756	14759	-	MspJI	CNNR	14742	14746	.	.
14770	14773	+	MluCI	AATT	14769	14773	.	.
14782	14786	+	Tsp4CI	ACNGT	14784	14783	.	.
14794	14797	+	MspJI	CNNR	14806	14810	.	.
14796	14799	+	FaiI	YATR	14797	14797	.	.
14807	14812	+	SpeI	ACTAGT	14807	14811	.	.
14799	14811	-	SgeI	CNNGNNNNNNNNN	14822	14798	.	.
14808	14811	-	MspJI	CNNR	14794	14798	.	.
14821	14825	+	TspDTI	ATGAA	14836	14834	.	.
14831	14836	+	EciI	GGCGGA	14847	14845	.	.
14827	14831	-	BspCNI	CTCAG	14819	14817	.	.
14827	14831	-	BseMII	CTCAG	14818	14816	.	.
14829	14832	-	MnlI	CCTC	14822	14821	.	.
14835	14839	+	TfiI	GAWTC	14835	14838	.	.
14835	14839	+	HinfI	GANTC	14835	14838	.	.
14832	14835	-	AciI	CCGC	14832	14834	.	.
14839	14842	+	MspJI	CNNR	14851	14855	.	.
14839	14843	+	DdeI	CTNAG	14839	14842	.	.
14839	14843	+	BspCNI	CTCAG	14852	14850	.	.
14839	14843	+	BseMII	CTCAG	14853	14851	.	.
14851	14854	+	CviJI	RGCY	14852	14852	.	.
14851	14854	+	AluBI	AGCT	14852	14852	.	.
14884	14888	-	FokI	GGATG	14870	14874	.	.
14884	14888	-	BseGI	GGATG	14883	14881	.	.
14905	14908	+	CviJI	RGCY	14906	14906	.	.
14903	14906	-	MspJI	CNNR	14889	14893	.	.
14908	14911	+	MspJI	CNNR	14920	14924	.	.
14926	14936	+	BsaXI	ACNNNNNCTCC	14916	14913	14778	14775
14960	14965	+	BetI	WCCGGW	14960	14964	.	.
14960	14965	+	BspMII	TCCGGA	14960	14964	.	.
14961	14964	+	LpnPI	CCDG	14974	14978	.	.
14961	14964	+	HpaII	CCGG	14961	14963	.	.
14962	14965	+	MspJI	CNNR	14974	14978	.	.
14960	14963	-	MspJI	CNNR	14946	14950	.	.
14952	14964	-	SgeI	CNNGNNNNNNNNN	14975	14951	.	.
14961	14964	-	MspJI	CNNR	14947	14951	.	.
14961	14964	-	LpnPI	CCDG	14946	14950	.	.
14965	14968	+	MluCI	AATT	14964	14968	.	.
14978	14982	+	Hpy188I	TCNGA	14980	14979	.	.
14975	14979	-	PleI	GAGTC	14969	14970	.	.
14995	14999	-	HphI	GGTGA	14987	14986	.	.
15014	15026	-	SgeI	CNNGNNNNNNNNN	15037	15013	.	.
15023	15026	-	MspJI	CNNR	15009	15013	.	.
15026	15031	+	DinI	GGCGCC	15028	15028	.	.
15026	15031	+	NlaIV	GGNNCC	15028	15028	.	.
15026	15031	+	BfoI	RGCGCY	15030	15026	.	.
15026	15031	+	AcyI	GRCGYC	15027	15029	.	.
15026	15031	+	HgiCI	GGYRCC	15026	15030	.	.
15024	15027	-	MspJI	CNNR	15010	15014	.	.
15027	15030	+	Hin6I	GCGC	15027	15029	.	.
15027	15030	+	GlaI	GCGC	15028	15028	.	.
15027	15030	+	HhaI	GCGC	15029	15027	.	.
15031	15034	+	FaiI	YATR	15032	15032	.	.
15073	15076	+	SetI	ASST	15076	15072	.	.
15074	15077	+	LpnPI	CCDG	15087	15091	.	.
15103	15107	-	FokI	GGATG	15089	15093	.	.
15108	15111	+	AciI	CCGC	15108	15110	.	.
15098	15110	-	SgeI	CNNGNNNNNNNNN	15121	15097	.	.
15107	15110	-	MspJI	CNNR	15093	15097	.	.
15145	15157	+	SgeI	CNNGNNNNNNNNN	15157	15133	.	.
15145	15148	+	MspJI	CNNR	15157	15161	.	.
15143	15146	-	MspJI	CNNR	15129	15133	.	.
15136	15148	-	SgeI	CNNGNNNNNNNNN	15159	15135	.	.
15165	15168	+	FaiI	YATR	15166	15166	.	.
15167	15170	-	MspJI	CNNR	15153	15157	.	.
15175	15178	-	MspJI	CNNR	15161	15165	.	.
15201	15204	-	MnlI	CCTC	15194	15193	.	.
15215	15218	+	MspJI	CNNR	15227	15231	.	.
15235	15238	+	MspJI	CNNR	15247	15251	.	.
15237	15242	+	TsoI	TARCCA	15253	15251	.	.
15227	15239	-	SgeI	CNNGNNNNNNNNN	15250	15226	.	.
15236	15239	-	MspJI	CNNR	15222	15226	.	.
15240	15244	+	BccI	CCATC	15248	15249	.	.
15257	15260	+	FaiI	YATR	15258	15258	.	.
15310	15313	+	MspJI	CNNR	15322	15326	.	.
15309	15312	-	MspJI	CNNR	15295	15299	.	.
15316	15321	+	SpeI	ACTAGT	15316	15320	.	.
15331	15334	+	MnlI	CCTC	15341	15340	.	.
15329	15334	-	BseRI	GAGGAG	15320	15318	.	.
15333	15337	-	HphI	GGTGA	15325	15324	.	.
15351	15355	+	TauI	GCSGC	15354	15351	.	.
15348	15351	-	MspJI	CNNR	15334	15338	.	.
15351	15355	+	BlsI	GCNGC	15353	15352	.	.
15351	15355	+	Fnu4HI	GCNGC	15352	15353	.	.
15352	15357	+	CfrI	YGGCCR	15352	15356	.	.
15353	15356	+	CviJI	RGCY	15354	15354	.	.
15353	15356	+	HaeIII	GGCC	15354	15354	.	.
15351	15354	-	AciI	CCGC	15351	15353	.	.
15355	15358	+	MspJI	CNNR	15367	15371	.	.
15368	15373	+	TaqII	CACCCA	15384	15382	.	.
15374	15378	-	TspDTI	ATGAA	15364	15362	.	.
15411	15416	+	Hpy178III	TCNNGA	15412	15414	.	.
15411	15416	+	BspHI	TCATGA	15411	15415	.	.
15412	15415	+	FatI	CATG	15411	15415	.	.
15412	15415	+	FaiI	YATR	15413	15413	.	.
15412	15415	+	NlaIII	CATG	15415	15411	.	.
15412	15415	+	CviAII	CATG	15412	15414	.	.
15410	15414	-	TspDTI	ATGAA	15400	15398	.	.
15403	15415	-	SgeI	CNNGNNNNNNNNN	15426	15402	.	.
15415	15419	+	TfiI	GAWTC	15415	15418	.	.
15412	15415	-	MspJI	CNNR	15398	15402	.	.
15415	15419	+	HinfI	GANTC	15415	15418	.	.
15421	15424	+	MspJI	CNNR	15433	15437	.	.
15421	15424	+	LpnPI	CCDG	15434	15438	.	.
15421	15425	+	BssKI	CCNGG	15420	15425	.	.
15421	15425	+	ScrFI	CCNGG	15422	15423	.	.
15421	15425	+	BciT130I	CCWGG	15422	15423	.	.
15421	15425	+	EcoRII	CCWGG	15420	15425	.	.
15412	15424	-	SgeI	CNNGNNNNNNNNN	15435	15411	.	.
15421	15424	-	MspJI	CNNR	15407	15411	.	.
15424	15428	+	BmgT120I	GGNCC	15425	15426	.	.
15424	15428	+	AvaII	GGWCC	15424	15427	.	.
15424	15428	+	AsuI	GGNCC	15424	15427	.	.
15413	15425	-	SgeI	CNNGNNNNNNNNN	15436	15412	.	.
15422	15425	-	MspJI	CNNR	15408	15412	.	.
15422	15425	-	LpnPI	CCDG	15407	15411	.	.
15427	15430	+	MnlI	CCTC	15437	15436	.	.
15433	15436	+	SetI	ASST	15436	15432	.	.
15525	15535	-	Hin4I	GAYNNNNNVTC	15548	15543	15344	15339
15613	15616	-	MspJI	CNNR	15599	15603	.	.
15646	15649	+	MspJI	CNNR	15658	15662	.	.
15651	15654	+	FaiI	YATR	15652	15652	.	.
15647	15651	-	HphI	GGTGA	15639	15638	.	.
15703	15706	+	SetI	ASST	15706	15702	.	.
15704	15707	+	MspJI	CNNR	15716	15720	.	.
15712	15717	+	Cac8I	GCNNGC	15714	15714	.	.
15713	15716	+	MspJI	CNNR	15725	15729	.	.
15704	15716	-	SgeI	CNNGNNNNNNNNN	15727	15703	.	.
15713	15716	-	MspJI	CNNR	15699	15703	.	.
15717	15720	+	MspJI	CNNR	15729	15733	.	.
15717	15721	+	BssKI	CCNGG	15716	15721	.	.
15717	15721	+	ScrFI	CCNGG	15718	15719	.	.
15717	15721	+	CauII	CCSGG	15718	15719	.	.
15708	15720	-	SgeI	CNNGNNNNNNNNN	15731	15707	.	.
15717	15720	-	MspJI	CNNR	15703	15707	.	.
15709	15721	-	SgeI	CNNGNNNNNNNNN	15732	15708	.	.
15718	15721	-	MspJI	CNNR	15704	15708	.	.
15718	15721	-	LpnPI	CCDG	15703	15707	.	.
15875	15879	+	BsrI	ACTGG	15880	15878	.	.
15877	15889	+	SgeI	CNNGNNNNNNNNN	15889	15865	.	.
15877	15880	+	MspJI	CNNR	15889	15893	.	.
15868	15880	-	SgeI	CNNGNNNNNNNNN	15891	15867	.	.
15877	15880	-	MspJI	CNNR	15863	15867	.	.
15877	15880	-	LpnPI	CCDG	15862	15866	.	.
16084	16088	+	DdeI	CTNAG	16084	16087	.	.
16115	16118	-	MspJI	CNNR	16101	16105	.	.
16108	16120	-	SgeI	CNNGNNNNNNNNN	16131	16107	.	.
16145	16150	+	SduI	GDGCHC	16149	16145	.	.
16145	16150	+	BaeGI	GKGCMC	16149	16145	.	.
16145	16150	+	ApaLI	GTGCAC	16145	16149	.	.
16145	16150	+	HgiAI	GWGCWC	16149	16145	.	.
16146	16149	+	CviRI	TGCA	16147	16147	.	.
16135	16147	-	SgeI	CNNGNNNNNNNNN	16158	16134	.	.
16168	16172	+	BccI	CCATC	16176	16177	.	.
16172	16175	+	MspJI	CNNR	16184	16188	.	.
16183	16188	+	NlaIV	GGNNCC	16185	16185	.	.
16187	16190	+	MspJI	CNNR	16199	16203	.	.
16236	16239	-	MspJI	CNNR	16222	16226	.	.
16274	16278	+	BslFI	GGGAC	16288	16292	.	.
16273	16276	-	MspJI	CNNR	16259	16263	.	.
16331	16334	+	FatI	CATG	16330	16334	.	.
16331	16334	+	FaiI	YATR	16332	16332	.	.
16331	16334	+	NlaIII	CATG	16334	16330	.	.
16331	16334	+	CviAII	CATG	16331	16333	.	.
16332	16337	+	EcoT22I	ATGCAT	16336	16332	.	.
16333	16336	+	CviRI	TGCA	16334	16334	.	.
16322	16334	-	SgeI	CNNGNNNNNNNNN	16345	16321	.	.
16353	16356	-	MspJI	CNNR	16339	16343	.	.
16509	16513	+	MaeIII	GTNAC	16508	16513	.	.
16515	16527	+	SgeI	CNNGNNNNNNNNN	16527	16503	.	.
16515	16518	+	MspJI	CNNR	16527	16531	.	.
16506	16518	-	SgeI	CNNGNNNNNNNNN	16529	16505	.	.
16515	16518	-	MspJI	CNNR	16501	16505	.	.
16515	16518	-	LpnPI	CCDG	16500	16504	.	.
16559	16562	+	FaiI	YATR	16560	16560	.	.
16563	16566	+	MspJI	CNNR	16575	16579	.	.
16565	16568	+	MspJI	CNNR	16577	16581	.	.
16565	16568	+	FaiI	YATR	16566	16566	.	.
16567	16570	+	FaiI	YATR	16568	16568	.	.
16573	16582	+	MslI	CAYNNNNRTG	16577	16577	.	.
16573	16582	+	OliI	CACNNNNGTG	16577	16577	.	.
16577	16589	+	SgeI	CNNGNNNNNNNNN	16589	16565	.	.
16577	16580	+	MspJI	CNNR	16589	16593	.	.
16579	16591	+	SgeI	CNNGNNNNNNNNN	16591	16567	.	.
16579	16582	+	MspJI	CNNR	16591	16595	.	.
16577	16580	-	MspJI	CNNR	16563	16567	.	.
16580	16585	+	MjaIV	GTNNAC	16582	16582	.	.
16580	16585	+	SduI	GDGCHC	16584	16580	.	.
16580	16585	+	BaeGI	GKGCMC	16584	16580	.	.
16580	16585	+	ApaLI	GTGCAC	16580	16584	.	.
16580	16585	+	HgiAI	GWGCWC	16584	16580	.	.
16570	16582	-	SgeI	CNNGNNNNNNNNN	16593	16569	.	.
16579	16582	-	MspJI	CNNR	16565	16569	.	.
16584	16589	+	AflIII	ACRYGT	16584	16588	.	.
16585	16588	+	MspJI	CNNR	16597	16601	.	.
16585	16590	+	BsaAI	YACGTR	16587	16587	.	.
16586	16589	+	TaiI	ACGT	16589	16585	.	.
16586	16589	+	SetI	ASST	16589	16585	.	.
16586	16589	+	MaeII	ACGT	16586	16588	.	.
16587	16592	+	SplI	CGTACG	16587	16591	.	.
16576	16588	-	SgeI	CNNGNNNNNNNNN	16599	16575	.	.
16585	16588	-	MspJI	CNNR	16571	16575	.	.
16588	16591	+	Csp6I	GTAC	16588	16590	.	.
16588	16591	+	RsaI	GTAC	16589	16589	.	.
16594	16599	+	AflIII	ACRYGT	16594	16598	.	.
16595	16600	+	BsaAI	YACGTR	16597	16597	.	.
16597	16602	+	SplI	CGTACG	16597	16601	.	.
16586	16598	-	SgeI	CNNGNNNNNNNNN	16609	16585	.	.
16595	16598	-	MspJI	CNNR	16581	16585	.	.
16599	16602	-	MspJI	CNNR	16585	16589	.	.
16604	16609	+	AflIII	ACRYGT	16604	16608	.	.
16605	16610	+	BsaAI	YACGTR	16607	16607	.	.
16607	16612	+	SplI	CGTACG	16607	16611	.	.
16596	16608	-	SgeI	CNNGNNNNNNNNN	16619	16595	.	.
16614	16619	+	AflIII	ACRYGT	16614	16618	.	.
16615	16620	+	BsaAI	YACGTR	16617	16617	.	.
16617	16622	+	SplI	CGTACG	16617	16621	.	.
16606	16618	-	SgeI	CNNGNNNNNNNNN	16629	16605	.	.
16615	16618	-	MspJI	CNNR	16601	16605	.	.
16624	16629	+	AflIII	ACRYGT	16624	16628	.	.
16625	16630	+	BsaAI	YACGTR	16627	16627	.	.
16627	16632	+	SplI	CGTACG	16627	16631	.	.
16616	16628	-	SgeI	CNNGNNNNNNNNN	16639	16615	.	.
16625	16628	-	MspJI	CNNR	16611	16615	.	.
16634	16639	+	AflIII	ACRYGT	16634	16638	.	.
16635	16640	+	BsaAI	YACGTR	16637	16637	.	.
16637	16642	+	SplI	CGTACG	16637	16641	.	.
16626	16638	-	SgeI	CNNGNNNNNNNNN	16649	16625	.	.
16635	16638	-	MspJI	CNNR	16621	16625	.	.
16644	16649	+	AflIII	ACRYGT	16644	16648	.	.
16645	16650	+	BsaAI	YACGTR	16647	16647	.	.
16647	16652	+	SplI	CGTACG	16647	16651	.	.
16636	16648	-	SgeI	CNNGNNNNNNNNN	16659	16635	.	.
16645	16648	-	MspJI	CNNR	16631	16635	.	.
16654	16659	+	AflIII	ACRYGT	16654	16658	.	.
16655	16660	+	BsaAI	YACGTR	16657	16657	.	.
16657	16662	+	SplI	CGTACG	16657	16661	.	.
16646	16658	-	SgeI	CNNGNNNNNNNNN	16669	16645	.	.
16655	16658	-	MspJI	CNNR	16641	16645	.	.
16664	16669	+	AflIII	ACRYGT	16664	16668	.	.
16665	16670	+	BsaAI	YACGTR	16667	16667	.	.
16667	16672	+	SplI	CGTACG	16667	16671	.	.
16656	16668	-	SgeI	CNNGNNNNNNNNN	16679	16655	.	.
16665	16668	-	MspJI	CNNR	16651	16655	.	.
16674	16679	+	AflIII	ACRYGT	16674	16678	.	.
16675	16680	+	BsaAI	YACGTR	16677	16677	.	.
16677	16682	+	SplI	CGTACG	16677	16681	.	.
16666	16678	-	SgeI	CNNGNNNNNNNNN	16689	16665	.	.
16675	16678	-	MspJI	CNNR	16661	16665	.	.
16684	16689	+	AflIII	ACRYGT	16684	16688	.	.
16685	16690	+	BsaAI	YACGTR	16687	16687	.	.
16687	16692	+	SplI	CGTACG	16687	16691	.	.
16676	16688	-	SgeI	CNNGNNNNNNNNN	16699	16675	.	.
16685	16688	-	MspJI	CNNR	16671	16675	.	.
16694	16699	+	AflIII	ACRYGT	16694	16698	.	.
16695	16700	+	BsaAI	YACGTR	16697	16697	.	.
16697	16702	+	SplI	CGTACG	16697	16701	.	.
16686	16698	-	SgeI	CNNGNNNNNNNNN	16709	16685	.	.
16695	16698	-	MspJI	CNNR	16681	16685	.	.
16704	16709	+	AflIII	ACRYGT	16704	16708	.	.
16705	16710	+	BsaAI	YACGTR	16707	16707	.	.
16707	16712	+	SplI	CGTACG	16707	16711	.	.
16696	16708	-	SgeI	CNNGNNNNNNNNN	16719	16695	.	.
16705	16708	-	MspJI	CNNR	16691	16695	.	.
16714	16719	+	AflIII	ACRYGT	16714	16718	.	.
16715	16720	+	BsaAI	YACGTR	16717	16717	.	.
16717	16722	+	SplI	CGTACG	16717	16721	.	.
16706	16718	-	SgeI	CNNGNNNNNNNNN	16729	16705	.	.
16715	16718	-	MspJI	CNNR	16701	16705	.	.
16724	16729	+	AflIII	ACRYGT	16724	16728	.	.
16725	16730	+	BsaAI	YACGTR	16727	16727	.	.
16727	16732	+	SplI	CGTACG	16727	16731	.	.
16716	16728	-	SgeI	CNNGNNNNNNNNN	16739	16715	.	.
16725	16728	-	MspJI	CNNR	16711	16715	.	.
16734	16739	+	AflIII	ACRYGT	16734	16738	.	.
16735	16740	+	BsaAI	YACGTR	16737	16737	.	.
16737	16742	+	SplI	CGTACG	16737	16741	.	.
16726	16738	-	SgeI	CNNGNNNNNNNNN	16749	16725	.	.
16735	16738	-	MspJI	CNNR	16721	16725	.	.
16744	16749	+	AflIII	ACRYGT	16744	16748	.	.
16745	16750	+	BsaAI	YACGTR	16747	16747	.	.
16747	16752	+	SplI	CGTACG	16747	16751	.	.
16736	16748	-	SgeI	CNNGNNNNNNNNN	16759	16735	.	.
16745	16748	-	MspJI	CNNR	16731	16735	.	.
16754	16759	+	AflIII	ACRYGT	16754	16758	.	.
16755	16760	+	BsaAI	YACGTR	16757	16757	.	.
16757	16762	+	SplI	CGTACG	16757	16761	.	.
16746	16758	-	SgeI	CNNGNNNNNNNNN	16769	16745	.	.
16755	16758	-	MspJI	CNNR	16741	16745	.	.
16764	16769	+	AflIII	ACRYGT	16764	16768	.	.
16765	16770	+	BsaAI	YACGTR	16767	16767	.	.
16767	16772	+	SplI	CGTACG	16767	16771	.	.
16756	16768	-	SgeI	CNNGNNNNNNNNN	16779	16755	.	.
16765	16768	-	MspJI	CNNR	16751	16755	.	.
16774	16779	+	AflIII	ACRYGT	16774	16778	.	.
16775	16780	+	BsaAI	YACGTR	16777	16777	.	.
16777	16782	+	SplI	CGTACG	16777	16781	.	.
16766	16778	-	SgeI	CNNGNNNNNNNNN	16789	16765	.	.
16775	16778	-	MspJI	CNNR	16761	16765	.	.
16784	16789	+	AflIII	ACRYGT	16784	16788	.	.
16785	16790	+	BsaAI	YACGTR	16787	16787	.	.
16787	16792	+	SplI	CGTACG	16787	16791	.	.
16776	16788	-	SgeI	CNNGNNNNNNNNN	16799	16775	.	.
16785	16788	-	MspJI	CNNR	16771	16775	.	.
16794	16799	+	AflIII	ACRYGT	16794	16798	.	.
16795	16800	+	BsaAI	YACGTR	16797	16797	.	.
16797	16802	+	SplI	CGTACG	16797	16801	.	.
16786	16798	-	SgeI	CNNGNNNNNNNNN	16809	16785	.	.
16795	16798	-	MspJI	CNNR	16781	16785	.	.
16809	16821	+	SgeI	CNNGNNNNNNNNN	16821	16797	.	.
16809	16812	+	MspJI	CNNR	16821	16825	.	.
16809	16814	+	BsaAI	YACGTR	16811	16811	.	.
16810	16813	+	TaiI	ACGT	16813	16809	.	.
16810	16813	+	SetI	ASST	16813	16809	.	.
16810	16813	+	MaeII	ACGT	16810	16812	.	.
16800	16812	-	SgeI	CNNGNNNNNNNNN	16823	16799	.	.
16812	16817	+	MjaIV	GTNNAC	16814	16814	.	.
16812	16815	+	Csp6I	GTAC	16812	16814	.	.
16812	16815	+	RsaI	GTAC	16813	16813	.	.
16817	16820	+	MspJI	CNNR	16829	16833	.	.
16817	16822	+	BsaAI	YACGTR	16819	16819	.	.
16819	16822	+	MspJI	CNNR	16831	16835	.	.
16808	16820	-	SgeI	CNNGNNNNNNNNN	16831	16807	.	.
16820	16825	+	MjaIV	GTNNAC	16822	16822	.	.
16820	16823	+	Csp6I	GTAC	16820	16822	.	.
16820	16823	+	RsaI	GTAC	16821	16821	.	.
16824	16829	+	AflIII	ACRYGT	16824	16828	.	.
16825	16830	+	BsaAI	YACGTR	16827	16827	.	.
16816	16828	-	SgeI	CNNGNNNNNNNNN	16839	16815	.	.
16835	16847	+	SgeI	CNNGNNNNNNNNN	16847	16823	.	.
16835	16838	+	MspJI	CNNR	16847	16851	.	.
16836	16840	+	Tsp4CI	ACNGT	16838	16837	.	.
16826	16838	-	SgeI	CNNGNNNNNNNNN	16849	16825	.	.
16839	16842	+	Csp6I	GTAC	16839	16841	.	.
16839	16842	+	RsaI	GTAC	16840	16840	.	.
16840	16845	+	SnaBI	TACGTA	16842	16842	.	.
16840	16845	+	BsaAI	YACGTR	16842	16842	.	.
16841	16844	+	MaeII	ACGT	16841	16843	.	.
16840	16843	-	MspJI	CNNR	16826	16830	.	.
16843	16848	+	MjaIV	GTNNAC	16845	16845	.	.
16843	16848	+	BssNAI	GTATAC	16845	16845	.	.
16843	16848	+	AccI	GTMKAC	16844	16846	.	.
16847	16852	+	AflIII	ACRYGT	16847	16851	.	.
16848	16853	+	BsaAI	YACGTR	16850	16850	.	.
16839	16851	-	SgeI	CNNGNNNNNNNNN	16862	16838	.	.
16848	16851	-	MspJI	CNNR	16834	16838	.	.
16879	16882	+	SetI	ASST	16882	16878	.	.
17157	17160	+	FaiI	YATR	17158	17158	.	.
17558	17561	-	MspJI	CNNR	17544	17548	.	.
17563	17566	+	CviJI	RGCY	17564	17564	.	.
17589	17592	+	MluCI	AATT	17588	17592	.	.
17591	17594	+	MseI	TTAA	17591	17593	.	.
17629	17633	+	AgsI	TTSAA	17631	17630	.	.
17631	17635	+	MboII	GAAGA	17643	17642	.	.
17634	17639	+	ApoI	RAATTY	17634	17638	.	.
17643	17648	+	XbaI	TCTAGA	17643	17647	.	.
17643	17648	+	Hpy178III	TCNNGA	17644	17646	.	.
17645	17648	+	MspJI	CNNR	17657	17661	.	.
17645	17648	+	MaeI	CTAG	17645	17647	.	.
17636	17648	-	SgeI	CNNGNNNNNNNNN	17659	17635	.	.
17645	17648	-	MspJI	CNNR	17631	17635	.	.
17648	17652	+	MboII	GAAGA	17660	17659	.	.
17648	17653	+	BbvII	GAAGAC	17655	17659	.	.
17860	17865	+	AanI	TTATAA	17862	17862	.	.
17863	17866	+	FaiI	YATR	17864	17864	.	.
17905	17908	+	MspJI	CNNR	17917	17921	.	.
17906	17909	+	MspJI	CNNR	17918	17922	.	.
17915	17918	+	MspJI	CNNR	17927	17931	.	.
17922	17925	+	MspJI	CNNR	17934	17938	.	.
17929	17932	+	MspJI	CNNR	17941	17945	.	.
18055	18058	+	MseI	TTAA	18055	18057	.	.
18072	18076	-	HphI	GGTGA	18064	18063	.	.
