['DraIII', 0, 1, 0]
['SplI', 0, 1, 0]
['MroNI', 1, 0, 0]
['NaeI', 1, 0, 0]
['BspQI', 1, 0, 0]
['PpiI', 0, 1, 0]
['ApaLI', 1, 0, 0]
['SmaI', 1, 0, 0]
['CspCI', 0, 1, 0]
['PmeI', 1, 0, 0]
['SwaI', 0, 1, 0]
['PstI', 0, 1, 0]
['MstI', 0, 1, 0]
['Cfr9I', 1, 0, 0]
['Eco47III', 1, 1, 0]
['NmeAIII', 1, 1, 0]
['McrI', 1, 1, 0]
['PsrI', 1, 1, 0]
['KasI', 1, 1, 0]
['BbvCI', 1, 1, 0]
['PvuII', 1, 1, 0]
['OliI', 1, 1, 0]
['BplI', 2, 0, 0]
['Bsp1407I', 0, 2, 0]
['DinI', 1, 1, 0]
['NarI', 1, 1, 0]
['XmaIII', 1, 1, 0]
['Tth111I', 0, 2, 0]
['PasI', 2, 0, 0]
['BglI', 0, 2, 0]
['EcoRI', 0, 2, 0]
['BcgI', 1, 1, 0]
['BglII', 0, 2, 0]
['PfoI', 1, 1, 0]
['AvaI', 1, 1, 0]
['CsiI', 0, 2, 0]
['BalI', 0, 3, 0]
['AarI', 2, 1, 0]
['BetI', 1, 2, 0]
['PcsI', 0, 3, 0]
['DrdI', 0, 3, 0]
['EspI', 2, 1, 0]
['BspLU11I', 1, 2, 0]
['Eam1105I', 0, 3, 0]
['ArsI', 1, 2, 0]
['AjuI', 1, 2, 0]
['BstXI', 0, 3, 0]
['BamHI', 1, 2, 0]
['NheI', 2, 2, 0]
['BtrI', 1, 3, 0]
['XcmI', 1, 3, 0]
['SacII', 2, 2, 0]
['BaeI', 2, 2, 0]
['Ecl136II', 3, 1, 0]
['BstEII', 3, 1, 0]
['BspHI', 0, 4, 0]
['Eco31I', 2, 2, 0]
['SphI', 2, 2, 0]
['PpuMI', 0, 4, 0]
['BsgI', 1, 3, 0]
['SauI', 3, 1, 0]
['SacI', 3, 1, 0]
['AclI', 2, 2, 0]
['Cfr10I', 2, 2, 0]
['Esp3I', 0, 4, 0]
['BmtI', 2, 2, 0]
['BtgZI', 2, 2, 0]
['SnaBI', 1, 3, 0]
['BsrDI', 3, 2, 0]
['BarI', 1, 4, 0]
['BstAPI', 1, 4, 0]
['AcyI', 2, 3, 0]
['EciI', 1, 4, 0]
['NcoI', 2, 3, 0]
['ScaI', 1, 4, 0]
['HgiCI', 1, 4, 0]
['Hpy99I', 3, 2, 0]
['Bsp120I', 2, 3, 0]
['XmnI', 3, 2, 0]
['ClaI', 3, 2, 0]
['BssNAI', 1, 4, 0]
['ApaI', 2, 3, 0]
['CfrI', 1, 4, 0]
['AflII', 3, 3, 0]
['PflMI', 3, 3, 0]
['AlwNI', 2, 4, 0]
['BtsI', 2, 4, 0]
['EcoRV', 1, 5, 0]
['BsaBI', 3, 3, 0]
['AflIII', 1, 5, 0]
['GsuI', 3, 3, 0]
['BspMI', 4, 3, 0]
['BciVI', 4, 3, 0]
['BfoI', 3, 4, 0]
['HindIII', 4, 3, 0]
['BaeGI', 4, 3, 0]
['BseYI', 2, 5, 0]
['FnuDII', 2, 5, 0]
['EcoT22I', 2, 5, 0]
['BbvII', 4, 3, 0]
['HgiAI', 4, 3, 0]
['GsaI', 2, 5, 0]
['MfeI', 4, 4, 0]
['AloI', 4, 4, 0]
['BsiI', 3, 5, 0]
['PacI', 6, 3, 0]
['AsuII', 2, 7, 0]
['EcoP15I', 3, 6, 0]
['AccI', 2, 8, 0]
['BsaAI', 4, 6, 0]
['EcoNI', 4, 6, 0]
['NdeI', 2, 8, 0]
['DraII', 3, 8, 0]
['BfiI', 3, 8, 0]
['TstI', 5, 6, 0]
['FalI', 4, 8, 0]
['StuI', 4, 8, 0]
['HpaI', 6, 6, 0]
['NspBII', 5, 7, 0]
['XbaI', 7, 5, 0]
['HgaI', 4, 8, 0]
['AvaII', 3, 9, 0]
['BsmI', 3, 9, 0]
['Bpu10I', 7, 6, 0]
['Eco57I', 6, 7, 0]
['BclI', 6, 7, 0]
['TaqII', 4, 10, 0]
['BsaXI', 5, 9, 0]
['TauI', 5, 9, 0]
['Bce83I', 6, 8, 0]
['DsaI', 5, 9, 0]
['AvrII', 7, 7, 0]
['XhoII', 3, 12, 0]
['NspI', 7, 9, 0]
['CauII', 7, 9, 0]
['GlaI', 5, 11, 0]
['Hin6I', 5, 11, 0]
['AhaIII', 5, 11, 0]
['HhaI', 5, 11, 0]
['BceAI', 4, 13, 0]
['AanI', 9, 9, 0]
['Ksp632I', 8, 10, 0]
['FauI', 8, 11, 0]
['Eco57MI', 9, 10, 0]
['HindII', 9, 10, 0]
['SpeI', 4, 16, 0]
['BbvI', 6, 14, 0]
['EcoRII', 10, 10, 0]
['SmlI', 9, 11, 0]
['BciT130I', 10, 10, 0]
['TseI', 6, 14, 0]
['BslFI', 5, 16, 0]
['Tsp45I', 9, 12, 0]
['HgiJII', 12, 10, 0]
['BsmAI', 7, 16, 0]
['MslI', 8, 15, 0]
['TscAI', 10, 13, 0]
['SfeI', 10, 13, 0]
['BdaI', 6, 18, 0]
['BseRI', 8, 16, 0]
['BtsIMutI', 10, 14, 0]
['StyI', 14, 11, 0]
['TspGWI', 6, 19, 0]
['MmeI', 7, 18, 0]
['SduI', 14, 12, 0]
['HpaII', 10, 17, 0]
['TatI', 3, 25, 0]
['TsoI', 9, 21, 0]
['BmsI', 10, 21, 0]
['MaeII', 12, 19, 0]
['TaiI', 12, 19, 0]
['PleI', 16, 16, 0]
['BinI', 13, 19, 0]
['MlyI', 16, 16, 0]
['SspI', 10, 22, 0]
['BlsI', 11, 23, 0]
['Fnu4HI', 11, 23, 0]
['Cac8I', 13, 22, 0]
['BmgT120I', 12, 23, 0]
['AsuI', 12, 23, 0]
['BssKI', 17, 19, 0]
['BsrI', 16, 20, 0]
['TfiI', 12, 24, 0]
['ScrFI', 17, 19, 0]
['VspI', 13, 23, 0]
['NlaIV', 14, 24, 0]
['BccI', 12, 28, 0]
['BseGI', 9, 33, 0]
['FokI', 9, 33, 0]
['HphI', 15, 29, 0]
['TaqI', 16, 29, 0]
['Tsp4CI', 16, 29, 0]
['BspCNI', 23, 23, 0]
['BseMII', 23, 23, 0]
['MjaIV', 19, 31, 0]
['Hin4I', 18, 33, 0]
['BsiYI', 23, 29, 0]
['SecI', 28, 24, 0]
['Hin4II', 24, 28, 0]
['ApoI', 19, 33, 0]
['HaeIII', 20, 33, 0]
['MwoI', 20, 34, 0]
['MaeIII', 21, 36, 0]
['Csp6I', 14, 45, 0]
['RsaI', 14, 45, 0]
['BstKTI', 27, 33, 0]
['DpnI', 27, 33, 0]
['MboI', 27, 33, 0]
['CviRI', 22, 39, 0]
['Hpy178III', 25, 38, 0]
['MboII', 28, 35, 0]
['AciI', 27, 41, 0]
['HinfI', 28, 40, 0]
['AgsI', 32, 44, 0]
['CviAII', 25, 52, 0]
['FatI', 25, 52, 0]
['NlaIII', 25, 52, 0]
['Hpy188I', 32, 46, 0]
['DdeI', 46, 51, 0]
['TspDTI', 36, 72, 0]
['AluBI', 67, 60, 1]
['MaeI', 63, 100, 0]
['MnlI', 71, 124, 0]
['MseI', 109, 158, 1]
['MluCI', 106, 171, 0]
['LpnPI', 123, 185, 0]
['SetI', 144, 187, 3]
['CviJI', 181, 226, 2]
['FaiI', 192, 380, 0]
['SgeI', 685, 1056, 0]
['MspJI', 1766, 2854, 4]
