16	19	+	MspJI	CNNR	28	32	.	.
18	21	+	MluCI	AATT	17	21	.	.
20	23	+	MseI	TTAA	20	22	.	.
83	86	+	MspJI	CNNR	95	99	.	.
83	86	+	LpnPI	CCDG	96	100	.	.
83	87	+	BssKI	CCNGG	82	87	.	.
83	87	+	ScrFI	CCNGG	84	85	.	.
83	87	+	BciT130I	CCWGG	84	85	.	.
71	83	-	ArsI	GACNNNNNNTTYG	96	91	64	59
83	87	+	EcoRII	CCWGG	82	87	.	.
74	86	-	SgeI	CNNGNNNNNNNNN	97	73	.	.
83	86	-	MspJI	CNNR	69	73	.	.
86	89	+	HaeIII	GGCC	87	87	.	.
75	87	-	SgeI	CNNGNNNNNNNNN	98	74	.	.
84	87	-	MspJI	CNNR	70	74	.	.
84	87	-	LpnPI	CCDG	69	73	.	.
134	137	+	MspJI	CNNR	146	150	.	.
134	138	+	BssKI	CCNGG	133	138	.	.
134	138	+	ScrFI	CCNGG	135	136	.	.
134	138	+	CauII	CCSGG	135	136	.	.
131	135	-	FokI	GGATG	117	121	.	.
135	138	+	HpaII	CCGG	135	137	.	.
131	135	-	BseGI	GGATG	130	128	.	.
125	137	-	SgeI	CNNGNNNNNNNNN	148	124	.	.
134	137	-	MspJI	CNNR	120	124	.	.
137	141	+	HphI	GGTGA	149	148	.	.
126	138	-	SgeI	CNNGNNNNNNNNN	149	125	.	.
135	138	-	MspJI	CNNR	121	125	.	.
135	138	-	LpnPI	CCDG	120	124	.	.
205	208	+	MspJI	CNNR	217	221	.	.
196	208	-	SgeI	CNNGNNNNNNNNN	219	195	.	.
205	208	-	MspJI	CNNR	191	195	.	.
208	212	+	MaeIII	GTNAC	207	212	.	.
211	223	+	PcsI	WCGNNNNNNNCGW	217	216	.	.
219	222	+	MspJI	CNNR	231	235	.	.
220	223	+	TaqI	TCGA	220	222	.	.
210	222	-	SgeI	CNNGNNNNNNNNN	233	209	.	.
278	286	+	Tth111I	GACNNNGTC	281	282	.	.
281	284	-	MspJI	CNNR	267	271	.	.
289	294	+	MjaIV	GTNNAC	291	291	.	.
289	294	+	HpaI	GTTAAC	291	291	.	.
289	294	+	HindII	GTYRAC	291	291	.	.
294	297	+	MspJI	CNNR	306	310	.	.
296	299	+	MspJI	CNNR	308	312	.	.
305	317	-	SgeI	CNNGNNNNNNNNN	328	304	.	.
314	317	-	MspJI	CNNR	300	304	.	.
343	346	-	MspJI	CNNR	329	333	.	.
349	352	+	MspJI	CNNR	361	365	.	.
406	409	+	MspJI	CNNR	418	422	.	.
406	410	+	DdeI	CTNAG	406	409	.	.
414	417	+	HaeIII	GGCC	415	415	.	.
417	420	+	MspJI	CNNR	429	433	.	.
415	419	-	BceAI	ACGGC	400	402	.	.
445	448	+	MspJI	CNNR	457	461	.	.
468	471	+	SetI	ASST	471	467	.	.
470	473	+	MnlI	CCTC	480	479	.	.
473	476	+	MspJI	CNNR	485	489	.	.
473	476	+	LpnPI	CCDG	486	490	.	.
464	476	-	SgeI	CNNGNNNNNNNNN	487	463	.	.
473	476	-	MspJI	CNNR	459	463	.	.
471	476	-	Eco57MI	CTGRAG	456	454	.	.
471	476	-	GsuI	CTGGAG	456	454	.	.
546	549	+	MspJI	CNNR	558	562	.	.
603	606	-	MspJI	CNNR	589	593	.	.
745	750	+	TatI	WGTACW	745	749	.	.
746	749	+	Csp6I	GTAC	746	748	.	.
746	749	+	RsaI	GTAC	747	747	.	.
777	782	+	NcoI	CCATGG	777	781	.	.
777	782	+	SecI	CCNNGG	777	781	.	.
777	787	+	BsiYI	CCNNNNNNNGG	783	780	.	.
777	787	+	PflMI	CCANNNNNTGG	783	780	.	.
769	781	-	SgeI	CNNGNNNNNNNNN	792	768	.	.
778	781	-	MspJI	CNNR	764	768	.	.
946	950	+	BlsI	GCNGC	948	947	.	.
946	950	+	Fnu4HI	GCNGC	947	948	.	.
946	950	+	BbvI	GCAGC	958	962	.	.
946	950	+	TseI	GCWGC	946	949	.	.
987	990	+	MspJI	CNNR	999	1003	.	.
989	993	-	FokI	GGATG	975	979	.	.
989	993	-	BseGI	GGATG	988	986	.	.
1059	1069	-	FalI	AAGNNNNNCTT	1082	1077	1025	1020
1096	1108	+	BarI	GAAGNNNNNNTAC	1088	1083	1094	1089
1104	1107	+	FaiI	YATR	1105	1105	.	.
1102	1106	-	TspDTI	ATGAA	1092	1090	.	.
1148	1152	-	HphI	GGTGA	1140	1139	.	.
1167	1170	+	MluCI	AATT	1166	1170	.	.
1190	1194	+	Tsp45I	GTSAC	1189	1194	.	.
1187	1190	-	MspJI	CNNR	1173	1177	.	.
1190	1194	+	MaeIII	GTNAC	1189	1194	.	.
1192	1195	+	MspJI	CNNR	1204	1208	.	.
1183	1195	-	SgeI	CNNGNNNNNNNNN	1206	1182	.	.
1192	1195	-	MspJI	CNNR	1178	1182	.	.
1269	1274	+	SspI	AATATT	1271	1271	.	.
1279	1283	+	MaeIII	GTNAC	1278	1283	.	.
1283	1286	+	MspJI	CNNR	1295	1299	.	.
1328	1331	-	MspJI	CNNR	1314	1318	.	.
1387	1390	+	FaiI	YATR	1388	1388	.	.
1388	1392	+	TspDTI	ATGAA	1403	1401	.	.
1387	1390	-	MspJI	CNNR	1373	1377	.	.
1398	1407	+	MslI	CAYNNNNRTG	1402	1402	.	.
1405	1409	+	BseGI	GGATG	1411	1409	.	.
1408	1411	+	CviRI	TGCA	1409	1409	.	.
1406	1410	-	BmsI	GCATC	1396	1400	.	.
1533	1536	+	SetI	ASST	1536	1532	.	.
1542	1547	+	AanI	TTATAA	1544	1544	.	.
1543	1546	+	FaiI	YATR	1544	1544	.	.
1626	1629	+	MspJI	CNNR	1638	1642	.	.
1686	1689	+	MspJI	CNNR	1698	1702	.	.
1688	1692	+	Tsp4CI	ACNGT	1690	1689	.	.
1691	1695	+	MaeIII	GTNAC	1690	1695	.	.
1692	1696	-	HphI	GGTGA	1684	1683	.	.
1713	1716	+	MspJI	CNNR	1725	1729	.	.
1753	1756	+	MseI	TTAA	1753	1755	.	.
1788	1798	+	FalI	AAGNNNNNCTT	1779	1774	1765	1760
1778	1790	-	SgeI	CNNGNNNNNNNNN	1801	1777	.	.
1787	1790	-	MspJI	CNNR	1773	1777	.	.
1788	1798	-	FalI	AAGNNNNNCTT	1811	1806	1733	1728
1835	1838	+	MspJI	CNNR	1847	1851	.	.
1826	1838	-	SgeI	CNNGNNNNNNNNN	1849	1825	.	.
1881	1884	+	FaiI	YATR	1882	1882	.	.
1914	1917	+	SetI	ASST	1917	1913	.	.
1904	1916	-	SgeI	CNNGNNNNNNNNN	1927	1903	.	.
1913	1916	-	MspJI	CNNR	1899	1903	.	.
1913	1916	-	LpnPI	CCDG	1898	1902	.	.
2008	2011	+	MspJI	CNNR	2020	2024	.	.
2003	2008	-	BsmI	GAATGC	2003	2001	.	.
2008	2018	+	BsiYI	CCNNNNNNNGG	2014	2011	.	.
2237	2240	+	FaiI	YATR	2238	2238	.	.
2262	2266	-	HphI	GGTGA	2254	2253	.	.
2270	2273	-	MspJI	CNNR	2256	2260	.	.
2282	2285	+	MluCI	AATT	2281	2285	.	.
2293	2297	+	BsrI	ACTGG	2298	2296	.	.
2293	2298	+	BfiI	ACTGGG	2303	2302	.	.
2297	2300	+	CviJI	RGCY	2298	2298	.	.
2295	2298	-	MspJI	CNNR	2281	2285	.	.
2298	2303	+	Cac8I	GCNNGC	2300	2300	.	.
2298	2303	+	BmtI	GCTAGC	2302	2298	.	.
2298	2303	+	NheI	GCTAGC	2298	2302	.	.
2299	2302	+	MspJI	CNNR	2311	2315	.	.
2299	2302	+	MaeI	CTAG	2299	2301	.	.
2290	2302	-	SgeI	CNNGNNNNNNNNN	2313	2289	.	.
2299	2302	-	MspJI	CNNR	2285	2289	.	.
2313	2316	-	MspJI	CNNR	2299	2303	.	.
2530	2533	-	MspJI	CNNR	2516	2520	.	.
2613	2616	+	MluCI	AATT	2612	2616	.	.
2647	2650	-	MspJI	CNNR	2633	2637	.	.
2660	2665	+	BetI	WCCGGW	2660	2664	.	.
2662	2665	+	MspJI	CNNR	2674	2678	.	.
2652	2664	-	SgeI	CNNGNNNNNNNNN	2675	2651	.	.
2661	2664	-	MspJI	CNNR	2647	2651	.	.
2661	2664	-	LpnPI	CCDG	2646	2650	.	.
2664	2673	+	XmnI	GAANNNNTTC	2668	2668	.	.
2673	2676	+	MspJI	CNNR	2685	2689	.	.
2671	2674	-	MspJI	CNNR	2657	2661	.	.
2672	2675	-	MspJI	CNNR	2658	2662	.	.
2696	2699	+	MseI	TTAA	2696	2698	.	.
2701	2704	+	MspJI	CNNR	2713	2717	.	.
2701	2704	+	MaeI	CTAG	2701	2703	.	.
2703	2706	+	CviJI	RGCY	2704	2704	.	.
2692	2704	-	SgeI	CNNGNNNNNNNNN	2715	2691	.	.
2701	2704	-	MspJI	CNNR	2687	2691	.	.
2696	2708	-	SgeI	CNNGNNNNNNNNN	2719	2695	.	.
2712	2715	+	SetI	ASST	2715	2711	.	.
2713	2716	+	MnlI	CCTC	2723	2722	.	.
2714	2717	+	MspJI	CNNR	2726	2730	.	.
2717	2721	-	FokI	GGATG	2703	2707	.	.
2717	2721	-	BseGI	GGATG	2716	2714	.	.
2724	2727	+	CviJI	RGCY	2725	2725	.	.
2747	2750	-	MspJI	CNNR	2733	2737	.	.
2827	2830	+	FaiI	YATR	2828	2828	.	.
2825	2829	-	TspDTI	ATGAA	2815	2813	.	.
2884	2889	+	SpeI	ACTAGT	2884	2888	.	.
2885	2888	+	MspJI	CNNR	2897	2901	.	.
2885	2888	+	MaeI	CTAG	2885	2887	.	.
2876	2888	-	SgeI	CNNGNNNNNNNNN	2899	2875	.	.
2885	2888	-	MspJI	CNNR	2871	2875	.	.
2941	2947	+	DraII	RGGNCCY	2942	2945	.	.
2940	2943	-	MspJI	CNNR	2926	2930	.	.
2972	2977	+	AcyI	GRCGYC	2973	2975	.	.
2977	2980	+	MspJI	CNNR	2989	2993	.	.
2975	2979	-	BceAI	ACGGC	2960	2962	.	.
3021	3025	+	BccI	CCATC	3029	3030	.	.
3018	3022	-	FokI	GGATG	3004	3008	.	.
3018	3022	-	BseGI	GGATG	3017	3015	.	.
3024	3028	-	HphI	GGTGA	3016	3015	.	.
3034	3038	+	Hpy99I	CGWCG	3038	3033	.	.
3032	3035	-	MspJI	CNNR	3018	3022	.	.
3055	3058	+	MspJI	CNNR	3067	3071	.	.
3064	3067	+	CviJI	RGCY	3065	3065	.	.
3064	3067	+	AluBI	AGCT	3065	3065	.	.
3053	3065	-	SgeI	CNNGNNNNNNNNN	3076	3052	.	.
3062	3065	-	MspJI	CNNR	3048	3052	.	.
3078	3083	+	BamHI	GGATCC	3078	3082	.	.
3078	3082	+	BinI	GGATC	3086	3087	.	.
3079	3082	+	DpnI	GATC	3080	3080	.	.
3079	3082	+	BstKTI	GATC	3081	3079	.	.
3079	3082	+	MboI	GATC	3078	3082	.	.
3079	3083	-	BinI	GGATC	3073	3074	.	.
3096	3099	+	FaiI	YATR	3097	3097	.	.
3123	3127	+	HinfI	GANTC	3123	3126	.	.
3140	3145	+	BsrDI	GCAATG	3147	3145	.	.
3149	3152	+	CviJI	RGCY	3150	3150	.	.
3138	3150	-	SgeI	CNNGNNNNNNNNN	3161	3137	.	.
3147	3150	-	MspJI	CNNR	3133	3137	.	.
3151	3154	+	MspJI	CNNR	3163	3167	.	.
3143	3155	-	SgeI	CNNGNNNNNNNNN	3166	3142	.	.
3152	3155	-	MspJI	CNNR	3138	3142	.	.
3155	3159	-	BceAI	ACGGC	3140	3142	.	.
3173	3178	+	BclI	TGATCA	3173	3177	.	.
3171	3174	-	MspJI	CNNR	3157	3161	.	.
3176	3179	-	MspJI	CNNR	3162	3166	.	.
3168	3180	-	SgeI	CNNGNNNNNNNNN	3191	3167	.	.
3180	3184	+	HphI	GGTGA	3192	3191	.	.
3182	3185	-	MspJI	CNNR	3168	3172	.	.
3200	3203	-	MspJI	CNNR	3186	3190	.	.
3208	3211	+	MluCI	AATT	3207	3211	.	.
3259	3262	+	CviJI	RGCY	3260	3260	.	.
3259	3262	+	AluBI	AGCT	3260	3260	.	.
3271	3275	+	Tsp4CI	ACNGT	3273	3272	.	.
3302	3305	+	SetI	ASST	3305	3301	.	.
3345	3349	-	MboII	GAAGA	3337	3336	.	.
3351	3354	+	AciI	CCGC	3351	3353	.	.
3362	3374	+	SgeI	CNNGNNNNNNNNN	3374	3350	.	.
3362	3365	+	MspJI	CNNR	3374	3378	.	.
3353	3365	-	SgeI	CNNGNNNNNNNNN	3376	3352	.	.
3362	3365	-	MspJI	CNNR	3348	3352	.	.
3372	3375	-	MspJI	CNNR	3358	3362	.	.
3381	3386	+	Hpy178III	TCNNGA	3382	3384	.	.
3382	3385	+	MspJI	CNNR	3394	3398	.	.
3383	3386	+	TaqI	TCGA	3383	3385	.	.
3373	3385	-	SgeI	CNNGNNNNNNNNN	3396	3372	.	.
3382	3385	-	MspJI	CNNR	3368	3372	.	.
3389	3392	+	MspJI	CNNR	3401	3405	.	.
3389	3392	+	MaeI	CTAG	3389	3391	.	.
3380	3392	-	SgeI	CNNGNNNNNNNNN	3403	3379	.	.
3389	3392	-	MspJI	CNNR	3375	3379	.	.
3392	3395	-	AciI	CCGC	3392	3394	.	.
3434	3437	-	MspJI	CNNR	3420	3424	.	.
3460	3463	+	MspJI	CNNR	3472	3476	.	.
3451	3463	-	SgeI	CNNGNNNNNNNNN	3474	3450	.	.
3460	3463	-	MspJI	CNNR	3446	3450	.	.
3484	3487	+	MspJI	CNNR	3496	3500	.	.
3484	3487	+	LpnPI	CCDG	3497	3501	.	.
3475	3487	-	SgeI	CNNGNNNNNNNNN	3498	3474	.	.
3484	3487	-	MspJI	CNNR	3470	3474	.	.
3497	3507	+	MwoI	GCNNNNNNNGC	3503	3500	.	.
3503	3506	-	MspJI	CNNR	3489	3493	.	.
3578	3588	+	BplI	GAGNNNNNCTC	3569	3564	3523	3518
3579	3582	+	CviJI	RGCY	3580	3580	.	.
3579	3582	+	AluBI	AGCT	3580	3580	.	.
3578	3588	-	BplI	GAGNNNNNCTC	3601	3596	3491	3486
3601	3604	+	FaiI	YATR	3602	3602	.	.
3622	3625	+	MluCI	AATT	3621	3625	.	.
3627	3631	+	Hin4II	CCTTC	3637	3636	.	.
3633	3636	-	MspJI	CNNR	3619	3623	.	.
3635	3638	-	MspJI	CNNR	3621	3625	.	.
3639	3642	-	MspJI	CNNR	3625	3629	.	.
3632	3644	-	SgeI	CNNGNNNNNNNNN	3655	3631	.	.
3653	3656	+	MnlI	CCTC	3663	3662	.	.
3707	3710	+	MspJI	CNNR	3719	3723	.	.
3733	3736	+	FaiI	YATR	3734	3734	.	.
3754	3757	+	CviRI	TGCA	3755	3755	.	.
3747	3759	-	SgeI	CNNGNNNNNNNNN	3770	3746	.	.
3773	3776	+	TaiI	ACGT	3776	3772	.	.
3773	3776	+	SetI	ASST	3776	3772	.	.
3773	3776	+	MaeII	ACGT	3773	3775	.	.
3848	3851	+	MluCI	AATT	3847	3851	.	.
3888	3892	-	TspGWI	ACGGA	3878	3876	.	.
3881	3893	-	SgeI	CNNGNNNNNNNNN	3904	3880	.	.
3999	4002	+	MspJI	CNNR	4011	4015	.	.
4030	4034	+	Tsp4CI	ACNGT	4032	4031	.	.
4039	4044	+	Hpy178III	TCNNGA	4040	4042	.	.
4031	4043	-	SgeI	CNNGNNNNNNNNN	4054	4030	.	.
4040	4043	-	MspJI	CNNR	4026	4030	.	.
4040	4043	-	LpnPI	CCDG	4025	4029	.	.
4070	4074	+	BsrI	ACTGG	4075	4073	.	.
4071	4074	+	MspJI	CNNR	4083	4087	.	.
4069	4073	-	BtsIMutI	CAGTG	4068	4066	.	.
4062	4074	-	SgeI	CNNGNNNNNNNNN	4085	4061	.	.
4071	4074	-	MspJI	CNNR	4057	4061	.	.
4071	4074	-	LpnPI	CCDG	4056	4060	.	.
4074	4079	+	MjaIV	GTNNAC	4076	4076	.	.
4074	4079	+	HpaI	GTTAAC	4076	4076	.	.
4074	4079	+	HindII	GTYRAC	4076	4076	.	.
4072	4077	-	TsoI	TARCCA	4062	4060	.	.
4119	4122	+	MspJI	CNNR	4131	4135	.	.
4117	4121	-	BslFI	GGGAC	4102	4106	.	.
4138	4142	+	AgsI	TTSAA	4140	4139	.	.
4143	4146	+	MspJI	CNNR	4155	4159	.	.
4143	4147	+	FauI	CCCGC	4151	4153	.	.
4144	4147	+	AciI	CCGC	4144	4146	.	.
4143	4146	-	MspJI	CNNR	4129	4133	.	.
4146	4151	+	Cac8I	GCNNGC	4148	4148	.	.
4138	4150	-	SgeI	CNNGNNNNNNNNN	4161	4137	.	.
4190	4193	+	AciI	CCGC	4190	4192	.	.
4193	4197	-	FokI	GGATG	4179	4183	.	.
4197	4200	+	FaiI	YATR	4198	4198	.	.
4193	4197	-	BseGI	GGATG	4192	4190	.	.
4206	4209	+	MspJI	CNNR	4218	4222	.	.
4206	4209	+	FaiI	YATR	4207	4207	.	.
4222	4227	+	MjaIV	GTNNAC	4224	4224	.	.
4249	4253	+	Tsp4CI	ACNGT	4251	4250	.	.
4260	4271	+	TstI	CACNNNNNNTCC	4251	4246	4196	4191
4302	4307	+	ClaI	ATCGAT	4303	4305	.	.
4303	4306	+	TaqI	TCGA	4303	4305	.	.
4364	4370	+	TscAI	CASTGNN	4370	4361	.	.
4366	4369	+	MspJI	CNNR	4378	4382	.	.
4364	4368	-	BtsIMutI	CAGTG	4363	4361	.	.
4380	4383	+	MluCI	AATT	4379	4383	.	.
4394	4404	+	Hin4I	GAYNNNNNVTC	4385	4380	4330	4325
4394	4404	-	Hin4I	GAYNNNNNVTC	4417	4412	4298	4293
4410	4413	+	MspJI	CNNR	4422	4426	.	.
4433	4436	+	MnlI	CCTC	4443	4442	.	.
4434	4439	+	Ksp632I	CTCTTC	4440	4443	.	.
4435	4439	-	MboII	GAAGA	4427	4426	.	.
4463	4468	+	SfeI	CTRYAG	4463	4467	.	.
4488	4491	+	MspJI	CNNR	4500	4504	.	.
4487	4490	-	MspJI	CNNR	4473	4477	.	.
4496	4501	+	BseRI	GAGGAG	4511	4509	.	.
4495	4498	-	MspJI	CNNR	4481	4485	.	.
4496	4499	-	MnlI	CCTC	4489	4488	.	.
4499	4502	-	MnlI	CCTC	4492	4491	.	.
4517	4520	+	MluCI	AATT	4516	4520	.	.
4554	4557	+	FatI	CATG	4553	4557	.	.
4554	4557	+	FaiI	YATR	4555	4555	.	.
4554	4557	+	NlaIII	CATG	4557	4553	.	.
4554	4557	+	CviAII	CATG	4554	4556	.	.
4545	4557	-	SgeI	CNNGNNNNNNNNN	4568	4544	.	.
4554	4557	-	MspJI	CNNR	4540	4544	.	.
4559	4569	-	Hin4I	GAYNNNNNVTC	4582	4577	4463	4458
4582	4585	+	FaiI	YATR	4583	4583	.	.
4638	4643	+	AclI	AACGTT	4639	4641	.	.
4639	4642	+	TaiI	ACGT	4642	4638	.	.
4639	4642	+	SetI	ASST	4642	4638	.	.
4639	4642	+	MaeII	ACGT	4639	4641	.	.
4657	4660	+	MspJI	CNNR	4669	4673	.	.
4657	4661	+	DdeI	CTNAG	4657	4660	.	.
4692	4695	+	FaiI	YATR	4693	4693	.	.
4701	4704	+	MspJI	CNNR	4713	4717	.	.
4719	4722	+	MspJI	CNNR	4731	4735	.	.
4715	4719	-	HphI	GGTGA	4707	4706	.	.
4710	4722	-	SgeI	CNNGNNNNNNNNN	4733	4709	.	.
4719	4722	-	MspJI	CNNR	4705	4709	.	.
4728	4731	+	MspJI	CNNR	4740	4744	.	.
4738	4750	-	SgeI	CNNGNNNNNNNNN	4761	4737	.	.
4774	4777	-	MspJI	CNNR	4760	4764	.	.
4777	4780	+	Csp6I	GTAC	4777	4779	.	.
4777	4780	+	RsaI	GTAC	4778	4778	.	.
4779	4782	+	SetI	ASST	4782	4778	.	.
4798	4801	+	FatI	CATG	4797	4801	.	.
4798	4801	+	FaiI	YATR	4799	4799	.	.
4798	4801	+	NlaIII	CATG	4801	4797	.	.
4798	4801	+	CviAII	CATG	4798	4800	.	.
4794	4798	-	BseGI	GGATG	4793	4791	.	.
4799	4803	+	TspDTI	ATGAA	4814	4812	.	.
4789	4801	-	SgeI	CNNGNNNNNNNNN	4812	4788	.	.
4798	4801	-	MspJI	CNNR	4784	4788	.	.
4818	4821	+	FatI	CATG	4817	4821	.	.
4818	4821	+	FaiI	YATR	4819	4819	.	.
4818	4821	+	NlaIII	CATG	4821	4817	.	.
4818	4821	+	CviAII	CATG	4818	4820	.	.
4809	4821	-	SgeI	CNNGNNNNNNNNN	4832	4808	.	.
4818	4821	-	MspJI	CNNR	4804	4808	.	.
4821	4824	+	BstKTI	GATC	4823	4821	.	.
4821	4824	+	MboI	GATC	4820	4824	.	.
4825	4837	+	SgeI	CNNGNNNNNNNNN	4837	4813	.	.
4825	4828	+	MspJI	CNNR	4837	4841	.	.
4825	4828	+	LpnPI	CCDG	4838	4842	.	.
4821	4825	-	BinI	GGATC	4815	4816	.	.
4816	4828	-	SgeI	CNNGNNNNNNNNN	4839	4815	.	.
4825	4828	-	MspJI	CNNR	4811	4815	.	.
4827	4830	-	MspJI	CNNR	4813	4817	.	.
4837	4840	+	MspJI	CNNR	4849	4853	.	.
4962	4965	+	MspJI	CNNR	4974	4978	.	.
4962	4965	+	FaiI	YATR	4963	4963	.	.
4992	4995	+	MspJI	CNNR	5004	5008	.	.
5036	5039	+	FaiI	YATR	5037	5037	.	.
5059	5071	-	SgeI	CNNGNNNNNNNNN	5082	5058	.	.
5068	5071	-	MspJI	CNNR	5054	5058	.	.
5072	5075	+	CviJI	RGCY	5073	5073	.	.
5072	5075	+	HaeIII	GGCC	5073	5073	.	.
5097	5100	+	FaiI	YATR	5098	5098	.	.
5107	5117	+	BsaXI	ACNNNNNCTCC	5097	5094	5032	5029
5101	5113	-	SgeI	CNNGNNNNNNNNN	5124	5100	.	.
5145	5148	-	MspJI	CNNR	5131	5135	.	.
5148	5152	+	BsmAI	GTCTC	5153	5157	.	.
5166	5177	-	BcgI	CGANNNNNNTGC	5189	5187	5052	5050
5199	5204	+	Hpy178III	TCNNGA	5200	5202	.	.
5251	5254	+	MspJI	CNNR	5263	5267	.	.
5251	5254	+	MaeI	CTAG	5251	5253	.	.
5242	5254	-	SgeI	CNNGNNNNNNNNN	5265	5241	.	.
5251	5254	-	MspJI	CNNR	5237	5241	.	.
5254	5259	+	MjaIV	GTNNAC	5256	5256	.	.
5254	5259	+	HindII	GTYRAC	5256	5256	.	.
5303	5315	-	SgeI	CNNGNNNNNNNNN	5326	5302	.	.
5312	5315	-	LpnPI	CCDG	5297	5301	.	.
5374	5386	+	SgeI	CNNGNNNNNNNNN	5386	5362	.	.
5374	5377	+	MspJI	CNNR	5386	5390	.	.
5365	5377	-	SgeI	CNNGNNNNNNNNN	5388	5364	.	.
5374	5377	-	MspJI	CNNR	5360	5364	.	.
5366	5377	-	CspCI	CAANNNNNGTGG	5390	5388	5248	5246
5420	5423	+	MspJI	CNNR	5432	5436	.	.
5410	5420	-	Hin4I	GAYNNNNNVTC	5433	5428	5292	5287
5420	5423	+	MaeI	CTAG	5420	5422	.	.
5411	5423	-	SgeI	CNNGNNNNNNNNN	5434	5410	.	.
5420	5423	-	MspJI	CNNR	5406	5410	.	.
5423	5428	+	SduI	GDGCHC	5427	5423	.	.
5423	5428	+	BaeGI	GKGCMC	5427	5423	.	.
5428	5431	+	MspJI	CNNR	5440	5444	.	.
5547	5550	+	HpaII	CCGG	5547	5549	.	.
5547	5551	+	ScrFI	CCNGG	5548	5549	.	.
5547	5551	+	CauII	CCSGG	5548	5549	.	.
5548	5551	+	MspJI	CNNR	5560	5564	.	.
5538	5550	-	SgeI	CNNGNNNNNNNNN	5561	5537	.	.
5547	5550	-	MspJI	CNNR	5533	5537	.	.
5547	5550	-	LpnPI	CCDG	5532	5536	.	.
5550	5554	+	FokI	GGATG	5563	5567	.	.
5550	5554	+	BseGI	GGATG	5556	5554	.	.
5539	5551	-	SgeI	CNNGNNNNNNNNN	5562	5538	.	.
5548	5551	-	MspJI	CNNR	5534	5538	.	.
5551	5555	-	BccI	CCATC	5545	5546	.	.
5566	5569	+	MnlI	CCTC	5576	5575	.	.
5659	5662	-	MspJI	CNNR	5645	5649	.	.
5679	5690	+	BdaI	TGANNNNNNTCA	5668	5666	5569	5567
5680	5689	+	BsaBI	GATNNNNATC	5684	5684	.	.
5679	5690	-	BdaI	TGANNNNNNTCA	5702	5700	5535	5533
5699	5702	+	CviJI	RGCY	5700	5700	.	.
5697	5700	-	MnlI	CCTC	5690	5689	.	.
5708	5711	+	MluCI	AATT	5707	5711	.	.
5722	5725	+	MspJI	CNNR	5734	5738	.	.
5728	5731	+	MluCI	AATT	5727	5731	.	.
5733	5738	+	ApaLI	GTGCAC	5733	5737	.	.
5733	5738	+	HgiAI	GWGCWC	5737	5733	.	.
5789	5793	+	BccI	CCATC	5797	5798	.	.
5806	5810	+	BsrI	ACTGG	5811	5809	.	.
5798	5810	-	SgeI	CNNGNNNNNNNNN	5821	5797	.	.
5807	5810	-	MspJI	CNNR	5793	5797	.	.
5807	5810	-	LpnPI	CCDG	5792	5796	.	.
5811	5814	+	MnlI	CCTC	5821	5820	.	.
5812	5817	-	BseRI	GAGGAG	5803	5801	.	.
5828	5833	+	Cac8I	GCNNGC	5830	5830	.	.
5820	5832	-	SgeI	CNNGNNNNNNNNN	5843	5819	.	.
5829	5832	-	LpnPI	CCDG	5814	5818	.	.
5832	5835	+	GlaI	GCGC	5833	5833	.	.
5832	5835	+	HhaI	GCGC	5834	5832	.	.
5826	5838	-	SgeI	CNNGNNNNNNNNN	5849	5825	.	.
5857	5867	+	BsiYI	CCNNNNNNNGG	5863	5860	.	.
5858	5861	+	MnlI	CCTC	5868	5867	.	.
5862	5867	+	SecI	CCNNGG	5862	5866	.	.
5863	5875	+	SgeI	CNNGNNNNNNNNN	5875	5851	.	.
5863	5866	+	MspJI	CNNR	5875	5879	.	.
5863	5866	+	LpnPI	CCDG	5876	5880	.	.
5863	5867	+	BssKI	CCNGG	5862	5867	.	.
5863	5867	+	ScrFI	CCNGG	5864	5865	.	.
5863	5867	+	BciT130I	CCWGG	5864	5865	.	.
5863	5867	+	EcoRII	CCWGG	5862	5867	.	.
5864	5867	+	MspJI	CNNR	5876	5880	.	.
5854	5866	-	SgeI	CNNGNNNNNNNNN	5877	5853	.	.
5863	5866	-	MspJI	CNNR	5849	5853	.	.
5855	5867	-	SgeI	CNNGNNNNNNNNN	5878	5854	.	.
5864	5867	-	MspJI	CNNR	5850	5854	.	.
5864	5867	-	LpnPI	CCDG	5849	5853	.	.
5874	5877	+	SetI	ASST	5877	5873	.	.
5875	5878	+	MspJI	CNNR	5887	5891	.	.
5873	5885	-	SgeI	CNNGNNNNNNNNN	5896	5872	.	.
5887	5890	+	MspJI	CNNR	5899	5903	.	.
5877	5889	-	SgeI	CNNGNNNNNNNNN	5900	5876	.	.
5886	5889	-	MspJI	CNNR	5872	5876	.	.
5886	5889	-	LpnPI	CCDG	5871	5875	.	.
5896	5899	+	MspJI	CNNR	5908	5912	.	.
5892	5896	-	FokI	GGATG	5878	5882	.	.
5892	5896	-	BseGI	GGATG	5891	5889	.	.
5897	5902	+	AccI	GTMKAC	5898	5900	.	.
5894	5898	-	TspGWI	ACGGA	5884	5882	.	.
5888	5898	-	BsaXI	ACNNNNNCTCC	5910	5907	5747	5744
5917	5920	+	MspJI	CNNR	5929	5933	.	.
5933	5937	+	BsmAI	GTCTC	5938	5942	.	.
5944	5949	+	SecI	CCNNGG	5944	5948	.	.
5944	5949	+	AvrII	CCTAGG	5944	5948	.	.
5945	5948	+	MspJI	CNNR	5957	5961	.	.
5945	5948	+	MaeI	CTAG	5945	5947	.	.
5936	5948	-	SgeI	CNNGNNNNNNNNN	5959	5935	.	.
5945	5948	-	MspJI	CNNR	5931	5935	.	.
5998	6002	+	Tsp45I	GTSAC	5997	6002	.	.
5995	5998	-	MspJI	CNNR	5981	5985	.	.
5998	6002	+	MaeIII	GTNAC	5997	6002	.	.
6013	6016	+	MspJI	CNNR	6025	6029	.	.
6014	6028	+	XcmI	CCANNNNNNNNNTGG	6021	6020	.	.
6022	6025	+	MspJI	CNNR	6034	6038	.	.
6020	6023	-	MspJI	CNNR	6006	6010	.	.
6024	6027	+	FaiI	YATR	6025	6025	.	.
6024	6027	-	MspJI	CNNR	6010	6014	.	.
6041	6045	+	BceAI	ACGGC	6057	6059	.	.
6040	6043	-	MspJI	CNNR	6026	6030	.	.
6091	6094	+	FaiI	YATR	6092	6092	.	.
6104	6107	+	DpnI	GATC	6105	6105	.	.
6104	6107	+	BstKTI	GATC	6106	6104	.	.
6104	6107	+	MboI	GATC	6103	6107	.	.
6106	6109	+	TaqI	TCGA	6106	6108	.	.
6111	6114	+	SetI	ASST	6114	6110	.	.
6112	6115	+	MspJI	CNNR	6124	6128	.	.
6129	6132	+	TaqI	TCGA	6129	6131	.	.
6126	6130	-	MboII	GAAGA	6118	6117	.	.
6147	6152	-	Eco31I	GGTCTC	6141	6145	.	.
6147	6157	-	Hin4I	GAYNNNNNVTC	6170	6165	6005	6000
6174	6177	-	MspJI	CNNR	6160	6164	.	.
6184	6196	+	SgeI	CNNGNNNNNNNNN	6196	6172	.	.
6184	6187	+	MspJI	CNNR	6196	6200	.	.
6182	6185	-	MspJI	CNNR	6168	6172	.	.
6175	6187	-	SgeI	CNNGNNNNNNNNN	6198	6174	.	.
6198	6201	+	FaiI	YATR	6199	6199	.	.
6214	6219	+	SecI	CCNNGG	6214	6218	.	.
6215	6225	+	PflMI	CCANNNNNTGG	6221	6218	.	.
6227	6239	-	SgeI	CNNGNNNNNNNNN	6250	6226	.	.
6236	6239	-	MspJI	CNNR	6222	6226	.	.
6253	6256	+	MspJI	CNNR	6265	6269	.	.
6253	6257	+	DdeI	CTNAG	6253	6256	.	.
6253	6257	+	BspCNI	CTCAG	6266	6264	.	.
6253	6257	+	BseMII	CTCAG	6267	6265	.	.
6276	6280	+	MaeIII	GTNAC	6275	6280	.	.
6280	6289	+	MslI	CAYNNNNRTG	6284	6284	.	.
6280	6283	+	FatI	CATG	6279	6283	.	.
6280	6283	+	FaiI	YATR	6281	6281	.	.
6280	6283	+	NlaIII	CATG	6283	6279	.	.
6280	6283	+	CviAII	CATG	6280	6282	.	.
6271	6283	-	SgeI	CNNGNNNNNNNNN	6294	6270	.	.
6280	6283	-	MspJI	CNNR	6266	6270	.	.
6296	6301	+	BsrDI	GCAATG	6303	6301	.	.
6301	6306	+	EcoRV	GATATC	6303	6303	.	.
6386	6389	+	SetI	ASST	6389	6385	.	.
6387	6390	+	MnlI	CCTC	6397	6396	.	.
6387	6393	+	Bpu10I	CCTNAGC	6388	6391	.	.
6387	6393	+	BbvCI	CCTCAGC	6388	6391	.	.
6388	6391	+	MspJI	CNNR	6400	6404	.	.
6388	6392	+	DdeI	CTNAG	6388	6391	.	.
6388	6392	+	BspCNI	CTCAG	6401	6399	.	.
6388	6392	+	BseMII	CTCAG	6402	6400	.	.
6384	6388	-	HphI	GGTGA	6376	6375	.	.
6400	6403	+	MluCI	AATT	6399	6403	.	.
6416	6420	+	BsrI	ACTGG	6421	6419	.	.
6415	6419	-	BtsIMutI	CAGTG	6414	6412	.	.
6408	6420	-	SgeI	CNNGNNNNNNNNN	6431	6407	.	.
6417	6420	-	MspJI	CNNR	6403	6407	.	.
6417	6420	-	LpnPI	CCDG	6402	6406	.	.
6431	6443	-	SgeI	CNNGNNNNNNNNN	6454	6430	.	.
6448	6451	+	MspJI	CNNR	6460	6464	.	.
6471	6475	+	AsuI	GGNCC	6471	6474	.	.
6472	6476	-	BslFI	GGGAC	6457	6461	.	.
6467	6479	-	SgeI	CNNGNNNNNNNNN	6490	6466	.	.
6492	6497	+	SecI	CCNNGG	6492	6496	.	.
6484	6496	-	SgeI	CNNGNNNNNNNNN	6507	6483	.	.
6493	6496	-	MspJI	CNNR	6479	6483	.	.
6579	6582	+	FaiI	YATR	6580	6580	.	.
6605	6608	+	FaiI	YATR	6606	6606	.	.
6610	6620	+	BsiYI	CCNNNNNNNGG	6616	6613	.	.
6641	6646	+	EciI	GGCGGA	6657	6655	.	.
6639	6642	-	MspJI	CNNR	6625	6629	.	.
6643	6646	+	MspJI	CNNR	6655	6659	.	.
6642	6645	-	AciI	CCGC	6642	6644	.	.
6670	6673	+	MspJI	CNNR	6682	6686	.	.
6670	6673	-	MspJI	CNNR	6656	6660	.	.
6744	6748	-	MboII	GAAGA	6736	6735	.	.
6761	6764	+	MaeI	CTAG	6761	6763	.	.
6752	6764	-	SgeI	CNNGNNNNNNNNN	6775	6751	.	.
6761	6764	-	MspJI	CNNR	6747	6751	.	.
6772	6775	+	SetI	ASST	6775	6771	.	.
6770	6773	-	MspJI	CNNR	6756	6760	.	.
6762	6774	-	SgeI	CNNGNNNNNNNNN	6785	6761	.	.
6771	6774	-	MspJI	CNNR	6757	6761	.	.
6771	6774	-	LpnPI	CCDG	6756	6760	.	.
6827	6832	+	BciVI	GTATCC	6838	6837	.	.
6840	6850	+	Hin4I	GAYNNNNNVTC	6831	6826	6730	6725
6840	6843	+	DpnI	GATC	6841	6841	.	.
6840	6843	+	BstKTI	GATC	6842	6840	.	.
6840	6843	+	MboI	GATC	6839	6843	.	.
6840	6850	-	Hin4I	GAYNNNNNVTC	6863	6858	6698	6693
6858	6863	+	EcoP15I	CAGCAG	6888	6890	.	.
6876	6880	-	MboII	GAAGA	6868	6867	.	.
6878	6882	-	TspDTI	ATGAA	6868	6866	.	.
6883	6886	+	MluCI	AATT	6882	6886	.	.
6894	6898	+	Hin4II	CCTTC	6904	6903	.	.
6946	6949	+	MspJI	CNNR	6958	6962	.	.
6952	6956	+	MaeIII	GTNAC	6951	6956	.	.
6950	6955	-	TsoI	TARCCA	6940	6938	.	.
6959	6963	+	FokI	GGATG	6972	6976	.	.
6959	6963	+	BseGI	GGATG	6965	6963	.	.
6960	6964	-	BmsI	GCATC	6950	6954	.	.
7065	7070	+	TsoI	TARCCA	7081	7079	.	.
7212	7224	+	BarI	GAAGNNNNNNTAC	7204	7199	7096	7091
7212	7221	+	XmnI	GAANNNNTTC	7216	7216	.	.
7236	7239	+	FaiI	YATR	7237	7237	.	.
7250	7262	+	SgeI	CNNGNNNNNNNNN	7262	7238	.	.
7250	7253	+	MspJI	CNNR	7262	7266	.	.
7241	7253	-	SgeI	CNNGNNNNNNNNN	7264	7240	.	.
7250	7253	-	MspJI	CNNR	7236	7240	.	.
7256	7259	+	MspJI	CNNR	7268	7272	.	.
7276	7279	+	FaiI	YATR	7277	7277	.	.
7278	7281	+	FaiI	YATR	7279	7279	.	.
7286	7289	+	MspJI	CNNR	7298	7302	.	.
7286	7290	+	DdeI	CTNAG	7286	7289	.	.
7286	7290	+	BspCNI	CTCAG	7299	7297	.	.
7286	7290	+	BseMII	CTCAG	7300	7298	.	.
7292	7295	+	FaiI	YATR	7293	7293	.	.
7297	7302	+	TsoI	TARCCA	7313	7311	.	.
7303	7307	+	DdeI	CTNAG	7303	7306	.	.
7315	7325	+	BaeI	ACNNNNGTAYC	7304	7299	7197	7192
7317	7322	+	SpeI	ACTAGT	7317	7321	.	.
7309	7321	-	SgeI	CNNGNNNNNNNNN	7332	7308	.	.
7318	7321	-	MspJI	CNNR	7304	7308	.	.
7333	7336	+	MspJI	CNNR	7345	7349	.	.
7329	7333	-	BmsI	GCATC	7319	7323	.	.
7333	7338	-	Bce83I	CTTGAG	7318	7316	.	.
7361	7364	+	MspJI	CNNR	7373	7377	.	.
7361	7364	+	LpnPI	CCDG	7374	7378	.	.
7352	7364	-	SgeI	CNNGNNNNNNNNN	7375	7351	.	.
7364	7369	+	Cac8I	GCNNGC	7366	7366	.	.
7377	7380	+	MseI	TTAA	7377	7379	.	.
7397	7400	+	MspJI	CNNR	7409	7413	.	.
7399	7410	+	TstI	CACNNNNNNTCC	7390	7385	7282	7277
7402	7405	-	MspJI	CNNR	7388	7392	.	.
7409	7412	+	MnlI	CCTC	7419	7418	.	.
7415	7418	+	FatI	CATG	7414	7418	.	.
7415	7418	+	FaiI	YATR	7416	7416	.	.
7415	7418	+	NlaIII	CATG	7418	7414	.	.
7415	7418	+	CviAII	CATG	7415	7417	.	.
7406	7418	-	SgeI	CNNGNNNNNNNNN	7429	7405	.	.
7415	7418	-	MspJI	CNNR	7401	7405	.	.
7418	7422	-	BccI	CCATC	7412	7413	.	.
7429	7432	+	MseI	TTAA	7429	7431	.	.
7456	7461	+	SfeI	CTRYAG	7456	7460	.	.
7461	7464	+	HaeIII	GGCC	7462	7462	.	.
7459	7462	-	MspJI	CNNR	7445	7449	.	.
7466	7469	+	MspJI	CNNR	7478	7482	.	.
7466	7469	+	LpnPI	CCDG	7479	7483	.	.
7467	7473	+	TscAI	CASTGNN	7473	7464	.	.
7467	7471	+	BtsIMutI	CAGTG	7473	7471	.	.
7457	7469	-	SgeI	CNNGNNNNNNNNN	7480	7456	.	.
7466	7469	-	MspJI	CNNR	7452	7456	.	.
7466	7470	-	BsrI	ACTGG	7466	7464	.	.
7508	7513	+	ApoI	RAATTY	7508	7512	.	.
7509	7512	+	MluCI	AATT	7508	7512	.	.
7526	7529	+	MluCI	AATT	7525	7529	.	.
7543	7546	+	MseI	TTAA	7543	7545	.	.
7549	7552	+	HpaII	CCGG	7549	7551	.	.
7550	7553	+	MspJI	CNNR	7562	7566	.	.
7539	7551	-	SgeI	CNNGNNNNNNNNN	7562	7538	.	.
7548	7551	-	MspJI	CNNR	7534	7538	.	.
7540	7552	-	SgeI	CNNGNNNNNNNNN	7563	7539	.	.
7549	7552	-	LpnPI	CCDG	7534	7538	.	.
7554	7559	+	SacI	GAGCTC	7558	7554	.	.
7554	7559	+	Ecl136II	GAGCTC	7556	7556	.	.
7554	7559	+	SduI	GDGCHC	7558	7554	.	.
7554	7559	+	HgiJII	GRGCYC	7558	7554	.	.
7554	7559	+	HgiAI	GWGCWC	7558	7554	.	.
7555	7558	+	SetI	ASST	7558	7554	.	.
7555	7558	+	CviJI	RGCY	7556	7556	.	.
7555	7558	+	AluBI	AGCT	7556	7556	.	.
7558	7562	+	Hpy188I	TCNGA	7560	7559	.	.
7559	7562	+	MspJI	CNNR	7571	7575	.	.
7558	7561	-	MspJI	CNNR	7544	7548	.	.
7572	7577	+	AccI	GTMKAC	7573	7575	.	.
7586	7591	+	TatI	WGTACW	7586	7590	.	.
7586	7591	+	ScaI	AGTACT	7588	7588	.	.
7609	7614	+	AsuII	TTCGAA	7610	7612	.	.
7610	7613	+	TaqI	TCGA	7610	7612	.	.
7619	7622	+	BstKTI	GATC	7621	7619	.	.
7619	7622	+	MboI	GATC	7618	7622	.	.
7622	7627	+	Ksp632I	CTCTTC	7628	7631	.	.
7626	7629	-	MspJI	CNNR	7612	7616	.	.
7629	7641	+	BarI	GAAGNNNNNNTAC	7621	7616	7513	7508
7652	7664	+	SgeI	CNNGNNNNNNNNN	7664	7640	.	.
7652	7655	+	MspJI	CNNR	7664	7668	.	.
7650	7654	-	BceAI	ACGGC	7635	7637	.	.
7643	7655	-	SgeI	CNNGNNNNNNNNN	7666	7642	.	.
7652	7655	-	MspJI	CNNR	7638	7642	.	.
7660	7666	+	SauI	CCTNAGG	7661	7664	.	.
7681	7691	+	BsiYI	CCNNNNNNNGG	7687	7684	.	.
7686	7690	+	EcoRII	CCWGG	7685	7690	.	.
7687	7690	-	LpnPI	CCDG	7672	7676	.	.
7690	7695	+	DinI	GGCGCC	7692	7692	.	.
7690	7695	+	NlaIV	GGNNCC	7692	7692	.	.
7690	7695	+	BfoI	RGCGCY	7694	7690	.	.
7690	7695	+	AcyI	GRCGYC	7691	7693	.	.
7690	7695	+	HgiCI	GGYRCC	7690	7694	.	.
7691	7694	+	Hin6I	GCGC	7691	7693	.	.
7691	7694	+	GlaI	GCGC	7692	7692	.	.
7691	7694	+	HhaI	GCGC	7693	7691	.	.
7694	7697	+	MspJI	CNNR	7706	7710	.	.
7715	7718	+	CviJI	RGCY	7716	7716	.	.
7715	7718	+	AluBI	AGCT	7716	7716	.	.
7781	7784	+	SetI	ASST	7784	7780	.	.
7782	7794	-	SgeI	CNNGNNNNNNNNN	7805	7781	.	.
7803	7806	+	MnlI	CCTC	7813	7812	.	.
7835	7840	+	SspI	AATATT	7837	7837	.	.
7824	7835	-	BdaI	TGANNNNNNTCA	7847	7845	7673	7671
7839	7844	+	AanI	TTATAA	7841	7841	.	.
7860	7864	-	TspDTI	ATGAA	7850	7848	.	.
7892	7895	-	MspJI	CNNR	7878	7882	.	.
7907	7912	+	SduI	GDGCHC	7911	7907	.	.
7907	7912	+	HgiAI	GWGCWC	7911	7907	.	.
7915	7918	+	MspJI	CNNR	7927	7931	.	.
7910	7920	-	Hin4I	GAYNNNNNVTC	7933	7928	7743	7738
7943	7946	+	MspJI	CNNR	7955	7959	.	.
7943	7946	+	MaeI	CTAG	7943	7945	.	.
7934	7946	-	SgeI	CNNGNNNNNNNNN	7957	7933	.	.
7943	7946	-	MspJI	CNNR	7929	7933	.	.
7972	7975	+	MspJI	CNNR	7984	7988	.	.
7983	7988	+	AanI	TTATAA	7985	7985	.	.
7984	7987	+	FaiI	YATR	7985	7985	.	.
8007	8010	+	MluCI	AATT	8006	8010	.	.
8027	8030	+	SetI	ASST	8030	8026	.	.
8027	8030	+	CviJI	RGCY	8028	8028	.	.
8027	8030	+	AluBI	AGCT	8028	8028	.	.
8053	8058	+	SpeI	ACTAGT	8053	8057	.	.
8054	8057	+	MspJI	CNNR	8066	8070	.	.
8054	8057	+	MaeI	CTAG	8054	8056	.	.
8045	8057	-	SgeI	CNNGNNNNNNNNN	8068	8044	.	.
8054	8057	-	MspJI	CNNR	8040	8044	.	.
8061	8066	-	TsoI	TARCCA	8051	8049	.	.
8069	8072	+	TaqI	TCGA	8069	8071	.	.
8076	8079	+	MnlI	CCTC	8086	8085	.	.
8095	8098	+	MspJI	CNNR	8107	8111	.	.
8122	8125	-	MspJI	CNNR	8108	8112	.	.
8150	8154	+	BccI	CCATC	8158	8159	.	.
8144	8154	-	Hin4I	GAYNNNNNVTC	8167	8162	7974	7969
8168	8180	-	SgeI	CNNGNNNNNNNNN	8191	8167	.	.
8177	8180	-	MspJI	CNNR	8163	8167	.	.
8184	8187	+	FaiI	YATR	8185	8185	.	.
8190	8193	+	MspJI	CNNR	8202	8206	.	.
8191	8195	+	BccI	CCATC	8199	8200	.	.
8196	8199	+	SetI	ASST	8199	8195	.	.
8208	8218	+	Hin4I	GAYNNNNNVTC	8199	8194	8070	8065
8209	8214	+	VspI	ATTAAT	8210	8212	.	.
8208	8218	-	Hin4I	GAYNNNNNVTC	8231	8226	8038	8033
8221	8224	+	MspJI	CNNR	8233	8237	.	.
8219	8223	-	PleI	GAGTC	8213	8214	.	.
8219	8223	-	MlyI	GAGTC	8213	8213	.	.
8212	8224	-	SgeI	CNNGNNNNNNNNN	8235	8211	.	.
8221	8224	-	MspJI	CNNR	8207	8211	.	.
8227	8230	-	MspJI	CNNR	8213	8217	.	.
8244	8249	+	TatI	WGTACW	8244	8248	.	.
8242	8245	-	MspJI	CNNR	8228	8232	.	.
8245	8248	+	Csp6I	GTAC	8245	8247	.	.
8245	8248	+	RsaI	GTAC	8246	8246	.	.
8296	8299	+	SetI	ASST	8299	8295	.	.
8298	8301	+	MspJI	CNNR	8310	8314	.	.
8298	8302	+	DdeI	CTNAG	8298	8301	.	.
8288	8300	-	SgeI	CNNGNNNNNNNNN	8311	8287	.	.
8297	8300	-	MspJI	CNNR	8283	8287	.	.
8298	8302	-	BspCNI	CTCAG	8290	8288	.	.
8298	8302	-	BseMII	CTCAG	8289	8287	.	.
8353	8356	+	HaeIII	GGCC	8354	8354	.	.
8355	8358	+	MnlI	CCTC	8365	8364	.	.
8372	8376	-	HphI	GGTGA	8364	8363	.	.
8427	8430	+	SetI	ASST	8430	8426	.	.
8417	8429	-	SgeI	CNNGNNNNNNNNN	8440	8416	.	.
8426	8429	-	LpnPI	CCDG	8411	8415	.	.
8429	8432	+	Csp6I	GTAC	8429	8431	.	.
8429	8432	+	RsaI	GTAC	8430	8430	.	.
8425	8430	-	BspMI	ACCTGC	8416	8420	.	.
8439	8445	+	TscAI	CASTGNN	8445	8436	.	.
8443	8446	+	CviJI	RGCY	8444	8444	.	.
8439	8443	-	BtsIMutI	CAGTG	8438	8436	.	.
8432	8444	-	SgeI	CNNGNNNNNNNNN	8455	8431	.	.
8441	8444	-	MspJI	CNNR	8427	8431	.	.
8441	8444	-	LpnPI	CCDG	8426	8430	.	.
8447	8451	+	Hpy188I	TCNGA	8449	8448	.	.
8492	8504	+	AloI	GAACNNNNNNTCC	8484	8479	8355	8350
8503	8506	+	MnlI	CCTC	8513	8512	.	.
8508	8511	+	MluCI	AATT	8507	8511	.	.
8539	8542	+	CviJI	RGCY	8540	8540	.	.
8539	8542	+	AluBI	AGCT	8540	8540	.	.
8537	8540	-	MspJI	CNNR	8523	8527	.	.
8553	8556	+	SetI	ASST	8556	8552	.	.
8585	8597	-	SgeI	CNNGNNNNNNNNN	8608	8584	.	.
8597	8601	+	Tsp45I	GTSAC	8596	8601	.	.
8597	8601	+	MaeIII	GTNAC	8596	8601	.	.
8594	8597	-	LpnPI	CCDG	8579	8583	.	.
8593	8598	-	BspMI	ACCTGC	8584	8588	.	.
8642	8645	-	MspJI	CNNR	8628	8632	.	.
8650	8655	+	TatI	WGTACW	8650	8654	.	.
8650	8655	+	ScaI	AGTACT	8652	8652	.	.
8648	8651	-	MspJI	CNNR	8634	8638	.	.
8688	8691	+	MspJI	CNNR	8700	8704	.	.
8688	8691	+	LpnPI	CCDG	8701	8705	.	.
8679	8691	-	SgeI	CNNGNNNNNNNNN	8702	8678	.	.
8688	8691	-	MspJI	CNNR	8674	8678	.	.
8704	8709	+	ApoI	RAATTY	8704	8708	.	.
8705	8708	+	MluCI	AATT	8704	8708	.	.
8715	8718	+	CviJI	RGCY	8716	8716	.	.
8715	8718	+	AluBI	AGCT	8716	8716	.	.
8752	8755	+	CviJI	RGCY	8753	8753	.	.
8750	8753	-	MspJI	CNNR	8736	8740	.	.
8754	8757	+	MspJI	CNNR	8766	8770	.	.
8760	8763	+	MspJI	CNNR	8772	8776	.	.
8755	8767	-	SgeI	CNNGNNNNNNNNN	8778	8754	.	.
8808	8813	+	MjaIV	GTNNAC	8810	8810	.	.
8808	8813	+	HindII	GTYRAC	8810	8810	.	.
8813	8816	+	MspJI	CNNR	8825	8829	.	.
8825	8828	+	SetI	ASST	8828	8824	.	.
8826	8836	+	EcoNI	CCTNNNNNAGG	8830	8831	.	.
8826	8836	+	BsiYI	CCNNNNNNNGG	8832	8829	.	.
8886	8889	+	FaiI	YATR	8887	8887	.	.
8912	8915	+	SetI	ASST	8915	8911	.	.
8901	8913	-	SgeI	CNNGNNNNNNNNN	8924	8900	.	.
8910	8913	-	MspJI	CNNR	8896	8900	.	.
8911	8914	-	MspJI	CNNR	8897	8901	.	.
8914	8917	+	Csp6I	GTAC	8914	8916	.	.
8914	8917	+	RsaI	GTAC	8915	8915	.	.
8919	8923	+	BceAI	ACGGC	8935	8937	.	.
8920	8925	+	CfrI	YGGCCR	8920	8924	.	.
8918	8921	-	MspJI	CNNR	8904	8908	.	.
8921	8924	+	CviJI	RGCY	8922	8922	.	.
8921	8924	+	HaeIII	GGCC	8922	8922	.	.
8984	8988	+	BccI	CCATC	8992	8993	.	.
9043	9047	+	DdeI	CTNAG	9043	9046	.	.
9045	9050	+	SacI	GAGCTC	9049	9045	.	.
9042	9045	-	MspJI	CNNR	9028	9032	.	.
9045	9050	+	Ecl136II	GAGCTC	9047	9047	.	.
9045	9050	+	SduI	GDGCHC	9049	9045	.	.
9045	9050	+	HgiJII	GRGCYC	9049	9045	.	.
9045	9050	+	HgiAI	GWGCWC	9049	9045	.	.
9046	9049	+	SetI	ASST	9049	9045	.	.
9046	9049	+	CviJI	RGCY	9047	9047	.	.
9046	9049	+	AluBI	AGCT	9047	9047	.	.
9044	9047	-	MspJI	CNNR	9030	9034	.	.
9043	9047	-	BspCNI	CTCAG	9035	9033	.	.
9043	9047	-	BseMII	CTCAG	9034	9032	.	.
9070	9074	+	Hpy188I	TCNGA	9072	9071	.	.
9067	9071	-	MboII	GAAGA	9059	9058	.	.
9070	9073	-	MspJI	CNNR	9056	9060	.	.
9074	9077	+	CviJI	RGCY	9075	9075	.	.
9074	9077	+	AluBI	AGCT	9075	9075	.	.
9072	9075	-	MspJI	CNNR	9058	9062	.	.
9071	9075	-	BspCNI	CTCAG	9063	9061	.	.
9071	9075	-	BseMII	CTCAG	9062	9060	.	.
9086	9089	+	MspJI	CNNR	9098	9102	.	.
9086	9091	-	Bce83I	CTTGAG	9071	9069	.	.
9104	9107	+	SetI	ASST	9107	9103	.	.
9105	9115	+	EcoNI	CCTNNNNNAGG	9109	9110	.	.
9105	9115	+	BsiYI	CCNNNNNNNGG	9111	9108	.	.
9096	9108	-	SgeI	CNNGNNNNNNNNN	9119	9095	.	.
9105	9108	-	MspJI	CNNR	9091	9095	.	.
9109	9112	+	MluCI	AATT	9108	9112	.	.
9117	9121	+	FokI	GGATG	9130	9134	.	.
9117	9121	+	BseGI	GGATG	9123	9121	.	.
9115	9118	-	MnlI	CCTC	9108	9107	.	.
9122	9125	+	MspJI	CNNR	9134	9138	.	.
9118	9122	-	BmsI	GCATC	9108	9112	.	.
9140	9143	+	MspJI	CNNR	9152	9156	.	.
9146	9158	+	SgeI	CNNGNNNNNNNNN	9158	9134	.	.
9146	9149	+	MspJI	CNNR	9158	9162	.	.
9146	9149	+	LpnPI	CCDG	9159	9163	.	.
9137	9149	-	SgeI	CNNGNNNNNNNNN	9160	9136	.	.
9146	9149	-	MspJI	CNNR	9132	9136	.	.
9156	9159	+	MspJI	CNNR	9168	9172	.	.
9156	9159	+	MaeI	CTAG	9156	9158	.	.
9147	9159	-	SgeI	CNNGNNNNNNNNN	9170	9146	.	.
9156	9159	-	MspJI	CNNR	9142	9146	.	.
9195	9200	+	BetI	WCCGGW	9195	9199	.	.
9195	9200	+	BspMII	TCCGGA	9195	9199	.	.
9197	9200	+	MspJI	CNNR	9209	9213	.	.
9195	9198	-	MspJI	CNNR	9181	9185	.	.
9187	9199	-	SgeI	CNNGNNNNNNNNN	9210	9186	.	.
9211	9216	+	Bce83I	CTTGAG	9232	9230	.	.
9202	9214	-	SgeI	CNNGNNNNNNNNN	9225	9201	.	.
9211	9214	-	MspJI	CNNR	9197	9201	.	.
9213	9216	-	MspJI	CNNR	9199	9203	.	.
9218	9222	+	BccI	CCATC	9226	9227	.	.
9227	9230	+	MspJI	CNNR	9239	9243	.	.
9227	9230	+	LpnPI	CCDG	9240	9244	.	.
9218	9230	-	SgeI	CNNGNNNNNNNNN	9241	9217	.	.
9227	9230	-	MspJI	CNNR	9213	9217	.	.
9238	9243	-	Eco31I	GGTCTC	9232	9236	.	.
9249	9252	+	FaiI	YATR	9250	9250	.	.
9275	9278	+	DpnI	GATC	9276	9276	.	.
9275	9278	+	BstKTI	GATC	9277	9275	.	.
9275	9278	+	MboI	GATC	9274	9278	.	.
9289	9294	+	TatI	WGTACW	9289	9293	.	.
9278	9290	-	SgeI	CNNGNNNNNNNNN	9301	9277	.	.
9287	9290	-	MspJI	CNNR	9273	9277	.	.
9290	9293	+	Csp6I	GTAC	9290	9292	.	.
9290	9293	+	RsaI	GTAC	9291	9291	.	.
9299	9302	+	FaiI	YATR	9300	9300	.	.
9307	9312	+	HindIII	AAGCTT	9307	9311	.	.
9308	9311	+	CviJI	RGCY	9309	9309	.	.
9308	9311	+	AluBI	AGCT	9309	9309	.	.
9297	9309	-	SgeI	CNNGNNNNNNNNN	9320	9296	.	.
9306	9309	-	MspJI	CNNR	9292	9296	.	.
9313	9317	+	DdeI	CTNAG	9313	9316	.	.
9312	9315	-	MspJI	CNNR	9298	9302	.	.
9313	9317	-	BspCNI	CTCAG	9305	9303	.	.
9313	9317	-	BseMII	CTCAG	9304	9302	.	.
9395	9400	+	BspLU11I	ACATGT	9395	9399	.	.
9395	9400	+	NspI	RCATGY	9399	9395	.	.
9395	9400	+	AflIII	ACRYGT	9395	9399	.	.
9387	9399	-	SgeI	CNNGNNNNNNNNN	9410	9386	.	.
9408	9413	+	BamHI	GGATCC	9408	9412	.	.
9408	9412	+	BinI	GGATC	9416	9417	.	.
9406	9409	-	MspJI	CNNR	9392	9396	.	.
9409	9413	-	BinI	GGATC	9403	9404	.	.
9414	9417	+	SetI	ASST	9417	9413	.	.
9425	9428	+	MspJI	CNNR	9437	9441	.	.
9416	9428	-	SgeI	CNNGNNNNNNNNN	9439	9415	.	.
9425	9428	-	MspJI	CNNR	9411	9415	.	.
9440	9444	+	Tsp4CI	ACNGT	9442	9441	.	.
9458	9461	+	MspJI	CNNR	9470	9474	.	.
9463	9466	+	MspJI	CNNR	9475	9479	.	.
9463	9466	+	MaeI	CTAG	9463	9465	.	.
9454	9466	-	SgeI	CNNGNNNNNNNNN	9477	9453	.	.
9466	9470	+	Tsp45I	GTSAC	9465	9470	.	.
9463	9466	-	MspJI	CNNR	9449	9453	.	.
9466	9470	+	MaeIII	GTNAC	9465	9470	.	.
9475	9478	-	MspJI	CNNR	9461	9465	.	.
9480	9483	-	MspJI	CNNR	9466	9470	.	.
9486	9489	-	AciI	CCGC	9486	9488	.	.
9493	9503	+	BsiYI	CCNNNNNNNGG	9499	9496	.	.
9499	9503	+	BsrI	ACTGG	9504	9502	.	.
9500	9512	+	SgeI	CNNGNNNNNNNNN	9512	9488	.	.
9500	9503	+	MspJI	CNNR	9512	9516	.	.
9491	9503	-	SgeI	CNNGNNNNNNNNN	9514	9490	.	.
9500	9503	-	MspJI	CNNR	9486	9490	.	.
9500	9503	-	LpnPI	CCDG	9485	9489	.	.
9573	9578	+	VspI	ATTAAT	9574	9576	.	.
9574	9577	+	MseI	TTAA	9574	9576	.	.
9611	9614	+	Csp6I	GTAC	9611	9613	.	.
9611	9614	+	RsaI	GTAC	9612	9612	.	.
9637	9640	+	FaiI	YATR	9638	9638	.	.
9666	9671	+	SecI	CCNNGG	9666	9670	.	.
9667	9670	+	MspJI	CNNR	9679	9683	.	.
9667	9670	+	LpnPI	CCDG	9680	9684	.	.
9667	9671	+	BssKI	CCNGG	9666	9671	.	.
9667	9671	+	ScrFI	CCNGG	9668	9669	.	.
9667	9671	+	BciT130I	CCWGG	9668	9669	.	.
9667	9671	+	EcoRII	CCWGG	9666	9671	.	.
9658	9670	-	SgeI	CNNGNNNNNNNNN	9681	9657	.	.
9667	9670	-	MspJI	CNNR	9653	9657	.	.
9659	9671	-	SgeI	CNNGNNNNNNNNN	9682	9658	.	.
9676	9679	+	MspJI	CNNR	9688	9692	.	.
9672	9676	-	FokI	GGATG	9658	9662	.	.
9672	9676	-	BseGI	GGATG	9671	9669	.	.
9684	9689	+	AanI	TTATAA	9686	9686	.	.
9685	9688	+	FaiI	YATR	9686	9686	.	.
9703	9706	+	SetI	ASST	9706	9702	.	.
9708	9711	+	MluCI	AATT	9707	9711	.	.
9713	9718	+	SspI	AATATT	9715	9715	.	.
9749	9752	+	CviJI	RGCY	9750	9750	.	.
9758	9761	+	MnlI	CCTC	9768	9767	.	.
9755	9759	-	BinI	GGATC	9749	9750	.	.
9761	9764	+	MspJI	CNNR	9773	9777	.	.
9760	9763	-	MspJI	CNNR	9746	9750	.	.
9752	9764	-	SgeI	CNNGNNNNNNNNN	9775	9751	.	.
9761	9764	-	MspJI	CNNR	9747	9751	.	.
9761	9764	-	LpnPI	CCDG	9746	9750	.	.
9795	9799	-	MboII	GAAGA	9787	9786	.	.
9791	9803	-	SgeI	CNNGNNNNNNNNN	9814	9790	.	.
9804	9809	+	TsoI	TARCCA	9820	9818	.	.
9852	9858	+	TscAI	CASTGNN	9858	9849	.	.
9852	9861	+	MslI	CAYNNNNRTG	9856	9856	.	.
9852	9856	-	BtsIMutI	CAGTG	9851	9849	.	.
9852	9857	-	BtsI	GCAGTG	9851	9849	.	.
9865	9868	+	MspJI	CNNR	9877	9881	.	.
9875	9880	+	VspI	ATTAAT	9876	9878	.	.
9889	9892	+	MspJI	CNNR	9901	9905	.	.
9934	9937	+	MspJI	CNNR	9946	9950	.	.
9934	9937	+	LpnPI	CCDG	9947	9951	.	.
9934	9938	+	BssKI	CCNGG	9933	9938	.	.
9934	9938	+	ScrFI	CCNGG	9935	9936	.	.
9934	9938	+	BciT130I	CCWGG	9935	9936	.	.
9934	9938	+	EcoRII	CCWGG	9933	9938	.	.
9925	9937	-	SgeI	CNNGNNNNNNNNN	9948	9924	.	.
9934	9937	-	MspJI	CNNR	9920	9924	.	.
9937	9940	+	HaeIII	GGCC	9938	9938	.	.
9926	9938	-	SgeI	CNNGNNNNNNNNN	9949	9925	.	.
9935	9938	-	MspJI	CNNR	9921	9925	.	.
9935	9938	-	LpnPI	CCDG	9920	9924	.	.
9953	9958	-	Ksp632I	CTCTTC	9948	9951	.	.
9956	9959	-	MnlI	CCTC	9949	9948	.	.
9961	9965	+	DdeI	CTNAG	9961	9964	.	.
10067	10072	+	SspI	AATATT	10069	10069	.	.
10113	10117	+	Tsp4CI	ACNGT	10115	10114	.	.
10140	10143	-	MspJI	CNNR	10126	10130	.	.
10144	10149	+	Hpy178III	TCNNGA	10145	10147	.	.
10148	10152	-	Hin4II	CCTTC	10142	10141	.	.
10185	10189	-	HphI	GGTGA	10177	10176	.	.
10192	10195	-	MspJI	CNNR	10178	10182	.	.
10214	10219	+	Cac8I	GCNNGC	10216	10216	.	.
10219	10222	+	FaiI	YATR	10220	10220	.	.
10237	10240	+	MnlI	CCTC	10247	10246	.	.
10240	10243	+	MspJI	CNNR	10252	10256	.	.
10235	10240	-	BseRI	GAGGAG	10226	10224	.	.
10229	10241	-	SgeI	CNNGNNNNNNNNN	10252	10228	.	.
10238	10241	-	MspJI	CNNR	10224	10228	.	.
10253	10256	-	MspJI	CNNR	10239	10243	.	.
10284	10289	+	AanI	TTATAA	10286	10286	.	.
10285	10288	+	FaiI	YATR	10286	10286	.	.
10329	10332	+	SetI	ASST	10332	10328	.	.
10330	10333	+	MspJI	CNNR	10342	10346	.	.
10362	10365	+	FaiI	YATR	10363	10363	.	.
10395	10398	+	SetI	ASST	10398	10394	.	.
10409	10413	+	TfiI	GAWTC	10409	10412	.	.
10406	10409	-	MspJI	CNNR	10392	10396	.	.
10409	10413	+	HinfI	GANTC	10409	10412	.	.
10416	10419	-	MspJI	CNNR	10402	10406	.	.
10450	10453	+	CviJI	RGCY	10451	10451	.	.
10448	10451	-	MspJI	CNNR	10434	10438	.	.
10452	10464	+	SgeI	CNNGNNNNNNNNN	10464	10440	.	.
10452	10455	+	MspJI	CNNR	10464	10468	.	.
10452	10455	+	LpnPI	CCDG	10465	10469	.	.
10443	10455	-	SgeI	CNNGNNNNNNNNN	10466	10442	.	.
10452	10455	-	MspJI	CNNR	10438	10442	.	.
10457	10460	+	FaiI	YATR	10458	10458	.	.
10467	10470	+	MspJI	CNNR	10479	10483	.	.
10469	10472	+	MluCI	AATT	10468	10472	.	.
10484	10487	+	SetI	ASST	10487	10483	.	.
10536	10541	+	TatI	WGTACW	10536	10540	.	.
10536	10541	+	ScaI	AGTACT	10538	10538	.	.
10534	10537	-	MspJI	CNNR	10520	10524	.	.
10560	10563	-	MspJI	CNNR	10546	10550	.	.
10569	10572	+	MspJI	CNNR	10581	10585	.	.
10569	10572	+	FatI	CATG	10568	10572	.	.
10569	10572	+	FaiI	YATR	10570	10570	.	.
10569	10572	+	NlaIII	CATG	10572	10568	.	.
10569	10572	+	CviAII	CATG	10569	10571	.	.
10560	10572	-	SgeI	CNNGNNNNNNNNN	10583	10559	.	.
10569	10572	-	MspJI	CNNR	10555	10559	.	.
10632	10637	+	SpeI	ACTAGT	10632	10636	.	.
10670	10673	+	AciI	CCGC	10670	10672	.	.
10686	10689	+	FatI	CATG	10685	10689	.	.
10686	10689	+	FaiI	YATR	10687	10687	.	.
10686	10689	+	NlaIII	CATG	10689	10685	.	.
10686	10689	+	CviAII	CATG	10686	10688	.	.
10677	10689	-	SgeI	CNNGNNNNNNNNN	10700	10676	.	.
10686	10689	-	MspJI	CNNR	10672	10676	.	.
10698	10701	+	MspJI	CNNR	10710	10714	.	.
10710	10713	+	MspJI	CNNR	10722	10726	.	.
10725	10730	+	VspI	ATTAAT	10726	10728	.	.
10737	10740	+	MspJI	CNNR	10749	10753	.	.
10730	10742	-	SgeI	CNNGNNNNNNNNN	10753	10729	.	.
10739	10742	-	MspJI	CNNR	10725	10729	.	.
10746	10749	+	SetI	ASST	10749	10745	.	.
10744	10747	-	MspJI	CNNR	10730	10734	.	.
10747	10753	+	BstEII	GGTNACC	10747	10752	.	.
10745	10748	-	MnlI	CCTC	10738	10737	.	.
10748	10752	+	MaeIII	GTNAC	10747	10752	.	.
10749	10754	+	TsoI	TARCCA	10765	10763	.	.
10785	10788	+	MspJI	CNNR	10797	10801	.	.
10792	10795	+	FaiI	YATR	10793	10793	.	.
10818	10821	-	MspJI	CNNR	10804	10808	.	.
10821	10824	+	DpnI	GATC	10822	10822	.	.
10821	10824	+	BstKTI	GATC	10823	10821	.	.
10821	10824	+	MboI	GATC	10820	10824	.	.
10838	10842	+	AgsI	TTSAA	10840	10839	.	.
10849	10852	-	MspJI	CNNR	10835	10839	.	.
10850	10853	-	MspJI	CNNR	10836	10840	.	.
10862	10865	+	SetI	ASST	10865	10861	.	.
10875	10878	+	MspJI	CNNR	10887	10891	.	.
10877	10880	+	MluCI	AATT	10876	10880	.	.
10880	10884	+	Hpy188I	TCNGA	10882	10881	.	.
10880	10883	-	MspJI	CNNR	10866	10870	.	.
10890	10893	+	SetI	ASST	10893	10889	.	.
10891	10894	+	MnlI	CCTC	10901	10900	.	.
10953	10956	+	MspJI	CNNR	10965	10969	.	.
10959	10962	+	SetI	ASST	10962	10958	.	.
10967	10971	+	BceAI	ACGGC	10983	10985	.	.
10966	10969	-	MspJI	CNNR	10952	10956	.	.
10974	10978	-	HphI	GGTGA	10966	10965	.	.
10979	10982	+	FaiI	YATR	10980	10980	.	.
10982	10985	+	CviJI	RGCY	10983	10983	.	.
10981	10986	-	TsoI	TARCCA	10971	10969	.	.
11017	11022	+	BamHI	GGATCC	11017	11021	.	.
11017	11021	+	BinI	GGATC	11025	11026	.	.
11006	11018	-	SgeI	CNNGNNNNNNNNN	11029	11005	.	.
11015	11018	-	MspJI	CNNR	11001	11005	.	.
11015	11018	-	LpnPI	CCDG	11000	11004	.	.
11022	11025	+	FaiI	YATR	11023	11023	.	.
11018	11022	-	BinI	GGATC	11012	11013	.	.
11018	11028	-	Hin4I	GAYNNNNNVTC	11041	11036	10845	10840
11091	11094	+	MspJI	CNNR	11103	11107	.	.
11115	11118	+	MspJI	CNNR	11127	11131	.	.
11165	11170	+	MjaIV	GTNNAC	11167	11167	.	.
11217	11220	+	FatI	CATG	11216	11220	.	.
11217	11220	+	FaiI	YATR	11218	11218	.	.
11217	11220	+	NlaIII	CATG	11220	11216	.	.
11217	11220	+	CviAII	CATG	11217	11219	.	.
11208	11220	-	SgeI	CNNGNNNNNNNNN	11231	11207	.	.
11217	11220	-	MspJI	CNNR	11203	11207	.	.
11220	11223	+	HaeIII	GGCC	11221	11221	.	.
11220	11224	+	BmgT120I	GGNCC	11221	11222	.	.
11220	11224	+	AsuI	GGNCC	11220	11223	.	.
11229	11232	+	MluCI	AATT	11228	11232	.	.
11265	11268	-	MspJI	CNNR	11251	11255	.	.
11293	11296	+	FatI	CATG	11292	11296	.	.
11293	11296	+	FaiI	YATR	11294	11294	.	.
11293	11296	+	NlaIII	CATG	11296	11292	.	.
11293	11296	+	CviAII	CATG	11293	11295	.	.
11284	11296	-	SgeI	CNNGNNNNNNNNN	11307	11283	.	.
11293	11296	-	MspJI	CNNR	11279	11283	.	.
11357	11360	+	Csp6I	GTAC	11357	11359	.	.
11357	11360	+	RsaI	GTAC	11358	11358	.	.
11354	11358	-	BceAI	ACGGC	11339	11341	.	.
11359	11371	-	SgeI	CNNGNNNNNNNNN	11382	11358	.	.
11368	11371	-	MspJI	CNNR	11354	11358	.	.
11381	11384	+	CviRI	TGCA	11382	11382	.	.
11397	11402	+	VspI	ATTAAT	11398	11400	.	.
11404	11408	-	BbvI	GCAGC	11391	11395	.	.
11406	11409	-	MspJI	CNNR	11392	11396	.	.
11399	11411	-	SgeI	CNNGNNNNNNNNN	11422	11398	.	.
11429	11434	+	TsoI	TARCCA	11445	11443	.	.
11428	11440	-	SgeI	CNNGNNNNNNNNN	11451	11427	.	.
11437	11440	-	MspJI	CNNR	11423	11427	.	.
11442	11445	+	MspJI	CNNR	11454	11458	.	.
11452	11464	-	SgeI	CNNGNNNNNNNNN	11475	11451	.	.
11501	11504	+	MboI	GATC	11500	11504	.	.
11501	11511	-	Hin4I	GAYNNNNNVTC	11524	11519	11328	11323
11520	11523	+	MspJI	CNNR	11532	11536	.	.
11544	11550	+	TscAI	CASTGNN	11550	11541	.	.
11544	11548	-	BtsIMutI	CAGTG	11543	11541	.	.
11544	11549	-	BtsI	GCAGTG	11543	11541	.	.
11550	11553	-	MspJI	CNNR	11536	11540	.	.
11553	11556	+	Csp6I	GTAC	11553	11555	.	.
11553	11556	+	RsaI	GTAC	11554	11554	.	.
11559	11562	+	MspJI	CNNR	11571	11575	.	.
11550	11562	-	SgeI	CNNGNNNNNNNNN	11573	11549	.	.
11559	11562	-	MspJI	CNNR	11545	11549	.	.
11568	11573	+	VspI	ATTAAT	11569	11571	.	.
11577	11580	+	MspJI	CNNR	11589	11593	.	.
11575	11587	-	SgeI	CNNGNNNNNNNNN	11598	11574	.	.
11584	11587	-	MspJI	CNNR	11570	11574	.	.
11585	11588	-	AciI	CCGC	11585	11587	.	.
11589	11592	-	MspJI	CNNR	11575	11579	.	.
11592	11597	+	BssNAI	GTATAC	11594	11594	.	.
11592	11597	+	AccI	GTMKAC	11593	11595	.	.
11593	11596	+	FaiI	YATR	11594	11594	.	.
11606	11609	+	MseI	TTAA	11606	11608	.	.
11611	11616	+	SspI	AATATT	11613	11613	.	.
11615	11618	+	MseI	TTAA	11615	11617	.	.
11646	11649	-	MspJI	CNNR	11632	11636	.	.
11649	11652	+	HaeIII	GGCC	11650	11650	.	.
11649	11653	+	BmgT120I	GGNCC	11650	11651	.	.
11649	11653	+	AsuI	GGNCC	11649	11652	.	.
11670	11673	+	MnlI	CCTC	11680	11679	.	.
11668	11673	-	BseRI	GAGGAG	11659	11657	.	.
11671	11676	-	BseRI	GAGGAG	11662	11660	.	.
11684	11687	+	MseI	TTAA	11684	11686	.	.
11702	11705	-	MspJI	CNNR	11688	11692	.	.
11732	11735	+	MspJI	CNNR	11744	11748	.	.
11791	11803	-	SgeI	CNNGNNNNNNNNN	11814	11790	.	.
11833	11843	+	FalI	AAGNNNNNCTT	11824	11819	11691	11686
11833	11843	-	FalI	AAGNNNNNCTT	11856	11851	11659	11654
11935	11938	-	MspJI	CNNR	11921	11925	.	.
11945	11950	+	Hpy178III	TCNNGA	11946	11948	.	.
11946	11958	+	SgeI	CNNGNNNNNNNNN	11958	11934	.	.
11946	11949	+	MspJI	CNNR	11958	11962	.	.
11937	11949	-	SgeI	CNNGNNNNNNNNN	11960	11936	.	.
11944	11949	-	BsiI	CACGAG	11944	11948	.	.
11958	11961	+	FaiI	YATR	11959	11959	.	.
11970	11973	+	MspJI	CNNR	11982	11986	.	.
11973	11976	+	MluCI	AATT	11972	11976	.	.
11975	11980	+	AanI	TTATAA	11977	11977	.	.
11981	11986	+	TsoI	TARCCA	11997	11995	.	.
12018	12021	+	MspJI	CNNR	12030	12034	.	.
12035	12039	+	BccI	CCATC	12043	12044	.	.
12039	12042	+	MspJI	CNNR	12051	12055	.	.
12049	12053	-	TspDTI	ATGAA	12039	12037	.	.
12071	12076	+	SfeI	CTRYAG	12071	12075	.	.
12072	12075	+	FaiI	YATR	12073	12073	.	.
12180	12185	+	SspI	AATATT	12182	12182	.	.
12197	12203	+	TscAI	CASTGNN	12203	12194	.	.
12198	12202	+	Tsp4CI	ACNGT	12200	12199	.	.
12197	12201	-	BtsIMutI	CAGTG	12196	12194	.	.
12216	12219	+	MluCI	AATT	12215	12219	.	.
12238	12241	+	FaiI	YATR	12239	12239	.	.
12278	12281	+	SetI	ASST	12281	12277	.	.
12339	12351	-	SgeI	CNNGNNNNNNNNN	12362	12338	.	.
12348	12351	-	MspJI	CNNR	12334	12338	.	.
12348	12351	-	LpnPI	CCDG	12333	12337	.	.
12347	12352	-	GsaI	CCCAGC	12351	12347	.	.
12347	12352	-	BseYI	CCCAGC	12347	12351	.	.
12359	12362	-	MspJI	CNNR	12345	12349	.	.
12394	12397	+	FaiI	YATR	12395	12395	.	.
12394	12397	-	MspJI	CNNR	12380	12384	.	.
12417	12420	+	CviJI	RGCY	12418	12418	.	.
12419	12422	+	AciI	CCGC	12419	12421	.	.
12420	12423	+	MspJI	CNNR	12432	12436	.	.
12418	12430	-	SgeI	CNNGNNNNNNNNN	12441	12417	.	.
12427	12430	-	MspJI	CNNR	12413	12417	.	.
12460	12465	+	SduI	GDGCHC	12464	12460	.	.
12460	12465	+	HgiJII	GRGCYC	12464	12460	.	.
12458	12461	-	MspJI	CNNR	12444	12448	.	.
12461	12464	+	CviJI	RGCY	12462	12462	.	.
12465	12469	-	FokI	GGATG	12451	12455	.	.
12465	12469	-	BseGI	GGATG	12464	12462	.	.
12471	12474	+	CviJI	RGCY	12472	12472	.	.
12471	12474	+	AluBI	AGCT	12472	12472	.	.
12460	12472	-	SgeI	CNNGNNNNNNNNN	12483	12459	.	.
12469	12472	-	MspJI	CNNR	12455	12459	.	.
12473	12478	+	SfeI	CTRYAG	12473	12477	.	.
12479	12482	-	MspJI	CNNR	12465	12469	.	.
12487	12490	+	MspJI	CNNR	12499	12503	.	.
12491	12494	+	MspJI	CNNR	12503	12507	.	.
12494	12497	+	SetI	ASST	12497	12493	.	.
12495	12498	+	MspJI	CNNR	12507	12511	.	.
12501	12504	+	MspJI	CNNR	12513	12517	.	.
12534	12539	+	Hpy178III	TCNNGA	12535	12537	.	.
12535	12547	+	SgeI	CNNGNNNNNNNNN	12547	12523	.	.
12535	12538	+	MspJI	CNNR	12547	12551	.	.
12526	12538	-	SgeI	CNNGNNNNNNNNN	12549	12525	.	.
12535	12538	-	MspJI	CNNR	12521	12525	.	.
12545	12550	+	TsoI	TARCCA	12561	12559	.	.
12548	12552	+	BccI	CCATC	12556	12557	.	.
12552	12555	+	MspJI	CNNR	12564	12568	.	.
12549	12553	-	FokI	GGATG	12535	12539	.	.
12549	12553	-	BseGI	GGATG	12548	12546	.	.
12601	12604	+	CviJI	RGCY	12602	12602	.	.
12601	12604	+	HaeIII	GGCC	12602	12602	.	.
12599	12602	-	MspJI	CNNR	12585	12589	.	.
12603	12607	+	Hin4II	CCTTC	12613	12612	.	.
12634	12638	+	AsuI	GGNCC	12634	12637	.	.
12631	12635	-	Hin4II	CCTTC	12625	12624	.	.
12636	12639	+	MspJI	CNNR	12648	12652	.	.
12656	12668	-	SgeI	CNNGNNNNNNNNN	12679	12655	.	.
12665	12668	-	MspJI	CNNR	12651	12655	.	.
12663	12668	-	Bce83I	CTTGAG	12648	12646	.	.
12669	12672	+	MspJI	CNNR	12681	12685	.	.
12681	12684	+	SetI	ASST	12684	12680	.	.
12681	12684	+	CviJI	RGCY	12682	12682	.	.
12681	12684	+	AluBI	AGCT	12682	12682	.	.
12684	12687	-	MspJI	CNNR	12670	12674	.	.
12682	12687	-	GsaI	CCCAGC	12686	12682	.	.
12682	12687	-	BseYI	CCCAGC	12682	12686	.	.
12693	12696	+	MspJI	CNNR	12705	12709	.	.
12708	12712	+	BccI	CCATC	12716	12717	.	.
12709	12713	-	FokI	GGATG	12695	12699	.	.
12709	12713	-	BseGI	GGATG	12708	12706	.	.
12735	12738	+	MluCI	AATT	12734	12738	.	.
12737	12741	+	AgsI	TTSAA	12739	12738	.	.
12784	12794	+	MwoI	GCNNNNNNNGC	12790	12787	.	.
12784	12794	+	BstAPI	GCANNNNNTGC	12790	12787	.	.
12798	12801	+	MspJI	CNNR	12810	12814	.	.
12862	12866	+	MaeIII	GTNAC	12861	12866	.	.
12908	12911	+	Csp6I	GTAC	12908	12910	.	.
12908	12911	+	RsaI	GTAC	12909	12909	.	.
12920	12924	-	MboII	GAAGA	12912	12911	.	.
12930	12933	+	FaiI	YATR	12931	12931	.	.
13022	13026	-	HphI	GGTGA	13014	13013	.	.
13035	13038	+	MspJI	CNNR	13047	13051	.	.
13059	13062	+	MspJI	CNNR	13071	13075	.	.
13062	13065	+	SetI	ASST	13065	13061	.	.
13052	13064	-	SgeI	CNNGNNNNNNNNN	13075	13051	.	.
13061	13064	-	LpnPI	CCDG	13046	13050	.	.
13064	13069	+	MjaIV	GTNNAC	13066	13066	.	.
13064	13069	+	BssNAI	GTATAC	13066	13066	.	.
13064	13069	+	AccI	GTMKAC	13065	13067	.	.
13065	13068	+	FaiI	YATR	13066	13066	.	.
13068	13071	+	SetI	ASST	13071	13067	.	.
13098	13101	+	MspJI	CNNR	13110	13114	.	.
13098	13101	+	LpnPI	CCDG	13111	13115	.	.
13100	13105	+	BclI	TGATCA	13100	13104	.	.
13089	13101	-	SgeI	CNNGNNNNNNNNN	13112	13088	.	.
13098	13101	-	MspJI	CNNR	13084	13088	.	.
13101	13104	+	DpnI	GATC	13102	13102	.	.
13101	13104	+	BstKTI	GATC	13103	13101	.	.
13101	13104	+	MboI	GATC	13100	13104	.	.
13106	13109	+	TaqI	TCGA	13106	13108	.	.
13106	13111	+	Hpy178III	TCNNGA	13107	13109	.	.
13107	13110	+	MspJI	CNNR	13119	13123	.	.
13098	13110	-	SgeI	CNNGNNNNNNNNN	13121	13097	.	.
13107	13110	-	MspJI	CNNR	13093	13097	.	.
13125	13130	+	BssNAI	GTATAC	13127	13127	.	.
13125	13130	+	AccI	GTMKAC	13126	13128	.	.
13126	13129	+	FaiI	YATR	13127	13127	.	.
13202	13206	-	MboII	GAAGA	13194	13193	.	.
13242	13245	+	MspJI	CNNR	13254	13258	.	.
13281	13284	+	MspJI	CNNR	13293	13297	.	.
13390	13402	+	SgeI	CNNGNNNNNNNNN	13402	13378	.	.
13390	13393	+	MspJI	CNNR	13402	13406	.	.
13381	13393	-	SgeI	CNNGNNNNNNNNN	13404	13380	.	.
13390	13393	-	MspJI	CNNR	13376	13380	.	.
13395	13398	+	MspJI	CNNR	13407	13411	.	.
13393	13397	-	BceAI	ACGGC	13378	13380	.	.
13404	13409	+	StyI	CCWWGG	13404	13408	.	.
13404	13409	+	SecI	CCNNGG	13404	13408	.	.
13404	13409	+	AvrII	CCTAGG	13404	13408	.	.
13405	13408	+	MspJI	CNNR	13417	13421	.	.
13405	13408	+	MaeI	CTAG	13405	13407	.	.
13407	13410	+	SetI	ASST	13410	13406	.	.
13396	13408	-	SgeI	CNNGNNNNNNNNN	13419	13395	.	.
13405	13408	-	MspJI	CNNR	13391	13395	.	.
13406	13409	-	MspJI	CNNR	13392	13396	.	.
13408	13420	-	SgeI	CNNGNNNNNNNNN	13431	13407	.	.
13426	13437	+	PpiI	GAACNNNNNCTC	13418	13413	13284	13279
13423	13426	-	MspJI	CNNR	13409	13413	.	.
13434	13437	+	MnlI	CCTC	13444	13443	.	.
13437	13440	+	MspJI	CNNR	13449	13453	.	.
13437	13440	+	FaiI	YATR	13438	13438	.	.
13444	13447	+	MspJI	CNNR	13456	13460	.	.
13446	13451	+	StuI	AGGCCT	13448	13448	.	.
13435	13447	-	SgeI	CNNGNNNNNNNNN	13458	13434	.	.
13444	13447	-	MspJI	CNNR	13430	13434	.	.
13447	13450	+	HaeIII	GGCC	13448	13448	.	.
13453	13458	+	ApoI	RAATTY	13453	13457	.	.
13454	13457	+	MluCI	AATT	13453	13457	.	.
13468	13473	+	MmeI	TCCRAC	13493	13491	.	.
13466	13470	-	FokI	GGATG	13452	13456	.	.
13466	13470	-	BseGI	GGATG	13465	13463	.	.
13473	13476	+	MspJI	CNNR	13485	13489	.	.
13473	13476	+	LpnPI	CCDG	13486	13490	.	.
13464	13476	-	SgeI	CNNGNNNNNNNNN	13487	13463	.	.
13473	13476	-	MspJI	CNNR	13459	13463	.	.
13478	13481	+	MseI	TTAA	13478	13480	.	.
13490	13495	+	NspI	RCATGY	13494	13490	.	.
13490	13495	+	AflIII	ACRYGT	13490	13494	.	.
13491	13494	-	MspJI	CNNR	13477	13481	.	.
13498	13501	+	CviJI	RGCY	13499	13499	.	.
13496	13499	-	MspJI	CNNR	13482	13486	.	.
13530	13533	+	SetI	ASST	13533	13529	.	.
13531	13534	+	MspJI	CNNR	13543	13547	.	.
13541	13544	+	SetI	ASST	13544	13540	.	.
13571	13577	+	TscAI	CASTGNN	13577	13568	.	.
13572	13576	+	Tsp4CI	ACNGT	13574	13573	.	.
13571	13575	-	BtsIMutI	CAGTG	13570	13568	.	.
13581	13584	+	FaiI	YATR	13582	13582	.	.
13606	13619	-	AjuI	GAANNNNNNNTTGG	13631	13626	13433	13428
13625	13629	+	AgsI	TTSAA	13627	13626	.	.
13627	13630	+	MspJI	CNNR	13639	13643	.	.
13618	13630	-	SgeI	CNNGNNNNNNNNN	13641	13617	.	.
13627	13630	-	MspJI	CNNR	13613	13617	.	.
13646	13650	+	BccI	CCATC	13654	13655	.	.
13643	13647	-	HphI	GGTGA	13635	13634	.	.
13652	13655	-	MspJI	CNNR	13638	13642	.	.
13668	13671	+	MluCI	AATT	13667	13671	.	.
13670	13673	+	MseI	TTAA	13670	13672	.	.
13692	13695	+	FatI	CATG	13691	13695	.	.
13692	13695	+	FaiI	YATR	13693	13693	.	.
13692	13695	+	NlaIII	CATG	13695	13691	.	.
13692	13695	+	CviAII	CATG	13692	13694	.	.
13690	13694	-	TspDTI	ATGAA	13680	13678	.	.
13683	13695	-	SgeI	CNNGNNNNNNNNN	13706	13682	.	.
13695	13700	+	MjaIV	GTNNAC	13697	13697	.	.
13695	13700	+	HpaI	GTTAAC	13697	13697	.	.
13695	13700	+	HindII	GTYRAC	13697	13697	.	.
13753	13756	+	MluCI	AATT	13752	13756	.	.
13750	13762	-	SgeI	CNNGNNNNNNNNN	13773	13749	.	.
13776	13780	-	BsmAI	GTCTC	13770	13774	.	.
13776	13781	-	Eco31I	GGTCTC	13770	13774	.	.
13784	13787	+	LpnPI	CCDG	13797	13801	.	.
13775	13787	-	SgeI	CNNGNNNNNNNNN	13798	13774	.	.
13814	13826	-	SgeI	CNNGNNNNNNNNN	13837	13813	.	.
13834	13837	+	FaiI	YATR	13835	13835	.	.
13839	13842	+	MnlI	CCTC	13849	13848	.	.
13840	13845	+	Ksp632I	CTCTTC	13846	13849	.	.
13841	13845	-	MboII	GAAGA	13833	13832	.	.
13855	13858	+	SetI	ASST	13858	13854	.	.
13856	13868	-	SgeI	CNNGNNNNNNNNN	13879	13855	.	.
13881	13885	+	DdeI	CTNAG	13881	13884	.	.
13881	13885	+	BspCNI	CTCAG	13894	13892	.	.
13881	13885	+	BseMII	CTCAG	13895	13893	.	.
13885	13889	+	Tsp45I	GTSAC	13884	13889	.	.
13885	13889	+	MaeIII	GTNAC	13884	13889	.	.
13931	13935	-	HphI	GGTGA	13923	13922	.	.
13956	13959	-	MspJI	CNNR	13942	13946	.	.
13959	13963	+	MaeIII	GTNAC	13958	13963	.	.
14014	14025	+	BstXI	CCANNNNNNTGG	14021	14017	.	.
14023	14026	-	MspJI	CNNR	14009	14013	.	.
14034	14039	+	DsaI	CCRYGG	14034	14038	.	.
14034	14039	+	SecI	CCNNGG	14034	14038	.	.
14035	14038	+	MspJI	CNNR	14047	14051	.	.
14033	14036	-	MspJI	CNNR	14019	14023	.	.
14033	14037	-	TspGWI	ACGGA	14023	14021	.	.
14026	14038	-	SgeI	CNNGNNNNNNNNN	14049	14025	.	.
14035	14038	-	MspJI	CNNR	14021	14025	.	.
14037	14042	-	TsoI	TARCCA	14027	14025	.	.
14051	14056	+	MjaIV	GTNNAC	14053	14053	.	.
14051	14056	+	BssNAI	GTATAC	14053	14053	.	.
14051	14056	+	AccI	GTMKAC	14052	14054	.	.
14056	14059	+	MspJI	CNNR	14068	14072	.	.
14074	14077	+	MspJI	CNNR	14086	14090	.	.
14077	14080	+	SetI	ASST	14080	14076	.	.
14105	14110	+	SecI	CCNNGG	14105	14109	.	.
14106	14109	+	MspJI	CNNR	14118	14122	.	.
14106	14109	+	LpnPI	CCDG	14119	14123	.	.
14106	14110	+	BssKI	CCNGG	14105	14110	.	.
14106	14110	+	ScrFI	CCNGG	14107	14108	.	.
14106	14110	+	BciT130I	CCWGG	14107	14108	.	.
14106	14110	+	EcoRII	CCWGG	14105	14110	.	.
14107	14119	+	SgeI	CNNGNNNNNNNNN	14119	14095	.	.
14107	14110	+	MspJI	CNNR	14119	14123	.	.
14097	14109	-	SgeI	CNNGNNNNNNNNN	14120	14096	.	.
14106	14109	-	MspJI	CNNR	14092	14096	.	.
14098	14110	-	SgeI	CNNGNNNNNNNNN	14121	14097	.	.
14107	14110	-	MspJI	CNNR	14093	14097	.	.
14107	14110	-	LpnPI	CCDG	14092	14096	.	.
14134	14137	+	DpnI	GATC	14135	14135	.	.
14134	14137	+	BstKTI	GATC	14136	14134	.	.
14134	14137	+	MboI	GATC	14133	14137	.	.
14134	14138	-	BinI	GGATC	14128	14129	.	.
14169	14172	+	MspJI	CNNR	14181	14185	.	.
14169	14172	+	LpnPI	CCDG	14182	14186	.	.
14171	14174	+	CviJI	RGCY	14172	14172	.	.
14160	14172	-	SgeI	CNNGNNNNNNNNN	14183	14159	.	.
14169	14172	-	MspJI	CNNR	14155	14159	.	.
14176	14180	+	Tsp4CI	ACNGT	14178	14177	.	.
14240	14244	+	TspDTI	ATGAA	14255	14253	.	.
14306	14312	+	TscAI	CASTGNN	14312	14303	.	.
14306	14310	-	BtsIMutI	CAGTG	14305	14303	.	.
14356	14360	-	HphI	GGTGA	14348	14347	.	.
14416	14419	+	MspJI	CNNR	14428	14432	.	.
14416	14420	+	DdeI	CTNAG	14416	14419	.	.
14416	14420	+	BspCNI	CTCAG	14429	14427	.	.
14416	14420	+	BseMII	CTCAG	14430	14428	.	.
14421	14424	-	MspJI	CNNR	14407	14411	.	.
14491	14494	+	FatI	CATG	14490	14494	.	.
14491	14494	+	FaiI	YATR	14492	14492	.	.
14491	14494	+	NlaIII	CATG	14494	14490	.	.
14491	14494	+	CviAII	CATG	14491	14493	.	.
14493	14496	+	CviRI	TGCA	14494	14494	.	.
14482	14494	-	SgeI	CNNGNNNNNNNNN	14505	14481	.	.
14500	14503	+	MspJI	CNNR	14512	14516	.	.
14510	14514	+	BceAI	ACGGC	14526	14528	.	.
14511	14516	+	CfrI	YGGCCR	14511	14515	.	.
14509	14512	-	MspJI	CNNR	14495	14499	.	.
14512	14515	+	HaeIII	GGCC	14513	14513	.	.
14520	14524	+	Hin4II	CCTTC	14530	14529	.	.
14544	14549	+	NmeAIII	GCCGAG	14570	14568	.	.
14547	14552	-	Esp3I	CGTCTC	14541	14545	.	.
14555	14558	+	MluCI	AATT	14554	14558	.	.
14565	14569	+	TfiI	GAWTC	14565	14568	.	.
14565	14569	+	HinfI	GANTC	14565	14568	.	.
14569	14573	-	FokI	GGATG	14555	14559	.	.
14569	14573	-	BseGI	GGATG	14568	14566	.	.
14576	14579	+	FaiI	YATR	14577	14577	.	.
14581	14586	+	NspI	RCATGY	14585	14581	.	.
14582	14591	+	MslI	CAYNNNNRTG	14586	14586	.	.
14582	14585	+	FatI	CATG	14581	14585	.	.
14582	14585	+	FaiI	YATR	14583	14583	.	.
14582	14585	+	NlaIII	CATG	14585	14581	.	.
14582	14585	+	CviAII	CATG	14582	14584	.	.
14610	14613	-	MspJI	CNNR	14596	14600	.	.
14622	14625	+	CviRI	TGCA	14623	14623	.	.
14620	14623	-	MspJI	CNNR	14606	14610	.	.
14621	14626	-	BsgI	GTGCAG	14606	14604	.	.
14615	14627	-	SgeI	CNNGNNNNNNNNN	14638	14614	.	.
14624	14627	-	MspJI	CNNR	14610	14614	.	.
14634	14637	-	MnlI	CCTC	14627	14626	.	.
14656	14659	+	FaiI	YATR	14657	14657	.	.
14663	14667	+	Hpy188I	TCNGA	14665	14664	.	.
14663	14666	-	MspJI	CNNR	14649	14653	.	.
14758	14761	+	SetI	ASST	14761	14757	.	.
14756	14759	-	MspJI	CNNR	14742	14746	.	.
14757	14760	-	MnlI	CCTC	14750	14749	.	.
14772	14776	-	HphI	GGTGA	14764	14763	.	.
14794	14797	-	MspJI	CNNR	14780	14784	.	.
14794	14798	-	TspGWI	ACGGA	14784	14782	.	.
14798	14801	+	FaiI	YATR	14799	14799	.	.
14810	14813	+	CviJI	RGCY	14811	14811	.	.
14799	14811	-	SgeI	CNNGNNNNNNNNN	14822	14798	.	.
14808	14811	-	MspJI	CNNR	14794	14798	.	.
14827	14831	-	BspCNI	CTCAG	14819	14817	.	.
14827	14831	-	BseMII	CTCAG	14818	14816	.	.
14829	14832	-	MnlI	CCTC	14822	14821	.	.
14833	14836	+	MspJI	CNNR	14845	14849	.	.
14832	14835	-	AciI	CCGC	14832	14834	.	.
14824	14836	-	SgeI	CNNGNNNNNNNNN	14847	14823	.	.
14833	14836	-	MspJI	CNNR	14819	14823	.	.
14832	14836	-	FauI	CCCGC	14825	14827	.	.
14843	14848	+	MjaIV	GTNNAC	14845	14845	.	.
14843	14848	+	AccI	GTMKAC	14844	14846	.	.
14848	14851	+	MspJI	CNNR	14860	14864	.	.
14857	14860	+	MspJI	CNNR	14869	14873	.	.
14857	14860	+	LpnPI	CCDG	14870	14874	.	.
14848	14860	-	SgeI	CNNGNNNNNNNNN	14871	14847	.	.
14857	14860	-	MspJI	CNNR	14843	14847	.	.
14887	14890	+	MspJI	CNNR	14899	14903	.	.
14887	14890	+	LpnPI	CCDG	14900	14904	.	.
14884	14888	-	FokI	GGATG	14870	14874	.	.
14884	14888	-	BseGI	GGATG	14883	14881	.	.
14878	14890	-	SgeI	CNNGNNNNNNNNN	14901	14877	.	.
14887	14890	-	MspJI	CNNR	14873	14877	.	.
14902	14905	+	MspJI	CNNR	14914	14918	.	.
14902	14906	+	DdeI	CTNAG	14902	14905	.	.
14902	14906	+	BspCNI	CTCAG	14915	14913	.	.
14902	14906	+	BseMII	CTCAG	14916	14914	.	.
14903	14906	-	MspJI	CNNR	14889	14893	.	.
14958	14964	+	SauI	CCTNAGG	14959	14962	.	.
14959	14962	+	MspJI	CNNR	14971	14975	.	.
14959	14963	+	DdeI	CTNAG	14959	14962	.	.
14959	14963	+	BspCNI	CTCAG	14972	14970	.	.
14959	14963	+	BseMII	CTCAG	14973	14971	.	.
14960	14963	-	MspJI	CNNR	14946	14950	.	.
14952	14964	-	SgeI	CNNGNNNNNNNNN	14975	14951	.	.
14961	14964	-	MspJI	CNNR	14947	14951	.	.
14961	14964	-	LpnPI	CCDG	14946	14950	.	.
14968	14971	+	MspJI	CNNR	14980	14984	.	.
14972	14976	+	Hpy188I	TCNGA	14974	14973	.	.
14970	14974	-	FokI	GGATG	14956	14960	.	.
14970	14974	-	BseGI	GGATG	14969	14967	.	.
14975	14979	-	PleI	GAGTC	14969	14970	.	.
15005	15008	+	FaiI	YATR	15006	15006	.	.
15025	15028	+	SetI	ASST	15028	15024	.	.
15014	15026	-	SgeI	CNNGNNNNNNNNN	15037	15013	.	.
15023	15026	-	MspJI	CNNR	15009	15013	.	.
15024	15027	-	MspJI	CNNR	15010	15014	.	.
15043	15046	+	MspJI	CNNR	15055	15059	.	.
15083	15086	+	MspJI	CNNR	15095	15099	.	.
15083	15086	+	MaeI	CTAG	15083	15085	.	.
15074	15086	-	SgeI	CNNGNNNNNNNNN	15097	15073	.	.
15083	15086	-	MspJI	CNNR	15069	15073	.	.
15103	15107	-	BseGI	GGATG	15102	15100	.	.
15098	15110	-	SgeI	CNNGNNNNNNNNN	15121	15097	.	.
15107	15110	-	MspJI	CNNR	15093	15097	.	.
15142	15145	+	SetI	ASST	15145	15141	.	.
15144	15148	+	DdeI	CTNAG	15144	15147	.	.
15134	15146	-	SgeI	CNNGNNNNNNNNN	15157	15133	.	.
15143	15146	-	MspJI	CNNR	15129	15133	.	.
15144	15148	-	BspCNI	CTCAG	15136	15134	.	.
15144	15148	-	BseMII	CTCAG	15135	15133	.	.
15193	15196	+	MspJI	CNNR	15205	15209	.	.
15202	15205	+	SetI	ASST	15205	15201	.	.
15201	15204	-	MnlI	CCTC	15194	15193	.	.
15204	15209	+	MjaIV	GTNNAC	15206	15206	.	.
15205	15210	+	TatI	WGTACW	15205	15209	.	.
15214	15218	+	DdeI	CTNAG	15214	15217	.	.
15218	15223	-	BbvII	GAAGAC	15211	15215	.	.
15225	15229	+	BccI	CCATC	15233	15234	.	.
15229	15232	+	MspJI	CNNR	15241	15245	.	.
15230	15233	+	MspJI	CNNR	15242	15246	.	.
15226	15230	-	FokI	GGATG	15212	15216	.	.
15226	15230	-	BseGI	GGATG	15225	15223	.	.
15230	15233	+	MaeI	CTAG	15230	15232	.	.
15232	15237	+	TatI	WGTACW	15232	15236	.	.
15232	15237	+	ScaI	AGTACT	15234	15234	.	.
15221	15233	-	SgeI	CNNGNNNNNNNNN	15244	15220	.	.
15230	15233	-	MspJI	CNNR	15216	15220	.	.
15233	15236	+	Csp6I	GTAC	15233	15235	.	.
15233	15236	+	RsaI	GTAC	15234	15234	.	.
15238	15241	+	CviJI	RGCY	15239	15239	.	.
15238	15241	+	AluBI	AGCT	15239	15239	.	.
15227	15239	-	SgeI	CNNGNNNNNNNNN	15250	15226	.	.
15236	15239	-	MspJI	CNNR	15222	15226	.	.
15348	15351	-	MspJI	CNNR	15334	15338	.	.
15354	15359	+	MjaIV	GTNNAC	15356	15356	.	.
15354	15359	+	HindII	GTYRAC	15356	15356	.	.
15351	15354	-	AciI	CCGC	15351	15353	.	.
15365	15370	+	SduI	GDGCHC	15369	15365	.	.
15365	15370	+	HgiAI	GWGCWC	15369	15365	.	.
15370	15373	+	MspJI	CNNR	15382	15386	.	.
15361	15373	-	SgeI	CNNGNNNNNNNNN	15384	15360	.	.
15370	15373	-	MspJI	CNNR	15356	15360	.	.
15410	15414	-	TspDTI	ATGAA	15400	15398	.	.
15418	15421	+	MnlI	CCTC	15428	15427	.	.
15422	15425	+	MaeI	CTAG	15422	15424	.	.
15413	15425	-	SgeI	CNNGNNNNNNNNN	15436	15412	.	.
15422	15425	-	MspJI	CNNR	15408	15412	.	.
15450	15455	+	Hpy178III	TCNNGA	15451	15453	.	.
15451	15454	+	MspJI	CNNR	15463	15467	.	.
15442	15454	-	SgeI	CNNGNNNNNNNNN	15465	15441	.	.
15451	15454	-	MspJI	CNNR	15437	15441	.	.
15459	15464	+	BspLU11I	ACATGT	15459	15463	.	.
15459	15464	+	NspI	RCATGY	15463	15459	.	.
15459	15464	+	AflIII	ACRYGT	15459	15463	.	.
15460	15463	+	FatI	CATG	15459	15463	.	.
15460	15463	+	FaiI	YATR	15461	15461	.	.
15460	15463	+	NlaIII	CATG	15463	15459	.	.
15460	15463	+	CviAII	CATG	15460	15462	.	.
15451	15463	-	SgeI	CNNGNNNNNNNNN	15474	15450	.	.
15517	15520	+	MspJI	CNNR	15529	15533	.	.
15508	15520	-	SgeI	CNNGNNNNNNNNN	15531	15507	.	.
15517	15520	-	MspJI	CNNR	15503	15507	.	.
15529	15539	+	BsaXI	ACNNNNNCTCC	15519	15516	15374	15371
15531	15534	+	MspJI	CNNR	15543	15547	.	.
15616	15620	+	TfiI	GAWTC	15616	15619	.	.
15613	15616	-	MspJI	CNNR	15599	15603	.	.
15616	15620	+	HinfI	GANTC	15616	15619	.	.
15637	15640	+	MnlI	CCTC	15647	15646	.	.
15649	15652	+	MspJI	CNNR	15661	15665	.	.
15654	15657	+	MluCI	AATT	15653	15657	.	.
15657	15660	-	MspJI	CNNR	15643	15647	.	.
15709	15721	-	SgeI	CNNGNNNNNNNNN	15732	15708	.	.
15718	15722	-	BsrI	ACTGG	15718	15716	.	.
15717	15722	-	BfiI	ACTGGG	15712	15711	.	.
15873	15876	-	MspJI	CNNR	15859	15863	.	.
16083	16086	+	SetI	ASST	16086	16082	.	.
16085	16088	+	MspJI	CNNR	16097	16101	.	.
16085	16088	+	MaeI	CTAG	16085	16087	.	.
16081	16085	-	HphI	GGTGA	16073	16072	.	.
16076	16088	-	SgeI	CNNGNNNNNNNNN	16099	16075	.	.
16085	16088	-	MspJI	CNNR	16071	16075	.	.
16108	16120	-	SgeI	CNNGNNNNNNNNN	16131	16107	.	.
16143	16148	+	AflIII	ACRYGT	16143	16147	.	.
16135	16147	-	SgeI	CNNGNNNNNNNNN	16158	16134	.	.
16147	16150	+	Csp6I	GTAC	16147	16149	.	.
16147	16150	+	RsaI	GTAC	16148	16148	.	.
16171	16174	+	MseI	TTAA	16171	16173	.	.
16184	16188	+	MaeIII	GTNAC	16183	16188	.	.
16273	16276	-	MspJI	CNNR	16259	16263	.	.
16347	16350	+	MseI	TTAA	16347	16349	.	.
16349	16352	+	MluCI	AATT	16348	16352	.	.
16356	16359	-	MspJI	CNNR	16342	16346	.	.
16495	16498	+	AciI	CCGC	16495	16497	.	.
16494	16497	-	MspJI	CNNR	16480	16484	.	.
16497	16501	+	BmsI	GCATC	16506	16510	.	.
16506	16510	+	BceAI	ACGGC	16522	16524	.	.
16496	16508	-	SgeI	CNNGNNNNNNNNN	16519	16495	.	.
16505	16508	-	MspJI	CNNR	16491	16495	.	.
16508	16511	+	CviJI	RGCY	16509	16509	.	.
16511	16514	+	FaiI	YATR	16512	16512	.	.
16517	16520	+	SetI	ASST	16520	16516	.	.
16515	16518	-	MspJI	CNNR	16501	16505	.	.
16589	16592	+	MspJI	CNNR	16601	16605	.	.
16593	16596	+	FaiI	YATR	16594	16594	.	.
16595	16598	-	MspJI	CNNR	16581	16585	.	.
16598	16601	+	RsaI	GTAC	16599	16599	.	.
16603	16606	+	FaiI	YATR	16604	16604	.	.
16605	16608	-	MspJI	CNNR	16591	16595	.	.
16608	16611	+	RsaI	GTAC	16609	16609	.	.
16613	16616	+	FaiI	YATR	16614	16614	.	.
16618	16621	+	RsaI	GTAC	16619	16619	.	.
16623	16626	+	FaiI	YATR	16624	16624	.	.
16625	16628	-	MspJI	CNNR	16611	16615	.	.
16628	16631	+	RsaI	GTAC	16629	16629	.	.
16633	16636	+	FaiI	YATR	16634	16634	.	.
16635	16638	-	MspJI	CNNR	16621	16625	.	.
16638	16641	+	RsaI	GTAC	16639	16639	.	.
16643	16646	+	FaiI	YATR	16644	16644	.	.
16645	16648	-	MspJI	CNNR	16631	16635	.	.
16648	16651	+	RsaI	GTAC	16649	16649	.	.
16653	16656	+	FaiI	YATR	16654	16654	.	.
16655	16658	-	MspJI	CNNR	16641	16645	.	.
16658	16661	+	RsaI	GTAC	16659	16659	.	.
16663	16666	+	FaiI	YATR	16664	16664	.	.
16665	16668	-	MspJI	CNNR	16651	16655	.	.
16668	16671	+	RsaI	GTAC	16669	16669	.	.
16673	16676	+	FaiI	YATR	16674	16674	.	.
16675	16678	-	MspJI	CNNR	16661	16665	.	.
16678	16681	+	RsaI	GTAC	16679	16679	.	.
16683	16686	+	FaiI	YATR	16684	16684	.	.
16685	16688	-	MspJI	CNNR	16671	16675	.	.
16688	16691	+	RsaI	GTAC	16689	16689	.	.
16693	16696	+	FaiI	YATR	16694	16694	.	.
16695	16698	-	MspJI	CNNR	16681	16685	.	.
16698	16701	+	RsaI	GTAC	16699	16699	.	.
16703	16706	+	FaiI	YATR	16704	16704	.	.
16705	16708	-	MspJI	CNNR	16691	16695	.	.
16708	16711	+	RsaI	GTAC	16709	16709	.	.
16713	16716	+	FaiI	YATR	16714	16714	.	.
16715	16718	-	MspJI	CNNR	16701	16705	.	.
16718	16721	+	RsaI	GTAC	16719	16719	.	.
16723	16726	+	FaiI	YATR	16724	16724	.	.
16725	16728	-	MspJI	CNNR	16711	16715	.	.
16728	16731	+	RsaI	GTAC	16729	16729	.	.
16733	16736	+	FaiI	YATR	16734	16734	.	.
16735	16738	-	MspJI	CNNR	16721	16725	.	.
16738	16741	+	RsaI	GTAC	16739	16739	.	.
16743	16746	+	FaiI	YATR	16744	16744	.	.
16745	16748	-	MspJI	CNNR	16731	16735	.	.
16748	16751	+	RsaI	GTAC	16749	16749	.	.
16753	16756	+	FaiI	YATR	16754	16754	.	.
16755	16758	-	MspJI	CNNR	16741	16745	.	.
16758	16761	+	RsaI	GTAC	16759	16759	.	.
16763	16766	+	FaiI	YATR	16764	16764	.	.
16765	16768	-	MspJI	CNNR	16751	16755	.	.
16768	16771	+	RsaI	GTAC	16769	16769	.	.
16773	16776	+	FaiI	YATR	16774	16774	.	.
16775	16778	-	MspJI	CNNR	16761	16765	.	.
16778	16781	+	RsaI	GTAC	16779	16779	.	.
16783	16786	+	FaiI	YATR	16784	16784	.	.
16785	16788	-	MspJI	CNNR	16771	16775	.	.
16788	16791	+	RsaI	GTAC	16789	16789	.	.
16793	16796	+	FaiI	YATR	16794	16794	.	.
16795	16798	-	MspJI	CNNR	16781	16785	.	.
16798	16801	+	RsaI	GTAC	16799	16799	.	.
16803	16806	+	FaiI	YATR	16804	16804	.	.
16806	16809	+	TaiI	ACGT	16809	16805	.	.
16806	16809	+	SetI	ASST	16809	16805	.	.
16806	16809	+	MaeII	ACGT	16806	16808	.	.
16807	16810	+	MspJI	CNNR	16819	16823	.	.
16805	16808	-	MspJI	CNNR	16791	16795	.	.
16808	16811	+	Csp6I	GTAC	16808	16810	.	.
16808	16811	+	RsaI	GTAC	16809	16809	.	.
16813	16816	+	MspJI	CNNR	16825	16829	.	.
16813	16816	+	FaiI	YATR	16814	16814	.	.
16815	16820	+	BsaAI	YACGTR	16817	16817	.	.
16816	16819	+	SetI	ASST	16819	16815	.	.
16816	16819	+	MaeII	ACGT	16816	16818	.	.
16815	16818	-	MspJI	CNNR	16801	16805	.	.
16821	16824	+	MspJI	CNNR	16833	16837	.	.
16823	16826	+	FaiI	YATR	16824	16824	.	.
16833	16836	+	FaiI	YATR	16834	16834	.	.
16842	16845	+	MspJI	CNNR	16854	16858	.	.
16842	16845	+	FnuDII	CGCG	16843	16843	.	.
16840	16843	-	MspJI	CNNR	16826	16830	.	.
16833	16845	-	SgeI	CNNGNNNNNNNNN	16856	16832	.	.
16845	16850	+	MjaIV	GTNNAC	16847	16847	.	.
16845	16850	+	BssNAI	GTATAC	16847	16847	.	.
16845	16850	+	AccI	GTMKAC	16846	16848	.	.
16846	16849	+	FaiI	YATR	16847	16847	.	.
17155	17160	+	TatI	WGTACW	17155	17159	.	.
17159	17162	+	MspJI	CNNR	17171	17175	.	.
17366	17369	+	SetI	ASST	17369	17365	.	.
17366	17369	+	CviJI	RGCY	17367	17367	.	.
17366	17369	+	AluBI	AGCT	17367	17367	.	.
17379	17382	+	MspJI	CNNR	17391	17395	.	.
17370	17382	-	SgeI	CNNGNNNNNNNNN	17393	17369	.	.
17379	17382	-	MspJI	CNNR	17365	17369	.	.
17559	17563	+	AgsI	TTSAA	17561	17560	.	.
17564	17568	+	Tsp45I	GTSAC	17563	17568	.	.
17564	17568	+	MaeIII	GTNAC	17563	17568	.	.
17570	17573	+	FaiI	YATR	17571	17571	.	.
17578	17582	+	BsrI	ACTGG	17583	17581	.	.
17579	17582	+	MspJI	CNNR	17591	17595	.	.
17581	17586	+	NlaIV	GGNNCC	17583	17583	.	.
17581	17586	+	HgiCI	GGYRCC	17581	17585	.	.
17570	17582	-	SgeI	CNNGNNNNNNNNN	17593	17569	.	.
17579	17582	-	MspJI	CNNR	17565	17569	.	.
17579	17582	-	LpnPI	CCDG	17564	17568	.	.
17630	17633	-	MspJI	CNNR	17616	17620	.	.
17641	17644	+	FaiI	YATR	17642	17642	.	.
17646	17649	+	MspJI	CNNR	17658	17662	.	.
17678	17681	+	SetI	ASST	17681	17677	.	.
17678	17681	+	CviJI	RGCY	17679	17679	.	.
17678	17681	+	AluBI	AGCT	17679	17679	.	.
17866	17870	+	AgsI	TTSAA	17868	17867	.	.
17907	17912	+	SspI	AATATT	17909	17909	.	.
17921	17924	+	MspJI	CNNR	17933	17937	.	.
18057	18060	+	MseI	TTAA	18057	18059	.	.
