['SacII', 0, 0, 2]
['PacI', 0, 0, 2]
['XmaIII', 0, 0, 1]
['PmeI', 0, 0, 2]
['ClaI', 0, 0, 1]
['McrI', 0, 1, 1]
['KflI', 0, 1, 0]
['PasI', 0, 1, 1]
['EspI', 0, 1, 2]
['Cfr9I', 0, 1, 0]
['BseYI', 1, 0, 0]
['DinI', 0, 1, 0]
['GsaI', 1, 0, 0]
['XmnI', 0, 1, 2]
['ApaLI', 0, 1, 0]
['XhoI', 0, 1, 0]
['BspQI', 0, 1, 1]
['EcoNI', 0, 1, 0]
['NmeAIII', 0, 1, 1]
['AarI', 1, 0, 0]
['KasI', 0, 1, 0]
['AclI', 1, 0, 0]
['SmaI', 0, 1, 0]
['AflII', 1, 1, 0]
['EcoRI', 0, 2, 1]
['AjuI', 0, 2, 2]
['BsrDI', 1, 1, 0]
['PmaCI', 0, 2, 0]
['BbvII', 1, 1, 1]
['BfoI', 1, 1, 2]
['NaeI', 2, 0, 0]
['DrdI', 0, 2, 1]
['BarI', 0, 2, 3]
['BaeI', 0, 2, 1]
['AcyI', 0, 2, 0]
['ArsI', 0, 2, 2]
['PpiI', 0, 2, 0]
['BstXI', 0, 2, 0]
['Bsp1407I', 1, 1, 0]
['BcgI', 1, 1, 0]
['AlwNI', 1, 1, 1]
['BspLU11I', 1, 1, 3]
['BstAPI', 0, 2, 2]
['MroNI', 2, 0, 0]
['CsiI', 2, 0, 0]
['DraIII', 1, 1, 0]
['BstEII', 1, 2, 1]
['XcmI', 0, 3, 1]
['PflMI', 0, 3, 0]
['PstI', 0, 3, 0]
['BssNAI', 2, 1, 0]
['BtgZI', 1, 2, 0]
['BsrBI', 2, 1, 0]
['Tth111I', 0, 3, 0]
['BtrI', 0, 3, 0]
['Cfr10I', 2, 1, 0]
['ApaI', 0, 3, 1]
['Bsp120I', 0, 3, 1]
['XbaI', 3, 0, 2]
['BsiI', 1, 2, 3]
['SwaI', 2, 1, 0]
['NheI', 1, 3, 1]
['BplI', 0, 4, 0]
['BmtI', 1, 3, 1]
['NspBII', 2, 2, 2]
['BspMII', 4, 0, 0]
['Ecl136II', 2, 2, 2]
['PpuMI', 0, 4, 0]
['BbvCI', 2, 2, 0]
['NdeI', 1, 3, 2]
['BciVI', 2, 2, 3]
['BspMI', 3, 1, 0]
['PcsI', 0, 4, 0]
['SauI', 2, 2, 0]
['BaeGI', 0, 4, 1]
['CspCI', 2, 2, 0]
['SacI', 2, 2, 2]
['Esp3I', 0, 4, 0]
['AloI', 0, 4, 0]
['SpeI', 0, 4, 3]
['BclI', 1, 3, 3]
['EcoRV', 1, 4, 0]
['BsaBI', 3, 2, 2]
['BglII', 0, 5, 0]
['Eam1105I', 2, 3, 0]
['ScaI', 3, 2, 0]
['BglI', 1, 4, 0]
['HindIII', 2, 3, 1]
['GsuI', 0, 5, 0]
['HgiCI', 1, 4, 0]
['HpaI', 2, 3, 3]
['BalI', 3, 2, 2]
['EcoT22I', 2, 3, 1]
['BspHI', 2, 4, 1]
['AsuII', 0, 6, 0]
['TstI', 2, 4, 0]
['NcoI', 2, 4, 0]
['AvrII', 2, 4, 2]
['FnuDII', 0, 6, 2]
['EciI', 2, 4, 0]
['HgaI', 1, 5, 0]
['TauI', 0, 6, 6]
['DsaI', 1, 5, 5]
['Hpy99I', 0, 6, 2]
['BetI', 4, 2, 1]
['BtsI', 3, 4, 2]
['BamHI', 3, 4, 0]
['DraII', 1, 6, 1]
['HhaI', 2, 5, 2]
['GlaI', 2, 5, 2]
['Bpu10I', 2, 5, 4]
['Hin6I', 2, 5, 2]
['SmlI', 3, 4, 5]
['BsgI', 1, 7, 1]
['Bce83I', 4, 4, 3]
['Eco57I', 1, 7, 1]
['AvaI', 3, 5, 1]
['Eco31I', 2, 6, 0]
['AvaII', 1, 7, 5]
['EcoP15I', 2, 6, 3]
['MfeI', 1, 8, 1]
['CauII', 4, 5, 4]
['HgiAI', 4, 5, 0]
['BfiI', 3, 6, 3]
['AhaIII', 0, 9, 7]
['CfrI', 6, 4, 2]
['Ksp632I', 1, 9, 3]
['BsmI', 3, 7, 1]
['XhoII', 1, 10, 5]
['StuI', 4, 7, 3]
['BseRI', 6, 5, 5]
['AccI', 5, 6, 1]
['NspI', 6, 5, 2]
['Eco57MI', 1, 10, 1]
['FauI', 4, 8, 5]
['TseI', 3, 9, 5]
['FalI', 2, 10, 2]
['HindII', 6, 6, 5]
['BsaXI', 4, 9, 1]
['MslI', 4, 9, 3]
['BceAI', 5, 8, 6]
['SplI', 1, 12, 0]
['TatI', 8, 5, 4]
['AanI', 3, 10, 1]
['SspI', 2, 12, 2]
['SnaBI', 1, 13, 1]
['BciT130I', 5, 9, 9]
['BbvI', 1, 13, 7]
['MmeI', 3, 11, 3]
['BdaI', 4, 10, 0]
['Tsp45I', 6, 9, 5]
['EcoRII', 5, 10, 9]
['TaqII', 4, 11, 1]
['SfeI', 3, 13, 3]
['StyI', 5, 11, 3]
['TspGWI', 6, 10, 4]
['BlsI', 2, 15, 12]
['BssKI', 7, 11, 15]
['BsmAI', 3, 15, 4]
['HgiJII', 7, 11, 7]
['Fnu4HI', 3, 15, 11]
['SduI', 7, 12, 7]
['VspI', 7, 12, 5]
['PleI', 2, 17, 4]
['MlyI', 2, 17, 4]
['Cac8I', 6, 14, 8]
['BmsI', 10, 10, 8]
['HpaII', 10, 11, 7]
['TfiI', 8, 13, 11]
['ScrFI', 8, 13, 14]
['BslFI', 9, 13, 1]
['NlaIV', 3, 21, 11]
['ApoI', 6, 19, 10]
['BinI', 11, 16, 2]
['AgsI', 5, 22, 22]
['TscAI', 5, 24, 6]
['Hin4II', 8, 22, 9]
['BsrI', 8, 22, 7]
['AflIII', 3, 28, 1]
['DpnI', 6, 25, 13]
['Tsp4CI', 6, 25, 14]
['BtsIMutI', 6, 25, 5]
['BsiYI', 10, 22, 14]
['BmgT120I', 7, 25, 11]
['SecI', 10, 22, 11]
['BspCNI', 12, 22, 4]
['BseMII', 12, 22, 4]
['TaqI', 7, 27, 9]
['MboII', 9, 25, 13]
['BstKTI', 7, 27, 12]
['MboI', 8, 27, 11]
['MwoI', 10, 25, 16]
['TsoI', 13, 22, 6]
['HphI', 15, 21, 10]
['Hin4I', 12, 24, 9]
['MaeIII', 12, 25, 11]
['AsuI', 11, 28, 7]
['Hpy178III', 17, 22, 14]
['BccI', 13, 28, 10]
['Hpy188I', 8, 34, 26]
['FokI', 17, 25, 8]
['BsaAI', 2, 40, 1]
['CviRI', 11, 33, 15]
['BseGI', 19, 26, 6]
['HinfI', 13, 33, 12]
['DdeI', 13, 35, 17]
['HaeIII', 20, 31, 12]
['TspDTI', 13, 39, 19]
['AciI', 16, 38, 14]
['MjaIV', 12, 42, 13]
['FatI', 17, 42, 17]
['TaiI', 5, 56, 3]
['NlaIII', 19, 45, 15]
['MaeII', 6, 58, 2]
['CviAII', 19, 45, 15]
['MaeI', 28, 36, 32]
['AluBI', 18, 49, 28]
['RsaI', 14, 56, 10]
['Csp6I', 14, 56, 10]
['MseI', 24, 74, 65]
['MnlI', 44, 89, 42]
['MluCI', 29, 108, 34]
['LpnPI', 54, 146, 81]
['CviJI', 67, 140, 112]
['SetI', 57, 168, 86]
['FaiI', 83, 250, 135]
['SgeI', 257, 711, 477]
['MspJI', 634, 1852, 1226]
